[2023-11-29T23:16:41.433+0200] {taskinstance.py:1159} INFO - Dependencies all met for dep_context=non-requeueable deps ti=<TaskInstance: lviv_weather.inject_data manual__2023-11-29T21:15:13.186942+00:00 [queued]>
[2023-11-29T23:16:41.438+0200] {taskinstance.py:1159} INFO - Dependencies all met for dep_context=requeueable deps ti=<TaskInstance: lviv_weather.inject_data manual__2023-11-29T21:15:13.186942+00:00 [queued]>
[2023-11-29T23:16:41.438+0200] {taskinstance.py:1361} INFO - Starting attempt 1 of 1
[2023-11-29T23:16:41.455+0200] {taskinstance.py:1382} INFO - Executing <Task(SqliteOperator): inject_data> on 2023-11-29 21:15:13.186942+00:00
[2023-11-29T23:16:41.457+0200] {standard_task_runner.py:57} INFO - Started process 114071 to run task
[2023-11-29T23:16:41.459+0200] {standard_task_runner.py:84} INFO - Running: ['airflow', 'tasks', 'run', 'lviv_weather', 'inject_data', 'manual__2023-11-29T21:15:13.186942+00:00', '--job-id', '87', '--raw', '--subdir', 'DAGS_FOLDER/lviv_weather.py', '--cfg-path', '/tmp/tmpuf2fqr3b']
[2023-11-29T23:16:41.460+0200] {standard_task_runner.py:85} INFO - Job 87: Subtask inject_data
[2023-11-29T23:16:41.487+0200] {task_command.py:416} INFO - Running <TaskInstance: lviv_weather.inject_data manual__2023-11-29T21:15:13.186942+00:00 [running]> on host yurabd.
[2023-11-29T23:16:41.557+0200] {taskinstance.py:1662} INFO - Exporting env vars: AIRFLOW_CTX_DAG_OWNER='airflow' AIRFLOW_CTX_DAG_ID='lviv_weather' AIRFLOW_CTX_TASK_ID='inject_data' AIRFLOW_CTX_EXECUTION_DATE='2023-11-29T21:15:13.186942+00:00' AIRFLOW_CTX_TRY_NUMBER='1' AIRFLOW_CTX_DAG_RUN_ID='manual__2023-11-29T21:15:13.186942+00:00'
[2023-11-29T23:16:41.557+0200] {sql.py:274} INFO - Executing: 
        INSERT INTO measures (timestamp, date, temp) VALUES
        (1701292567,
        "2023-11-29 21:16:07",
        -7.93);
        
[2023-11-29T23:16:41.560+0200] {base.py:73} INFO - Using connection ID 'airflow_conn' for task execution.
[2023-11-29T23:16:43.624+0200] {base.py:73} INFO - Using connection ID 'airflow_conn' for task execution.
[2023-11-29T23:16:43.626+0200] {sql.py:418} INFO - Running statement: 
        INSERT INTO measures (timestamp, date, temp) VALUES
        (1701292567,
        "2023-11-29 21:16:07",
        -7.93);
        , parameters: None
[2023-11-29T23:16:43.631+0200] {sql.py:427} INFO - Rows affected: 1
[2023-11-29T23:16:44.328+0200] {taskinstance.py:1400} INFO - Marking task as SUCCESS. dag_id=lviv_weather, task_id=inject_data, execution_date=20231129T211513, start_date=20231129T211641, end_date=20231129T211644
[2023-11-29T23:16:44.362+0200] {local_task_job_runner.py:228} INFO - Task exited with return code 0
[2023-11-29T23:16:44.370+0200] {taskinstance.py:2778} INFO - 0 downstream tasks scheduled from follow-on schedule check
