[2023-12-01T20:23:03.818+0200] {taskinstance.py:1159} INFO - Dependencies all met for dep_context=non-requeueable deps ti=<TaskInstance: lviv_weather.inject_data_Kharkiv scheduled__2023-11-30T00:00:00+00:00 [queued]>
[2023-12-01T20:23:03.847+0200] {taskinstance.py:1159} INFO - Dependencies all met for dep_context=requeueable deps ti=<TaskInstance: lviv_weather.inject_data_Kharkiv scheduled__2023-11-30T00:00:00+00:00 [queued]>
[2023-12-01T20:23:03.847+0200] {taskinstance.py:1361} INFO - Starting attempt 1 of 1
[2023-12-01T20:23:03.891+0200] {taskinstance.py:1382} INFO - Executing <Task(PostgresOperator): inject_data_Kharkiv> on 2023-11-30 00:00:00+00:00
[2023-12-01T20:23:03.899+0200] {standard_task_runner.py:57} INFO - Started process 1455 to run task
[2023-12-01T20:23:03.904+0200] {standard_task_runner.py:84} INFO - Running: ['airflow', 'tasks', 'run', 'lviv_weather', 'inject_data_Kharkiv', 'scheduled__2023-11-30T00:00:00+00:00', '--job-id', '249', '--raw', '--subdir', 'DAGS_FOLDER/lviv_weather.py', '--cfg-path', '/tmp/tmpeg4iu80v']
[2023-12-01T20:23:03.908+0200] {standard_task_runner.py:85} INFO - Job 249: Subtask inject_data_Kharkiv
[2023-12-01T20:23:04.057+0200] {task_command.py:416} INFO - Running <TaskInstance: lviv_weather.inject_data_Kharkiv scheduled__2023-11-30T00:00:00+00:00 [running]> on host yurabd.
[2023-12-01T20:23:04.819+0200] {taskinstance.py:1662} INFO - Exporting env vars: AIRFLOW_CTX_DAG_OWNER='airflow' AIRFLOW_CTX_DAG_ID='lviv_weather' AIRFLOW_CTX_TASK_ID='inject_data_Kharkiv' AIRFLOW_CTX_EXECUTION_DATE='2023-11-30T00:00:00+00:00' AIRFLOW_CTX_TRY_NUMBER='1' AIRFLOW_CTX_DAG_RUN_ID='scheduled__2023-11-30T00:00:00+00:00'
[2023-12-01T20:23:04.820+0200] {sql.py:274} INFO - Executing: 
            INSERT INTO measures (city, timestamp, date, temp, humidity, clouds, wind_speed) VALUES
            ('Kharkiv',
            to_timestamp(1701302400),
            '2023-11-30 00:00:00',
            -0.39,
            77,
            100,
            5.49);
            
[2023-12-01T20:23:04.838+0200] {base.py:73} INFO - Using connection ID 'postgres_conn' for task execution.
[2023-12-01T20:23:04.930+0200] {base.py:73} INFO - Using connection ID 'postgres_conn' for task execution.
[2023-12-01T20:23:04.948+0200] {sql.py:418} INFO - Running statement: 
            INSERT INTO measures (city, timestamp, date, temp, humidity, clouds, wind_speed) VALUES
            ('Kharkiv',
            to_timestamp(1701302400),
            '2023-11-30 00:00:00',
            -0.39,
            77,
            100,
            5.49);
            , parameters: None
[2023-12-01T20:23:04.953+0200] {sql.py:427} INFO - Rows affected: 1
[2023-12-01T20:23:04.993+0200] {taskinstance.py:1400} INFO - Marking task as SUCCESS. dag_id=lviv_weather, task_id=inject_data_Kharkiv, execution_date=20231130T000000, start_date=20231201T182303, end_date=20231201T182304
[2023-12-01T20:23:05.086+0200] {local_task_job_runner.py:228} INFO - Task exited with return code 0
[2023-12-01T20:23:05.119+0200] {taskinstance.py:2778} INFO - 0 downstream tasks scheduled from follow-on schedule check
