[2023-12-01T20:30:23.606+0200] {taskinstance.py:1159} INFO - Dependencies all met for dep_context=non-requeueable deps ti=<TaskInstance: lviv_weather.inject_data_Zhmerynka scheduled__2023-11-11T00:00:00+00:00 [queued]>
[2023-12-01T20:30:23.630+0200] {taskinstance.py:1159} INFO - Dependencies all met for dep_context=requeueable deps ti=<TaskInstance: lviv_weather.inject_data_Zhmerynka scheduled__2023-11-11T00:00:00+00:00 [queued]>
[2023-12-01T20:30:23.630+0200] {taskinstance.py:1361} INFO - Starting attempt 1 of 1
[2023-12-01T20:30:23.689+0200] {taskinstance.py:1382} INFO - Executing <Task(PostgresOperator): inject_data_Zhmerynka> on 2023-11-11 00:00:00+00:00
[2023-12-01T20:30:23.697+0200] {standard_task_runner.py:57} INFO - Started process 2478 to run task
[2023-12-01T20:30:23.702+0200] {standard_task_runner.py:84} INFO - Running: ['airflow', 'tasks', 'run', 'lviv_weather', 'inject_data_Zhmerynka', 'scheduled__2023-11-11T00:00:00+00:00', '--job-id', '284', '--raw', '--subdir', 'DAGS_FOLDER/lviv_weather.py', '--cfg-path', '/tmp/tmpddmhim2g']
[2023-12-01T20:30:23.706+0200] {standard_task_runner.py:85} INFO - Job 284: Subtask inject_data_Zhmerynka
[2023-12-01T20:30:23.825+0200] {task_command.py:416} INFO - Running <TaskInstance: lviv_weather.inject_data_Zhmerynka scheduled__2023-11-11T00:00:00+00:00 [running]> on host yurabd.
[2023-12-01T20:30:24.499+0200] {taskinstance.py:1662} INFO - Exporting env vars: AIRFLOW_CTX_DAG_OWNER='airflow' AIRFLOW_CTX_DAG_ID='lviv_weather' AIRFLOW_CTX_TASK_ID='inject_data_Zhmerynka' AIRFLOW_CTX_EXECUTION_DATE='2023-11-11T00:00:00+00:00' AIRFLOW_CTX_TRY_NUMBER='1' AIRFLOW_CTX_DAG_RUN_ID='scheduled__2023-11-11T00:00:00+00:00'
[2023-12-01T20:30:24.500+0200] {sql.py:274} INFO - Executing: 
            INSERT INTO measures (city, timestamp, date, temp, humidity, clouds, wind_speed) VALUES
            ('Zhmerynka',
            to_timestamp(1699660800),
            '2023-11-11 00:00:00',
            9.31,
            71,
            100,
            8.46);
            
[2023-12-01T20:30:24.541+0200] {base.py:73} INFO - Using connection ID 'postgres_conn' for task execution.
[2023-12-01T20:30:24.619+0200] {base.py:73} INFO - Using connection ID 'postgres_conn' for task execution.
[2023-12-01T20:30:24.634+0200] {sql.py:418} INFO - Running statement: 
            INSERT INTO measures (city, timestamp, date, temp, humidity, clouds, wind_speed) VALUES
            ('Zhmerynka',
            to_timestamp(1699660800),
            '2023-11-11 00:00:00',
            9.31,
            71,
            100,
            8.46);
            , parameters: None
[2023-12-01T20:30:24.635+0200] {sql.py:427} INFO - Rows affected: 1
[2023-12-01T20:30:24.663+0200] {taskinstance.py:1400} INFO - Marking task as SUCCESS. dag_id=lviv_weather, task_id=inject_data_Zhmerynka, execution_date=20231111T000000, start_date=20231201T183023, end_date=20231201T183024
[2023-12-01T20:30:24.722+0200] {local_task_job_runner.py:228} INFO - Task exited with return code 0
[2023-12-01T20:30:24.759+0200] {taskinstance.py:2778} INFO - 0 downstream tasks scheduled from follow-on schedule check
