[2023-11-30T01:37:01.211+0200] {taskinstance.py:1159} INFO - Dependencies all met for dep_context=non-requeueable deps ti=<TaskInstance: lviv_weather.inject_data manual__2023-11-29T23:36:50.764012+00:00 [queued]>
[2023-11-30T01:37:01.220+0200] {taskinstance.py:1159} INFO - Dependencies all met for dep_context=requeueable deps ti=<TaskInstance: lviv_weather.inject_data manual__2023-11-29T23:36:50.764012+00:00 [queued]>
[2023-11-30T01:37:01.220+0200] {taskinstance.py:1361} INFO - Starting attempt 1 of 1
[2023-11-30T01:37:01.233+0200] {taskinstance.py:1382} INFO - Executing <Task(SqliteOperator): inject_data> on 2023-11-29 23:36:50.764012+00:00
[2023-11-30T01:37:01.235+0200] {standard_task_runner.py:57} INFO - Started process 146940 to run task
[2023-11-30T01:37:01.238+0200] {standard_task_runner.py:84} INFO - Running: ['airflow', 'tasks', 'run', 'lviv_weather', 'inject_data', 'manual__2023-11-29T23:36:50.764012+00:00', '--job-id', '37', '--raw', '--subdir', 'DAGS_FOLDER/lviv_weather.py', '--cfg-path', '/tmp/tmpxpu8d6m4']
[2023-11-30T01:37:01.239+0200] {standard_task_runner.py:85} INFO - Job 37: Subtask inject_data
[2023-11-30T01:37:01.297+0200] {task_command.py:416} INFO - Running <TaskInstance: lviv_weather.inject_data manual__2023-11-29T23:36:50.764012+00:00 [running]> on host yurabd.
[2023-11-30T01:37:01.515+0200] {taskinstance.py:1662} INFO - Exporting env vars: AIRFLOW_CTX_DAG_OWNER='airflow' AIRFLOW_CTX_DAG_ID='lviv_weather' AIRFLOW_CTX_TASK_ID='inject_data' AIRFLOW_CTX_EXECUTION_DATE='2023-11-29T23:36:50.764012+00:00' AIRFLOW_CTX_TRY_NUMBER='1' AIRFLOW_CTX_DAG_RUN_ID='manual__2023-11-29T23:36:50.764012+00:00'
[2023-11-30T01:37:01.516+0200] {sql.py:274} INFO - Executing: 
        INSERT INTO measures (timestamp, date, temp) VALUES
        (1701301010,
        "2023-11-29 23:36:50",
        -7.35);
        
[2023-11-30T01:37:01.528+0200] {base.py:73} INFO - Using connection ID 'airflow_conn' for task execution.
[2023-11-30T01:37:01.584+0200] {base.py:73} INFO - Using connection ID 'airflow_conn' for task execution.
[2023-11-30T01:37:01.587+0200] {sql.py:418} INFO - Running statement: 
        INSERT INTO measures (timestamp, date, temp) VALUES
        (1701301010,
        "2023-11-29 23:36:50",
        -7.35);
        , parameters: None
[2023-11-30T01:37:01.594+0200] {sql.py:427} INFO - Rows affected: 1
[2023-11-30T01:37:01.774+0200] {taskinstance.py:1400} INFO - Marking task as SUCCESS. dag_id=lviv_weather, task_id=inject_data, execution_date=20231129T233650, start_date=20231129T233701, end_date=20231129T233701
[2023-11-30T01:37:01.813+0200] {local_task_job_runner.py:228} INFO - Task exited with return code 0
[2023-11-30T01:37:01.833+0200] {taskinstance.py:2778} INFO - 0 downstream tasks scheduled from follow-on schedule check
