[2023-11-28T03:09:40.980+0200] {processor.py:157} INFO - Started process (PID=27857) to work on /mnt/f/UCU/BatchProc/lab1/venv/lib/python3.10/site-packages/airflow/example_dags/example_short_circuit_operator.py
[2023-11-28T03:09:40.981+0200] {processor.py:829} INFO - Processing file /mnt/f/UCU/BatchProc/lab1/venv/lib/python3.10/site-packages/airflow/example_dags/example_short_circuit_operator.py for tasks to queue
[2023-11-28T03:09:40.981+0200] {logging_mixin.py:154} INFO - [2023-11-28T03:09:40.981+0200] {dagbag.py:536} INFO - Filling up the DagBag from /mnt/f/UCU/BatchProc/lab1/venv/lib/python3.10/site-packages/airflow/example_dags/example_short_circuit_operator.py
[2023-11-28T03:09:41.002+0200] {processor.py:839} INFO - DAG(s) dict_keys(['example_short_circuit_operator']) retrieved from /mnt/f/UCU/BatchProc/lab1/venv/lib/python3.10/site-packages/airflow/example_dags/example_short_circuit_operator.py
[2023-11-28T03:09:41.028+0200] {logging_mixin.py:154} INFO - [2023-11-28T03:09:41.028+0200] {dag.py:2941} INFO - Sync 1 DAGs
[2023-11-28T03:09:41.039+0200] {logging_mixin.py:154} INFO - [2023-11-28T03:09:41.039+0200] {dag.py:3722} INFO - Setting next_dagrun for example_short_circuit_operator to 2023-11-27T01:09:41.039551+00:00, run_after=2023-11-28T01:09:41.039551+00:00
[2023-11-28T03:09:41.064+0200] {processor.py:179} INFO - Processing /mnt/f/UCU/BatchProc/lab1/venv/lib/python3.10/site-packages/airflow/example_dags/example_short_circuit_operator.py took 0.086 seconds
[2023-11-28T03:10:30.399+0200] {processor.py:157} INFO - Started process (PID=27906) to work on /mnt/f/UCU/BatchProc/lab1/venv/lib/python3.10/site-packages/airflow/example_dags/example_short_circuit_operator.py
[2023-11-28T03:10:30.403+0200] {processor.py:829} INFO - Processing file /mnt/f/UCU/BatchProc/lab1/venv/lib/python3.10/site-packages/airflow/example_dags/example_short_circuit_operator.py for tasks to queue
[2023-11-28T03:10:30.403+0200] {logging_mixin.py:154} INFO - [2023-11-28T03:10:30.403+0200] {dagbag.py:536} INFO - Filling up the DagBag from /mnt/f/UCU/BatchProc/lab1/venv/lib/python3.10/site-packages/airflow/example_dags/example_short_circuit_operator.py
[2023-11-28T03:10:30.424+0200] {processor.py:839} INFO - DAG(s) dict_keys(['example_short_circuit_operator']) retrieved from /mnt/f/UCU/BatchProc/lab1/venv/lib/python3.10/site-packages/airflow/example_dags/example_short_circuit_operator.py
[2023-11-28T03:10:30.442+0200] {logging_mixin.py:154} INFO - [2023-11-28T03:10:30.442+0200] {dag.py:2941} INFO - Sync 1 DAGs
[2023-11-28T03:10:30.453+0200] {logging_mixin.py:154} INFO - [2023-11-28T03:10:30.453+0200] {dag.py:3722} INFO - Setting next_dagrun for example_short_circuit_operator to 2023-11-27T01:10:30.453215+00:00, run_after=2023-11-28T01:10:30.453215+00:00
[2023-11-28T03:10:30.473+0200] {processor.py:179} INFO - Processing /mnt/f/UCU/BatchProc/lab1/venv/lib/python3.10/site-packages/airflow/example_dags/example_short_circuit_operator.py took 0.077 seconds
[2023-11-28T03:11:19.256+0200] {processor.py:157} INFO - Started process (PID=27953) to work on /mnt/f/UCU/BatchProc/lab1/venv/lib/python3.10/site-packages/airflow/example_dags/example_short_circuit_operator.py
[2023-11-28T03:11:19.260+0200] {processor.py:829} INFO - Processing file /mnt/f/UCU/BatchProc/lab1/venv/lib/python3.10/site-packages/airflow/example_dags/example_short_circuit_operator.py for tasks to queue
[2023-11-28T03:11:19.261+0200] {logging_mixin.py:154} INFO - [2023-11-28T03:11:19.260+0200] {dagbag.py:536} INFO - Filling up the DagBag from /mnt/f/UCU/BatchProc/lab1/venv/lib/python3.10/site-packages/airflow/example_dags/example_short_circuit_operator.py
[2023-11-28T03:11:19.282+0200] {processor.py:839} INFO - DAG(s) dict_keys(['example_short_circuit_operator']) retrieved from /mnt/f/UCU/BatchProc/lab1/venv/lib/python3.10/site-packages/airflow/example_dags/example_short_circuit_operator.py
[2023-11-28T03:11:19.301+0200] {logging_mixin.py:154} INFO - [2023-11-28T03:11:19.301+0200] {dag.py:2941} INFO - Sync 1 DAGs
[2023-11-28T03:11:19.315+0200] {logging_mixin.py:154} INFO - [2023-11-28T03:11:19.314+0200] {dag.py:3722} INFO - Setting next_dagrun for example_short_circuit_operator to 2023-11-27T01:11:19.314728+00:00, run_after=2023-11-28T01:11:19.314728+00:00
[2023-11-28T03:11:19.335+0200] {processor.py:179} INFO - Processing /mnt/f/UCU/BatchProc/lab1/venv/lib/python3.10/site-packages/airflow/example_dags/example_short_circuit_operator.py took 0.081 seconds
[2023-11-28T03:12:12.534+0200] {processor.py:157} INFO - Started process (PID=28006) to work on /mnt/f/UCU/BatchProc/lab1/venv/lib/python3.10/site-packages/airflow/example_dags/example_short_circuit_operator.py
[2023-11-28T03:12:12.565+0200] {processor.py:829} INFO - Processing file /mnt/f/UCU/BatchProc/lab1/venv/lib/python3.10/site-packages/airflow/example_dags/example_short_circuit_operator.py for tasks to queue
[2023-11-28T03:12:12.566+0200] {logging_mixin.py:154} INFO - [2023-11-28T03:12:12.565+0200] {dagbag.py:536} INFO - Filling up the DagBag from /mnt/f/UCU/BatchProc/lab1/venv/lib/python3.10/site-packages/airflow/example_dags/example_short_circuit_operator.py
[2023-11-28T03:12:12.593+0200] {processor.py:839} INFO - DAG(s) dict_keys(['example_short_circuit_operator']) retrieved from /mnt/f/UCU/BatchProc/lab1/venv/lib/python3.10/site-packages/airflow/example_dags/example_short_circuit_operator.py
[2023-11-28T03:12:12.611+0200] {logging_mixin.py:154} INFO - [2023-11-28T03:12:12.611+0200] {dag.py:2941} INFO - Sync 1 DAGs
[2023-11-28T03:12:12.625+0200] {logging_mixin.py:154} INFO - [2023-11-28T03:12:12.625+0200] {dag.py:3722} INFO - Setting next_dagrun for example_short_circuit_operator to 2023-11-27T01:12:12.625024+00:00, run_after=2023-11-28T01:12:12.625024+00:00
[2023-11-28T03:12:12.644+0200] {processor.py:179} INFO - Processing /mnt/f/UCU/BatchProc/lab1/venv/lib/python3.10/site-packages/airflow/example_dags/example_short_circuit_operator.py took 0.111 seconds
