[2023-11-28T03:09:58.188+0200] {processor.py:157} INFO - Started process (PID=27872) to work on /mnt/f/UCU/BatchProc/lab1/venv/lib/python3.10/site-packages/airflow/example_dags/example_external_task_marker_dag.py
[2023-11-28T03:09:58.189+0200] {processor.py:829} INFO - Processing file /mnt/f/UCU/BatchProc/lab1/venv/lib/python3.10/site-packages/airflow/example_dags/example_external_task_marker_dag.py for tasks to queue
[2023-11-28T03:09:58.189+0200] {logging_mixin.py:154} INFO - [2023-11-28T03:09:58.189+0200] {dagbag.py:536} INFO - Filling up the DagBag from /mnt/f/UCU/BatchProc/lab1/venv/lib/python3.10/site-packages/airflow/example_dags/example_external_task_marker_dag.py
[2023-11-28T03:09:58.209+0200] {processor.py:839} INFO - DAG(s) dict_keys(['example_external_task_marker_parent', 'example_external_task_marker_child']) retrieved from /mnt/f/UCU/BatchProc/lab1/venv/lib/python3.10/site-packages/airflow/example_dags/example_external_task_marker_dag.py
[2023-11-28T03:09:58.226+0200] {logging_mixin.py:154} INFO - [2023-11-28T03:09:58.226+0200] {dag.py:2941} INFO - Sync 2 DAGs
[2023-11-28T03:09:58.321+0200] {logging_mixin.py:154} INFO - [2023-11-28T03:09:58.321+0200] {dag.py:3722} INFO - Setting next_dagrun for example_external_task_marker_child to None, run_after=None
[2023-11-28T03:09:58.323+0200] {logging_mixin.py:154} INFO - [2023-11-28T03:09:58.323+0200] {dag.py:3722} INFO - Setting next_dagrun for example_external_task_marker_parent to None, run_after=None
[2023-11-28T03:09:58.344+0200] {processor.py:179} INFO - Processing /mnt/f/UCU/BatchProc/lab1/venv/lib/python3.10/site-packages/airflow/example_dags/example_external_task_marker_dag.py took 0.158 seconds
[2023-11-28T03:10:46.240+0200] {processor.py:157} INFO - Started process (PID=27921) to work on /mnt/f/UCU/BatchProc/lab1/venv/lib/python3.10/site-packages/airflow/example_dags/example_external_task_marker_dag.py
[2023-11-28T03:10:46.241+0200] {processor.py:829} INFO - Processing file /mnt/f/UCU/BatchProc/lab1/venv/lib/python3.10/site-packages/airflow/example_dags/example_external_task_marker_dag.py for tasks to queue
[2023-11-28T03:10:46.242+0200] {logging_mixin.py:154} INFO - [2023-11-28T03:10:46.241+0200] {dagbag.py:536} INFO - Filling up the DagBag from /mnt/f/UCU/BatchProc/lab1/venv/lib/python3.10/site-packages/airflow/example_dags/example_external_task_marker_dag.py
[2023-11-28T03:10:46.261+0200] {processor.py:839} INFO - DAG(s) dict_keys(['example_external_task_marker_child', 'example_external_task_marker_parent']) retrieved from /mnt/f/UCU/BatchProc/lab1/venv/lib/python3.10/site-packages/airflow/example_dags/example_external_task_marker_dag.py
[2023-11-28T03:10:46.279+0200] {logging_mixin.py:154} INFO - [2023-11-28T03:10:46.279+0200] {dag.py:2941} INFO - Sync 2 DAGs
[2023-11-28T03:10:46.287+0200] {logging_mixin.py:154} INFO - [2023-11-28T03:10:46.287+0200] {dag.py:3722} INFO - Setting next_dagrun for example_external_task_marker_child to None, run_after=None
[2023-11-28T03:10:46.289+0200] {logging_mixin.py:154} INFO - [2023-11-28T03:10:46.289+0200] {dag.py:3722} INFO - Setting next_dagrun for example_external_task_marker_parent to None, run_after=None
[2023-11-28T03:10:46.306+0200] {processor.py:179} INFO - Processing /mnt/f/UCU/BatchProc/lab1/venv/lib/python3.10/site-packages/airflow/example_dags/example_external_task_marker_dag.py took 0.069 seconds
[2023-11-28T03:11:43.450+0200] {processor.py:157} INFO - Started process (PID=27977) to work on /mnt/f/UCU/BatchProc/lab1/venv/lib/python3.10/site-packages/airflow/example_dags/example_external_task_marker_dag.py
[2023-11-28T03:11:43.451+0200] {processor.py:829} INFO - Processing file /mnt/f/UCU/BatchProc/lab1/venv/lib/python3.10/site-packages/airflow/example_dags/example_external_task_marker_dag.py for tasks to queue
[2023-11-28T03:11:43.453+0200] {logging_mixin.py:154} INFO - [2023-11-28T03:11:43.452+0200] {dagbag.py:536} INFO - Filling up the DagBag from /mnt/f/UCU/BatchProc/lab1/venv/lib/python3.10/site-packages/airflow/example_dags/example_external_task_marker_dag.py
[2023-11-28T03:11:43.485+0200] {processor.py:839} INFO - DAG(s) dict_keys(['example_external_task_marker_parent', 'example_external_task_marker_child']) retrieved from /mnt/f/UCU/BatchProc/lab1/venv/lib/python3.10/site-packages/airflow/example_dags/example_external_task_marker_dag.py
[2023-11-28T03:11:43.506+0200] {logging_mixin.py:154} INFO - [2023-11-28T03:11:43.506+0200] {dag.py:2941} INFO - Sync 2 DAGs
[2023-11-28T03:11:43.515+0200] {logging_mixin.py:154} INFO - [2023-11-28T03:11:43.515+0200] {dag.py:3722} INFO - Setting next_dagrun for example_external_task_marker_child to None, run_after=None
[2023-11-28T03:11:43.518+0200] {logging_mixin.py:154} INFO - [2023-11-28T03:11:43.518+0200] {dag.py:3722} INFO - Setting next_dagrun for example_external_task_marker_parent to None, run_after=None
[2023-11-28T03:11:43.539+0200] {processor.py:179} INFO - Processing /mnt/f/UCU/BatchProc/lab1/venv/lib/python3.10/site-packages/airflow/example_dags/example_external_task_marker_dag.py took 0.094 seconds
