[2023-11-28T03:09:45.039+0200] {processor.py:157} INFO - Started process (PID=27861) to work on /mnt/f/UCU/BatchProc/lab1/venv/lib/python3.10/site-packages/airflow/example_dags/example_sensors.py
[2023-11-28T03:09:45.040+0200] {processor.py:829} INFO - Processing file /mnt/f/UCU/BatchProc/lab1/venv/lib/python3.10/site-packages/airflow/example_dags/example_sensors.py for tasks to queue
[2023-11-28T03:09:45.041+0200] {logging_mixin.py:154} INFO - [2023-11-28T03:09:45.040+0200] {dagbag.py:536} INFO - Filling up the DagBag from /mnt/f/UCU/BatchProc/lab1/venv/lib/python3.10/site-packages/airflow/example_dags/example_sensors.py
[2023-11-28T03:09:45.067+0200] {processor.py:839} INFO - DAG(s) dict_keys(['example_sensors']) retrieved from /mnt/f/UCU/BatchProc/lab1/venv/lib/python3.10/site-packages/airflow/example_dags/example_sensors.py
[2023-11-28T03:09:45.094+0200] {logging_mixin.py:154} INFO - [2023-11-28T03:09:45.094+0200] {dag.py:2941} INFO - Sync 1 DAGs
[2023-11-28T03:09:45.102+0200] {logging_mixin.py:154} INFO - [2023-11-28T03:09:45.101+0200] {dag.py:3722} INFO - Setting next_dagrun for example_sensors to None, run_after=None
[2023-11-28T03:09:45.127+0200] {processor.py:179} INFO - Processing /mnt/f/UCU/BatchProc/lab1/venv/lib/python3.10/site-packages/airflow/example_dags/example_sensors.py took 0.089 seconds
[2023-11-28T03:10:33.990+0200] {processor.py:157} INFO - Started process (PID=27910) to work on /mnt/f/UCU/BatchProc/lab1/venv/lib/python3.10/site-packages/airflow/example_dags/example_sensors.py
[2023-11-28T03:10:33.991+0200] {processor.py:829} INFO - Processing file /mnt/f/UCU/BatchProc/lab1/venv/lib/python3.10/site-packages/airflow/example_dags/example_sensors.py for tasks to queue
[2023-11-28T03:10:33.992+0200] {logging_mixin.py:154} INFO - [2023-11-28T03:10:33.992+0200] {dagbag.py:536} INFO - Filling up the DagBag from /mnt/f/UCU/BatchProc/lab1/venv/lib/python3.10/site-packages/airflow/example_dags/example_sensors.py
[2023-11-28T03:10:34.016+0200] {processor.py:839} INFO - DAG(s) dict_keys(['example_sensors']) retrieved from /mnt/f/UCU/BatchProc/lab1/venv/lib/python3.10/site-packages/airflow/example_dags/example_sensors.py
[2023-11-28T03:10:34.034+0200] {logging_mixin.py:154} INFO - [2023-11-28T03:10:34.034+0200] {dag.py:2941} INFO - Sync 1 DAGs
[2023-11-28T03:10:34.042+0200] {logging_mixin.py:154} INFO - [2023-11-28T03:10:34.041+0200] {dag.py:3722} INFO - Setting next_dagrun for example_sensors to None, run_after=None
[2023-11-28T03:10:34.062+0200] {processor.py:179} INFO - Processing /mnt/f/UCU/BatchProc/lab1/venv/lib/python3.10/site-packages/airflow/example_dags/example_sensors.py took 0.074 seconds
[2023-11-28T03:11:22.908+0200] {processor.py:157} INFO - Started process (PID=27957) to work on /mnt/f/UCU/BatchProc/lab1/venv/lib/python3.10/site-packages/airflow/example_dags/example_sensors.py
[2023-11-28T03:11:22.913+0200] {processor.py:829} INFO - Processing file /mnt/f/UCU/BatchProc/lab1/venv/lib/python3.10/site-packages/airflow/example_dags/example_sensors.py for tasks to queue
[2023-11-28T03:11:22.914+0200] {logging_mixin.py:154} INFO - [2023-11-28T03:11:22.913+0200] {dagbag.py:536} INFO - Filling up the DagBag from /mnt/f/UCU/BatchProc/lab1/venv/lib/python3.10/site-packages/airflow/example_dags/example_sensors.py
[2023-11-28T03:11:22.949+0200] {processor.py:839} INFO - DAG(s) dict_keys(['example_sensors']) retrieved from /mnt/f/UCU/BatchProc/lab1/venv/lib/python3.10/site-packages/airflow/example_dags/example_sensors.py
[2023-11-28T03:11:22.970+0200] {logging_mixin.py:154} INFO - [2023-11-28T03:11:22.970+0200] {dag.py:2941} INFO - Sync 1 DAGs
[2023-11-28T03:11:22.979+0200] {logging_mixin.py:154} INFO - [2023-11-28T03:11:22.978+0200] {dag.py:3722} INFO - Setting next_dagrun for example_sensors to None, run_after=None
[2023-11-28T03:11:23.001+0200] {processor.py:179} INFO - Processing /mnt/f/UCU/BatchProc/lab1/venv/lib/python3.10/site-packages/airflow/example_dags/example_sensors.py took 0.096 seconds
[2023-11-28T03:12:16.517+0200] {processor.py:157} INFO - Started process (PID=28010) to work on /mnt/f/UCU/BatchProc/lab1/venv/lib/python3.10/site-packages/airflow/example_dags/example_sensors.py
[2023-11-28T03:12:16.521+0200] {processor.py:829} INFO - Processing file /mnt/f/UCU/BatchProc/lab1/venv/lib/python3.10/site-packages/airflow/example_dags/example_sensors.py for tasks to queue
[2023-11-28T03:12:16.521+0200] {logging_mixin.py:154} INFO - [2023-11-28T03:12:16.521+0200] {dagbag.py:536} INFO - Filling up the DagBag from /mnt/f/UCU/BatchProc/lab1/venv/lib/python3.10/site-packages/airflow/example_dags/example_sensors.py
[2023-11-28T03:12:16.551+0200] {processor.py:839} INFO - DAG(s) dict_keys(['example_sensors']) retrieved from /mnt/f/UCU/BatchProc/lab1/venv/lib/python3.10/site-packages/airflow/example_dags/example_sensors.py
[2023-11-28T03:12:16.571+0200] {logging_mixin.py:154} INFO - [2023-11-28T03:12:16.570+0200] {dag.py:2941} INFO - Sync 1 DAGs
[2023-11-28T03:12:16.579+0200] {logging_mixin.py:154} INFO - [2023-11-28T03:12:16.579+0200] {dag.py:3722} INFO - Setting next_dagrun for example_sensors to None, run_after=None
[2023-11-28T03:12:16.600+0200] {processor.py:179} INFO - Processing /mnt/f/UCU/BatchProc/lab1/venv/lib/python3.10/site-packages/airflow/example_dags/example_sensors.py took 0.085 seconds
