[2023-11-28T03:09:34.714+0200] {processor.py:157} INFO - Started process (PID=27851) to work on /mnt/f/UCU/BatchProc/lab1/venv/lib/python3.10/site-packages/airflow/example_dags/example_time_delta_sensor_async.py
[2023-11-28T03:09:34.715+0200] {processor.py:829} INFO - Processing file /mnt/f/UCU/BatchProc/lab1/venv/lib/python3.10/site-packages/airflow/example_dags/example_time_delta_sensor_async.py for tasks to queue
[2023-11-28T03:09:34.715+0200] {logging_mixin.py:154} INFO - [2023-11-28T03:09:34.715+0200] {dagbag.py:536} INFO - Filling up the DagBag from /mnt/f/UCU/BatchProc/lab1/venv/lib/python3.10/site-packages/airflow/example_dags/example_time_delta_sensor_async.py
[2023-11-28T03:09:34.735+0200] {processor.py:839} INFO - DAG(s) dict_keys(['example_time_delta_sensor_async']) retrieved from /mnt/f/UCU/BatchProc/lab1/venv/lib/python3.10/site-packages/airflow/example_dags/example_time_delta_sensor_async.py
[2023-11-28T03:09:34.759+0200] {logging_mixin.py:154} INFO - [2023-11-28T03:09:34.759+0200] {dag.py:2941} INFO - Sync 1 DAGs
[2023-11-28T03:09:34.767+0200] {logging_mixin.py:154} INFO - [2023-11-28T03:09:34.767+0200] {dag.py:3722} INFO - Setting next_dagrun for example_time_delta_sensor_async to None, run_after=None
[2023-11-28T03:09:34.786+0200] {processor.py:179} INFO - Processing /mnt/f/UCU/BatchProc/lab1/venv/lib/python3.10/site-packages/airflow/example_dags/example_time_delta_sensor_async.py took 0.074 seconds
[2023-11-28T03:10:23.997+0200] {processor.py:157} INFO - Started process (PID=27900) to work on /mnt/f/UCU/BatchProc/lab1/venv/lib/python3.10/site-packages/airflow/example_dags/example_time_delta_sensor_async.py
[2023-11-28T03:10:24.000+0200] {processor.py:829} INFO - Processing file /mnt/f/UCU/BatchProc/lab1/venv/lib/python3.10/site-packages/airflow/example_dags/example_time_delta_sensor_async.py for tasks to queue
[2023-11-28T03:10:24.001+0200] {logging_mixin.py:154} INFO - [2023-11-28T03:10:24.001+0200] {dagbag.py:536} INFO - Filling up the DagBag from /mnt/f/UCU/BatchProc/lab1/venv/lib/python3.10/site-packages/airflow/example_dags/example_time_delta_sensor_async.py
[2023-11-28T03:10:24.019+0200] {processor.py:839} INFO - DAG(s) dict_keys(['example_time_delta_sensor_async']) retrieved from /mnt/f/UCU/BatchProc/lab1/venv/lib/python3.10/site-packages/airflow/example_dags/example_time_delta_sensor_async.py
[2023-11-28T03:10:24.034+0200] {logging_mixin.py:154} INFO - [2023-11-28T03:10:24.034+0200] {dag.py:2941} INFO - Sync 1 DAGs
[2023-11-28T03:10:24.042+0200] {logging_mixin.py:154} INFO - [2023-11-28T03:10:24.042+0200] {dag.py:3722} INFO - Setting next_dagrun for example_time_delta_sensor_async to None, run_after=None
[2023-11-28T03:10:24.062+0200] {processor.py:179} INFO - Processing /mnt/f/UCU/BatchProc/lab1/venv/lib/python3.10/site-packages/airflow/example_dags/example_time_delta_sensor_async.py took 0.067 seconds
[2023-11-28T03:11:13.772+0200] {processor.py:157} INFO - Started process (PID=27947) to work on /mnt/f/UCU/BatchProc/lab1/venv/lib/python3.10/site-packages/airflow/example_dags/example_time_delta_sensor_async.py
[2023-11-28T03:11:13.776+0200] {processor.py:829} INFO - Processing file /mnt/f/UCU/BatchProc/lab1/venv/lib/python3.10/site-packages/airflow/example_dags/example_time_delta_sensor_async.py for tasks to queue
[2023-11-28T03:11:13.777+0200] {logging_mixin.py:154} INFO - [2023-11-28T03:11:13.777+0200] {dagbag.py:536} INFO - Filling up the DagBag from /mnt/f/UCU/BatchProc/lab1/venv/lib/python3.10/site-packages/airflow/example_dags/example_time_delta_sensor_async.py
[2023-11-28T03:11:13.799+0200] {processor.py:839} INFO - DAG(s) dict_keys(['example_time_delta_sensor_async']) retrieved from /mnt/f/UCU/BatchProc/lab1/venv/lib/python3.10/site-packages/airflow/example_dags/example_time_delta_sensor_async.py
[2023-11-28T03:11:13.815+0200] {logging_mixin.py:154} INFO - [2023-11-28T03:11:13.814+0200] {dag.py:2941} INFO - Sync 1 DAGs
[2023-11-28T03:11:13.824+0200] {logging_mixin.py:154} INFO - [2023-11-28T03:11:13.823+0200] {dag.py:3722} INFO - Setting next_dagrun for example_time_delta_sensor_async to None, run_after=None
[2023-11-28T03:11:13.845+0200] {processor.py:179} INFO - Processing /mnt/f/UCU/BatchProc/lab1/venv/lib/python3.10/site-packages/airflow/example_dags/example_time_delta_sensor_async.py took 0.076 seconds
[2023-11-28T03:11:50.907+0200] {processor.py:157} INFO - Started process (PID=27985) to work on /mnt/f/UCU/BatchProc/lab1/venv/lib/python3.10/site-packages/airflow/example_dags/example_time_delta_sensor_async.py
[2023-11-28T03:11:50.912+0200] {processor.py:829} INFO - Processing file /mnt/f/UCU/BatchProc/lab1/venv/lib/python3.10/site-packages/airflow/example_dags/example_time_delta_sensor_async.py for tasks to queue
[2023-11-28T03:11:50.913+0200] {logging_mixin.py:154} INFO - [2023-11-28T03:11:50.913+0200] {dagbag.py:536} INFO - Filling up the DagBag from /mnt/f/UCU/BatchProc/lab1/venv/lib/python3.10/site-packages/airflow/example_dags/example_time_delta_sensor_async.py
[2023-11-28T03:11:50.938+0200] {processor.py:839} INFO - DAG(s) dict_keys(['example_time_delta_sensor_async']) retrieved from /mnt/f/UCU/BatchProc/lab1/venv/lib/python3.10/site-packages/airflow/example_dags/example_time_delta_sensor_async.py
[2023-11-28T03:11:50.953+0200] {logging_mixin.py:154} INFO - [2023-11-28T03:11:50.953+0200] {dag.py:2941} INFO - Sync 1 DAGs
[2023-11-28T03:11:50.962+0200] {logging_mixin.py:154} INFO - [2023-11-28T03:11:50.962+0200] {dag.py:3722} INFO - Setting next_dagrun for example_time_delta_sensor_async to None, run_after=None
[2023-11-28T03:11:50.982+0200] {processor.py:179} INFO - Processing /mnt/f/UCU/BatchProc/lab1/venv/lib/python3.10/site-packages/airflow/example_dags/example_time_delta_sensor_async.py took 0.082 seconds
