[2023-11-28T03:09:43.841+0200] {processor.py:157} INFO - Started process (PID=27860) to work on /mnt/f/UCU/BatchProc/lab1/venv/lib/python3.10/site-packages/airflow/example_dags/example_setup_teardown.py
[2023-11-28T03:09:43.841+0200] {processor.py:829} INFO - Processing file /mnt/f/UCU/BatchProc/lab1/venv/lib/python3.10/site-packages/airflow/example_dags/example_setup_teardown.py for tasks to queue
[2023-11-28T03:09:43.842+0200] {logging_mixin.py:154} INFO - [2023-11-28T03:09:43.842+0200] {dagbag.py:536} INFO - Filling up the DagBag from /mnt/f/UCU/BatchProc/lab1/venv/lib/python3.10/site-packages/airflow/example_dags/example_setup_teardown.py
[2023-11-28T03:09:43.860+0200] {processor.py:839} INFO - DAG(s) dict_keys(['example_setup_teardown']) retrieved from /mnt/f/UCU/BatchProc/lab1/venv/lib/python3.10/site-packages/airflow/example_dags/example_setup_teardown.py
[2023-11-28T03:09:43.886+0200] {logging_mixin.py:154} INFO - [2023-11-28T03:09:43.886+0200] {dag.py:2941} INFO - Sync 1 DAGs
[2023-11-28T03:09:43.898+0200] {logging_mixin.py:154} INFO - [2023-11-28T03:09:43.898+0200] {dag.py:3722} INFO - Setting next_dagrun for example_setup_teardown to 2023-11-27T01:09:43.898458+00:00, run_after=2023-11-28T01:09:43.898458+00:00
[2023-11-28T03:09:43.918+0200] {processor.py:179} INFO - Processing /mnt/f/UCU/BatchProc/lab1/venv/lib/python3.10/site-packages/airflow/example_dags/example_setup_teardown.py took 0.079 seconds
[2023-11-28T03:10:33.217+0200] {processor.py:157} INFO - Started process (PID=27909) to work on /mnt/f/UCU/BatchProc/lab1/venv/lib/python3.10/site-packages/airflow/example_dags/example_setup_teardown.py
[2023-11-28T03:10:33.221+0200] {processor.py:829} INFO - Processing file /mnt/f/UCU/BatchProc/lab1/venv/lib/python3.10/site-packages/airflow/example_dags/example_setup_teardown.py for tasks to queue
[2023-11-28T03:10:33.221+0200] {logging_mixin.py:154} INFO - [2023-11-28T03:10:33.221+0200] {dagbag.py:536} INFO - Filling up the DagBag from /mnt/f/UCU/BatchProc/lab1/venv/lib/python3.10/site-packages/airflow/example_dags/example_setup_teardown.py
[2023-11-28T03:10:33.242+0200] {processor.py:839} INFO - DAG(s) dict_keys(['example_setup_teardown']) retrieved from /mnt/f/UCU/BatchProc/lab1/venv/lib/python3.10/site-packages/airflow/example_dags/example_setup_teardown.py
[2023-11-28T03:10:33.261+0200] {logging_mixin.py:154} INFO - [2023-11-28T03:10:33.260+0200] {dag.py:2941} INFO - Sync 1 DAGs
[2023-11-28T03:10:33.274+0200] {logging_mixin.py:154} INFO - [2023-11-28T03:10:33.274+0200] {dag.py:3722} INFO - Setting next_dagrun for example_setup_teardown to 2023-11-27T01:10:33.274455+00:00, run_after=2023-11-28T01:10:33.274455+00:00
[2023-11-28T03:10:33.295+0200] {processor.py:179} INFO - Processing /mnt/f/UCU/BatchProc/lab1/venv/lib/python3.10/site-packages/airflow/example_dags/example_setup_teardown.py took 0.081 seconds
[2023-11-28T03:11:21.732+0200] {processor.py:157} INFO - Started process (PID=27956) to work on /mnt/f/UCU/BatchProc/lab1/venv/lib/python3.10/site-packages/airflow/example_dags/example_setup_teardown.py
[2023-11-28T03:11:21.734+0200] {processor.py:829} INFO - Processing file /mnt/f/UCU/BatchProc/lab1/venv/lib/python3.10/site-packages/airflow/example_dags/example_setup_teardown.py for tasks to queue
[2023-11-28T03:11:21.734+0200] {logging_mixin.py:154} INFO - [2023-11-28T03:11:21.734+0200] {dagbag.py:536} INFO - Filling up the DagBag from /mnt/f/UCU/BatchProc/lab1/venv/lib/python3.10/site-packages/airflow/example_dags/example_setup_teardown.py
[2023-11-28T03:11:21.758+0200] {processor.py:839} INFO - DAG(s) dict_keys(['example_setup_teardown']) retrieved from /mnt/f/UCU/BatchProc/lab1/venv/lib/python3.10/site-packages/airflow/example_dags/example_setup_teardown.py
[2023-11-28T03:11:21.775+0200] {logging_mixin.py:154} INFO - [2023-11-28T03:11:21.775+0200] {dag.py:2941} INFO - Sync 1 DAGs
[2023-11-28T03:11:21.788+0200] {logging_mixin.py:154} INFO - [2023-11-28T03:11:21.788+0200] {dag.py:3722} INFO - Setting next_dagrun for example_setup_teardown to 2023-11-27T01:11:21.788103+00:00, run_after=2023-11-28T01:11:21.788103+00:00
[2023-11-28T03:11:21.809+0200] {processor.py:179} INFO - Processing /mnt/f/UCU/BatchProc/lab1/venv/lib/python3.10/site-packages/airflow/example_dags/example_setup_teardown.py took 0.079 seconds
[2023-11-28T03:12:15.366+0200] {processor.py:157} INFO - Started process (PID=28009) to work on /mnt/f/UCU/BatchProc/lab1/venv/lib/python3.10/site-packages/airflow/example_dags/example_setup_teardown.py
[2023-11-28T03:12:15.367+0200] {processor.py:829} INFO - Processing file /mnt/f/UCU/BatchProc/lab1/venv/lib/python3.10/site-packages/airflow/example_dags/example_setup_teardown.py for tasks to queue
[2023-11-28T03:12:15.368+0200] {logging_mixin.py:154} INFO - [2023-11-28T03:12:15.368+0200] {dagbag.py:536} INFO - Filling up the DagBag from /mnt/f/UCU/BatchProc/lab1/venv/lib/python3.10/site-packages/airflow/example_dags/example_setup_teardown.py
[2023-11-28T03:12:15.397+0200] {processor.py:839} INFO - DAG(s) dict_keys(['example_setup_teardown']) retrieved from /mnt/f/UCU/BatchProc/lab1/venv/lib/python3.10/site-packages/airflow/example_dags/example_setup_teardown.py
[2023-11-28T03:12:15.414+0200] {logging_mixin.py:154} INFO - [2023-11-28T03:12:15.414+0200] {dag.py:2941} INFO - Sync 1 DAGs
[2023-11-28T03:12:15.428+0200] {logging_mixin.py:154} INFO - [2023-11-28T03:12:15.427+0200] {dag.py:3722} INFO - Setting next_dagrun for example_setup_teardown to 2023-11-27T01:12:15.427823+00:00, run_after=2023-11-28T01:12:15.427823+00:00
[2023-11-28T03:12:15.449+0200] {processor.py:179} INFO - Processing /mnt/f/UCU/BatchProc/lab1/venv/lib/python3.10/site-packages/airflow/example_dags/example_setup_teardown.py took 0.086 seconds
