[2023-11-28T03:09:38.150+0200] {processor.py:157} INFO - Started process (PID=27854) to work on /mnt/f/UCU/BatchProc/lab1/venv/lib/python3.10/site-packages/airflow/example_dags/example_subdag_operator.py
[2023-11-28T03:09:38.151+0200] {processor.py:829} INFO - Processing file /mnt/f/UCU/BatchProc/lab1/venv/lib/python3.10/site-packages/airflow/example_dags/example_subdag_operator.py for tasks to queue
[2023-11-28T03:09:38.151+0200] {logging_mixin.py:154} INFO - [2023-11-28T03:09:38.151+0200] {dagbag.py:536} INFO - Filling up the DagBag from /mnt/f/UCU/BatchProc/lab1/venv/lib/python3.10/site-packages/airflow/example_dags/example_subdag_operator.py
[2023-11-28T03:09:38.190+0200] {processor.py:839} INFO - DAG(s) dict_keys(['example_subdag_operator.section-1', 'example_subdag_operator.section-2', 'example_subdag_operator']) retrieved from /mnt/f/UCU/BatchProc/lab1/venv/lib/python3.10/site-packages/airflow/example_dags/example_subdag_operator.py
[2023-11-28T03:09:38.214+0200] {logging_mixin.py:154} INFO - [2023-11-28T03:09:38.214+0200] {dag.py:2941} INFO - Sync 3 DAGs
[2023-11-28T03:09:38.226+0200] {logging_mixin.py:154} INFO - [2023-11-28T03:09:38.226+0200] {dag.py:3722} INFO - Setting next_dagrun for example_subdag_operator to 2022-01-01T00:00:00+00:00, run_after=2022-01-01T00:00:00+00:00
[2023-11-28T03:09:38.229+0200] {logging_mixin.py:154} INFO - [2023-11-28T03:09:38.228+0200] {dag.py:3722} INFO - Setting next_dagrun for example_subdag_operator.section-1 to None, run_after=None
[2023-11-28T03:09:38.229+0200] {logging_mixin.py:154} INFO - [2023-11-28T03:09:38.229+0200] {dag.py:3722} INFO - Setting next_dagrun for example_subdag_operator.section-2 to None, run_after=None
[2023-11-28T03:09:38.235+0200] {logging_mixin.py:154} INFO - [2023-11-28T03:09:38.235+0200] {dag.py:2941} INFO - Sync 2 DAGs
[2023-11-28T03:09:38.238+0200] {logging_mixin.py:154} INFO - [2023-11-28T03:09:38.238+0200] {dag.py:3722} INFO - Setting next_dagrun for example_subdag_operator.section-1 to None, run_after=None
[2023-11-28T03:09:38.238+0200] {logging_mixin.py:154} INFO - [2023-11-28T03:09:38.238+0200] {dag.py:3722} INFO - Setting next_dagrun for example_subdag_operator.section-2 to None, run_after=None
[2023-11-28T03:09:38.254+0200] {processor.py:179} INFO - Processing /mnt/f/UCU/BatchProc/lab1/venv/lib/python3.10/site-packages/airflow/example_dags/example_subdag_operator.py took 0.106 seconds
[2023-11-28T03:10:26.860+0200] {processor.py:157} INFO - Started process (PID=27903) to work on /mnt/f/UCU/BatchProc/lab1/venv/lib/python3.10/site-packages/airflow/example_dags/example_subdag_operator.py
[2023-11-28T03:10:26.895+0200] {processor.py:829} INFO - Processing file /mnt/f/UCU/BatchProc/lab1/venv/lib/python3.10/site-packages/airflow/example_dags/example_subdag_operator.py for tasks to queue
[2023-11-28T03:10:26.897+0200] {logging_mixin.py:154} INFO - [2023-11-28T03:10:26.896+0200] {dagbag.py:536} INFO - Filling up the DagBag from /mnt/f/UCU/BatchProc/lab1/venv/lib/python3.10/site-packages/airflow/example_dags/example_subdag_operator.py
[2023-11-28T03:10:26.950+0200] {processor.py:839} INFO - DAG(s) dict_keys(['example_subdag_operator.section-1', 'example_subdag_operator.section-2', 'example_subdag_operator']) retrieved from /mnt/f/UCU/BatchProc/lab1/venv/lib/python3.10/site-packages/airflow/example_dags/example_subdag_operator.py
[2023-11-28T03:10:26.964+0200] {logging_mixin.py:154} INFO - [2023-11-28T03:10:26.964+0200] {dag.py:2941} INFO - Sync 3 DAGs
[2023-11-28T03:10:26.976+0200] {logging_mixin.py:154} INFO - [2023-11-28T03:10:26.976+0200] {dag.py:3722} INFO - Setting next_dagrun for example_subdag_operator to 2022-01-01T00:00:00+00:00, run_after=2022-01-01T00:00:00+00:00
[2023-11-28T03:10:26.978+0200] {logging_mixin.py:154} INFO - [2023-11-28T03:10:26.977+0200] {dag.py:3722} INFO - Setting next_dagrun for example_subdag_operator.section-1 to None, run_after=None
[2023-11-28T03:10:26.978+0200] {logging_mixin.py:154} INFO - [2023-11-28T03:10:26.978+0200] {dag.py:3722} INFO - Setting next_dagrun for example_subdag_operator.section-2 to None, run_after=None
[2023-11-28T03:10:26.985+0200] {logging_mixin.py:154} INFO - [2023-11-28T03:10:26.985+0200] {dag.py:2941} INFO - Sync 2 DAGs
[2023-11-28T03:10:26.988+0200] {logging_mixin.py:154} INFO - [2023-11-28T03:10:26.988+0200] {dag.py:3722} INFO - Setting next_dagrun for example_subdag_operator.section-1 to None, run_after=None
[2023-11-28T03:10:26.988+0200] {logging_mixin.py:154} INFO - [2023-11-28T03:10:26.988+0200] {dag.py:3722} INFO - Setting next_dagrun for example_subdag_operator.section-2 to None, run_after=None
[2023-11-28T03:10:27.003+0200] {processor.py:179} INFO - Processing /mnt/f/UCU/BatchProc/lab1/venv/lib/python3.10/site-packages/airflow/example_dags/example_subdag_operator.py took 0.146 seconds
[2023-11-28T03:11:17.235+0200] {processor.py:157} INFO - Started process (PID=27950) to work on /mnt/f/UCU/BatchProc/lab1/venv/lib/python3.10/site-packages/airflow/example_dags/example_subdag_operator.py
[2023-11-28T03:11:17.238+0200] {processor.py:829} INFO - Processing file /mnt/f/UCU/BatchProc/lab1/venv/lib/python3.10/site-packages/airflow/example_dags/example_subdag_operator.py for tasks to queue
[2023-11-28T03:11:17.239+0200] {logging_mixin.py:154} INFO - [2023-11-28T03:11:17.239+0200] {dagbag.py:536} INFO - Filling up the DagBag from /mnt/f/UCU/BatchProc/lab1/venv/lib/python3.10/site-packages/airflow/example_dags/example_subdag_operator.py
[2023-11-28T03:11:17.281+0200] {processor.py:839} INFO - DAG(s) dict_keys(['example_subdag_operator.section-1', 'example_subdag_operator.section-2', 'example_subdag_operator']) retrieved from /mnt/f/UCU/BatchProc/lab1/venv/lib/python3.10/site-packages/airflow/example_dags/example_subdag_operator.py
[2023-11-28T03:11:17.299+0200] {logging_mixin.py:154} INFO - [2023-11-28T03:11:17.299+0200] {dag.py:2941} INFO - Sync 3 DAGs
[2023-11-28T03:11:17.311+0200] {logging_mixin.py:154} INFO - [2023-11-28T03:11:17.311+0200] {dag.py:3722} INFO - Setting next_dagrun for example_subdag_operator to 2022-01-01T00:00:00+00:00, run_after=2022-01-01T00:00:00+00:00
[2023-11-28T03:11:17.313+0200] {logging_mixin.py:154} INFO - [2023-11-28T03:11:17.313+0200] {dag.py:3722} INFO - Setting next_dagrun for example_subdag_operator.section-1 to None, run_after=None
[2023-11-28T03:11:17.314+0200] {logging_mixin.py:154} INFO - [2023-11-28T03:11:17.314+0200] {dag.py:3722} INFO - Setting next_dagrun for example_subdag_operator.section-2 to None, run_after=None
[2023-11-28T03:11:17.321+0200] {logging_mixin.py:154} INFO - [2023-11-28T03:11:17.320+0200] {dag.py:2941} INFO - Sync 2 DAGs
[2023-11-28T03:11:17.325+0200] {logging_mixin.py:154} INFO - [2023-11-28T03:11:17.325+0200] {dag.py:3722} INFO - Setting next_dagrun for example_subdag_operator.section-1 to None, run_after=None
[2023-11-28T03:11:17.325+0200] {logging_mixin.py:154} INFO - [2023-11-28T03:11:17.325+0200] {dag.py:3722} INFO - Setting next_dagrun for example_subdag_operator.section-2 to None, run_after=None
[2023-11-28T03:11:17.343+0200] {processor.py:179} INFO - Processing /mnt/f/UCU/BatchProc/lab1/venv/lib/python3.10/site-packages/airflow/example_dags/example_subdag_operator.py took 0.111 seconds
[2023-11-28T03:12:09.701+0200] {processor.py:157} INFO - Started process (PID=28003) to work on /mnt/f/UCU/BatchProc/lab1/venv/lib/python3.10/site-packages/airflow/example_dags/example_subdag_operator.py
[2023-11-28T03:12:09.706+0200] {processor.py:829} INFO - Processing file /mnt/f/UCU/BatchProc/lab1/venv/lib/python3.10/site-packages/airflow/example_dags/example_subdag_operator.py for tasks to queue
[2023-11-28T03:12:09.706+0200] {logging_mixin.py:154} INFO - [2023-11-28T03:12:09.706+0200] {dagbag.py:536} INFO - Filling up the DagBag from /mnt/f/UCU/BatchProc/lab1/venv/lib/python3.10/site-packages/airflow/example_dags/example_subdag_operator.py
[2023-11-28T03:12:09.753+0200] {processor.py:839} INFO - DAG(s) dict_keys(['example_subdag_operator.section-1', 'example_subdag_operator.section-2', 'example_subdag_operator']) retrieved from /mnt/f/UCU/BatchProc/lab1/venv/lib/python3.10/site-packages/airflow/example_dags/example_subdag_operator.py
[2023-11-28T03:12:09.769+0200] {logging_mixin.py:154} INFO - [2023-11-28T03:12:09.769+0200] {dag.py:2941} INFO - Sync 3 DAGs
[2023-11-28T03:12:09.780+0200] {logging_mixin.py:154} INFO - [2023-11-28T03:12:09.780+0200] {dag.py:3722} INFO - Setting next_dagrun for example_subdag_operator to 2022-01-01T00:00:00+00:00, run_after=2022-01-01T00:00:00+00:00
[2023-11-28T03:12:09.782+0200] {logging_mixin.py:154} INFO - [2023-11-28T03:12:09.782+0200] {dag.py:3722} INFO - Setting next_dagrun for example_subdag_operator.section-1 to None, run_after=None
[2023-11-28T03:12:09.782+0200] {logging_mixin.py:154} INFO - [2023-11-28T03:12:09.782+0200] {dag.py:3722} INFO - Setting next_dagrun for example_subdag_operator.section-2 to None, run_after=None
[2023-11-28T03:12:09.790+0200] {logging_mixin.py:154} INFO - [2023-11-28T03:12:09.790+0200] {dag.py:2941} INFO - Sync 2 DAGs
[2023-11-28T03:12:09.794+0200] {logging_mixin.py:154} INFO - [2023-11-28T03:12:09.794+0200] {dag.py:3722} INFO - Setting next_dagrun for example_subdag_operator.section-1 to None, run_after=None
[2023-11-28T03:12:09.794+0200] {logging_mixin.py:154} INFO - [2023-11-28T03:12:09.794+0200] {dag.py:3722} INFO - Setting next_dagrun for example_subdag_operator.section-2 to None, run_after=None
[2023-11-28T03:12:09.809+0200] {processor.py:179} INFO - Processing /mnt/f/UCU/BatchProc/lab1/venv/lib/python3.10/site-packages/airflow/example_dags/example_subdag_operator.py took 0.112 seconds
