[2023-11-28T03:10:10.167+0200] {processor.py:157} INFO - Started process (PID=27885) to work on /mnt/f/UCU/BatchProc/lab1/venv/lib/python3.10/site-packages/airflow/example_dags/example_branch_datetime_operator.py
[2023-11-28T03:10:10.168+0200] {processor.py:829} INFO - Processing file /mnt/f/UCU/BatchProc/lab1/venv/lib/python3.10/site-packages/airflow/example_dags/example_branch_datetime_operator.py for tasks to queue
[2023-11-28T03:10:10.168+0200] {logging_mixin.py:154} INFO - [2023-11-28T03:10:10.168+0200] {dagbag.py:536} INFO - Filling up the DagBag from /mnt/f/UCU/BatchProc/lab1/venv/lib/python3.10/site-packages/airflow/example_dags/example_branch_datetime_operator.py
[2023-11-28T03:10:10.209+0200] {processor.py:839} INFO - DAG(s) dict_keys(['example_branch_datetime_operator_3', 'example_branch_datetime_operator_2', 'example_branch_datetime_operator']) retrieved from /mnt/f/UCU/BatchProc/lab1/venv/lib/python3.10/site-packages/airflow/example_dags/example_branch_datetime_operator.py
[2023-11-28T03:10:10.227+0200] {logging_mixin.py:154} INFO - [2023-11-28T03:10:10.227+0200] {dag.py:2941} INFO - Sync 3 DAGs
[2023-11-28T03:10:10.240+0200] {logging_mixin.py:154} INFO - [2023-11-28T03:10:10.240+0200] {dag.py:3722} INFO - Setting next_dagrun for example_branch_datetime_operator to 2023-11-27T00:00:00+00:00, run_after=2023-11-28T00:00:00+00:00
[2023-11-28T03:10:10.243+0200] {logging_mixin.py:154} INFO - [2023-11-28T03:10:10.243+0200] {dag.py:3722} INFO - Setting next_dagrun for example_branch_datetime_operator_2 to 2023-11-27T00:00:00+00:00, run_after=2023-11-28T00:00:00+00:00
[2023-11-28T03:10:10.245+0200] {logging_mixin.py:154} INFO - [2023-11-28T03:10:10.245+0200] {dag.py:3722} INFO - Setting next_dagrun for example_branch_datetime_operator_3 to 2023-11-27T00:00:00+00:00, run_after=2023-11-28T00:00:00+00:00
[2023-11-28T03:10:10.267+0200] {processor.py:179} INFO - Processing /mnt/f/UCU/BatchProc/lab1/venv/lib/python3.10/site-packages/airflow/example_dags/example_branch_datetime_operator.py took 0.102 seconds
[2023-11-28T03:11:07.355+0200] {processor.py:157} INFO - Started process (PID=27941) to work on /mnt/f/UCU/BatchProc/lab1/venv/lib/python3.10/site-packages/airflow/example_dags/example_branch_datetime_operator.py
[2023-11-28T03:11:07.359+0200] {processor.py:829} INFO - Processing file /mnt/f/UCU/BatchProc/lab1/venv/lib/python3.10/site-packages/airflow/example_dags/example_branch_datetime_operator.py for tasks to queue
[2023-11-28T03:11:07.359+0200] {logging_mixin.py:154} INFO - [2023-11-28T03:11:07.359+0200] {dagbag.py:536} INFO - Filling up the DagBag from /mnt/f/UCU/BatchProc/lab1/venv/lib/python3.10/site-packages/airflow/example_dags/example_branch_datetime_operator.py
[2023-11-28T03:11:07.405+0200] {processor.py:839} INFO - DAG(s) dict_keys(['example_branch_datetime_operator_2', 'example_branch_datetime_operator', 'example_branch_datetime_operator_3']) retrieved from /mnt/f/UCU/BatchProc/lab1/venv/lib/python3.10/site-packages/airflow/example_dags/example_branch_datetime_operator.py
[2023-11-28T03:11:07.427+0200] {logging_mixin.py:154} INFO - [2023-11-28T03:11:07.427+0200] {dag.py:2941} INFO - Sync 3 DAGs
[2023-11-28T03:11:07.442+0200] {logging_mixin.py:154} INFO - [2023-11-28T03:11:07.442+0200] {dag.py:3722} INFO - Setting next_dagrun for example_branch_datetime_operator to 2023-11-27T00:00:00+00:00, run_after=2023-11-28T00:00:00+00:00
[2023-11-28T03:11:07.445+0200] {logging_mixin.py:154} INFO - [2023-11-28T03:11:07.444+0200] {dag.py:3722} INFO - Setting next_dagrun for example_branch_datetime_operator_2 to 2023-11-27T00:00:00+00:00, run_after=2023-11-28T00:00:00+00:00
[2023-11-28T03:11:07.446+0200] {logging_mixin.py:154} INFO - [2023-11-28T03:11:07.446+0200] {dag.py:3722} INFO - Setting next_dagrun for example_branch_datetime_operator_3 to 2023-11-27T00:00:00+00:00, run_after=2023-11-28T00:00:00+00:00
[2023-11-28T03:11:07.469+0200] {processor.py:179} INFO - Processing /mnt/f/UCU/BatchProc/lab1/venv/lib/python3.10/site-packages/airflow/example_dags/example_branch_datetime_operator.py took 0.116 seconds
[2023-11-28T03:12:01.242+0200] {processor.py:157} INFO - Started process (PID=27995) to work on /mnt/f/UCU/BatchProc/lab1/venv/lib/python3.10/site-packages/airflow/example_dags/example_branch_datetime_operator.py
[2023-11-28T03:12:01.244+0200] {processor.py:829} INFO - Processing file /mnt/f/UCU/BatchProc/lab1/venv/lib/python3.10/site-packages/airflow/example_dags/example_branch_datetime_operator.py for tasks to queue
[2023-11-28T03:12:01.245+0200] {logging_mixin.py:154} INFO - [2023-11-28T03:12:01.245+0200] {dagbag.py:536} INFO - Filling up the DagBag from /mnt/f/UCU/BatchProc/lab1/venv/lib/python3.10/site-packages/airflow/example_dags/example_branch_datetime_operator.py
[2023-11-28T03:12:01.288+0200] {processor.py:839} INFO - DAG(s) dict_keys(['example_branch_datetime_operator', 'example_branch_datetime_operator_3', 'example_branch_datetime_operator_2']) retrieved from /mnt/f/UCU/BatchProc/lab1/venv/lib/python3.10/site-packages/airflow/example_dags/example_branch_datetime_operator.py
[2023-11-28T03:12:01.309+0200] {logging_mixin.py:154} INFO - [2023-11-28T03:12:01.308+0200] {dag.py:2941} INFO - Sync 3 DAGs
[2023-11-28T03:12:01.323+0200] {logging_mixin.py:154} INFO - [2023-11-28T03:12:01.323+0200] {dag.py:3722} INFO - Setting next_dagrun for example_branch_datetime_operator to 2023-11-27T00:00:00+00:00, run_after=2023-11-28T00:00:00+00:00
[2023-11-28T03:12:01.326+0200] {logging_mixin.py:154} INFO - [2023-11-28T03:12:01.326+0200] {dag.py:3722} INFO - Setting next_dagrun for example_branch_datetime_operator_2 to 2023-11-27T00:00:00+00:00, run_after=2023-11-28T00:00:00+00:00
[2023-11-28T03:12:01.329+0200] {logging_mixin.py:154} INFO - [2023-11-28T03:12:01.329+0200] {dag.py:3722} INFO - Setting next_dagrun for example_branch_datetime_operator_3 to 2023-11-27T00:00:00+00:00, run_after=2023-11-28T00:00:00+00:00
[2023-11-28T03:12:01.349+0200] {processor.py:179} INFO - Processing /mnt/f/UCU/BatchProc/lab1/venv/lib/python3.10/site-packages/airflow/example_dags/example_branch_datetime_operator.py took 0.109 seconds
