[2023-11-28T03:09:42.129+0200] {processor.py:157} INFO - Started process (PID=27858) to work on /mnt/f/UCU/BatchProc/lab1/venv/lib/python3.10/site-packages/airflow/example_dags/example_short_circuit_decorator.py
[2023-11-28T03:09:42.130+0200] {processor.py:829} INFO - Processing file /mnt/f/UCU/BatchProc/lab1/venv/lib/python3.10/site-packages/airflow/example_dags/example_short_circuit_decorator.py for tasks to queue
[2023-11-28T03:09:42.130+0200] {logging_mixin.py:154} INFO - [2023-11-28T03:09:42.130+0200] {dagbag.py:536} INFO - Filling up the DagBag from /mnt/f/UCU/BatchProc/lab1/venv/lib/python3.10/site-packages/airflow/example_dags/example_short_circuit_decorator.py
[2023-11-28T03:09:42.152+0200] {processor.py:839} INFO - DAG(s) dict_keys(['example_short_circuit_decorator']) retrieved from /mnt/f/UCU/BatchProc/lab1/venv/lib/python3.10/site-packages/airflow/example_dags/example_short_circuit_decorator.py
[2023-11-28T03:09:42.177+0200] {logging_mixin.py:154} INFO - [2023-11-28T03:09:42.177+0200] {dag.py:2941} INFO - Sync 1 DAGs
[2023-11-28T03:09:42.189+0200] {logging_mixin.py:154} INFO - [2023-11-28T03:09:42.189+0200] {dag.py:3722} INFO - Setting next_dagrun for example_short_circuit_decorator to 2023-11-27T01:09:42.189646+00:00, run_after=2023-11-28T01:09:42.189646+00:00
[2023-11-28T03:09:42.211+0200] {processor.py:179} INFO - Processing /mnt/f/UCU/BatchProc/lab1/venv/lib/python3.10/site-packages/airflow/example_dags/example_short_circuit_decorator.py took 0.084 seconds
[2023-11-28T03:10:30.859+0200] {processor.py:157} INFO - Started process (PID=27907) to work on /mnt/f/UCU/BatchProc/lab1/venv/lib/python3.10/site-packages/airflow/example_dags/example_short_circuit_decorator.py
[2023-11-28T03:10:30.862+0200] {processor.py:829} INFO - Processing file /mnt/f/UCU/BatchProc/lab1/venv/lib/python3.10/site-packages/airflow/example_dags/example_short_circuit_decorator.py for tasks to queue
[2023-11-28T03:10:30.863+0200] {logging_mixin.py:154} INFO - [2023-11-28T03:10:30.863+0200] {dagbag.py:536} INFO - Filling up the DagBag from /mnt/f/UCU/BatchProc/lab1/venv/lib/python3.10/site-packages/airflow/example_dags/example_short_circuit_decorator.py
[2023-11-28T03:10:30.886+0200] {processor.py:839} INFO - DAG(s) dict_keys(['example_short_circuit_decorator']) retrieved from /mnt/f/UCU/BatchProc/lab1/venv/lib/python3.10/site-packages/airflow/example_dags/example_short_circuit_decorator.py
[2023-11-28T03:10:30.905+0200] {logging_mixin.py:154} INFO - [2023-11-28T03:10:30.905+0200] {dag.py:2941} INFO - Sync 1 DAGs
[2023-11-28T03:10:30.917+0200] {logging_mixin.py:154} INFO - [2023-11-28T03:10:30.917+0200] {dag.py:3722} INFO - Setting next_dagrun for example_short_circuit_decorator to 2023-11-27T01:10:30.916961+00:00, run_after=2023-11-28T01:10:30.916961+00:00
[2023-11-28T03:10:30.936+0200] {processor.py:179} INFO - Processing /mnt/f/UCU/BatchProc/lab1/venv/lib/python3.10/site-packages/airflow/example_dags/example_short_circuit_decorator.py took 0.080 seconds
[2023-11-28T03:11:19.457+0200] {processor.py:157} INFO - Started process (PID=27954) to work on /mnt/f/UCU/BatchProc/lab1/venv/lib/python3.10/site-packages/airflow/example_dags/example_short_circuit_decorator.py
[2023-11-28T03:11:19.458+0200] {processor.py:829} INFO - Processing file /mnt/f/UCU/BatchProc/lab1/venv/lib/python3.10/site-packages/airflow/example_dags/example_short_circuit_decorator.py for tasks to queue
[2023-11-28T03:11:19.460+0200] {logging_mixin.py:154} INFO - [2023-11-28T03:11:19.459+0200] {dagbag.py:536} INFO - Filling up the DagBag from /mnt/f/UCU/BatchProc/lab1/venv/lib/python3.10/site-packages/airflow/example_dags/example_short_circuit_decorator.py
[2023-11-28T03:11:19.483+0200] {processor.py:839} INFO - DAG(s) dict_keys(['example_short_circuit_decorator']) retrieved from /mnt/f/UCU/BatchProc/lab1/venv/lib/python3.10/site-packages/airflow/example_dags/example_short_circuit_decorator.py
[2023-11-28T03:11:19.502+0200] {logging_mixin.py:154} INFO - [2023-11-28T03:11:19.502+0200] {dag.py:2941} INFO - Sync 1 DAGs
[2023-11-28T03:11:19.516+0200] {logging_mixin.py:154} INFO - [2023-11-28T03:11:19.516+0200] {dag.py:3722} INFO - Setting next_dagrun for example_short_circuit_decorator to 2023-11-27T01:11:19.516028+00:00, run_after=2023-11-28T01:11:19.516028+00:00
[2023-11-28T03:11:19.535+0200] {processor.py:179} INFO - Processing /mnt/f/UCU/BatchProc/lab1/venv/lib/python3.10/site-packages/airflow/example_dags/example_short_circuit_decorator.py took 0.080 seconds
[2023-11-28T03:12:13.808+0200] {processor.py:157} INFO - Started process (PID=28007) to work on /mnt/f/UCU/BatchProc/lab1/venv/lib/python3.10/site-packages/airflow/example_dags/example_short_circuit_decorator.py
[2023-11-28T03:12:13.812+0200] {processor.py:829} INFO - Processing file /mnt/f/UCU/BatchProc/lab1/venv/lib/python3.10/site-packages/airflow/example_dags/example_short_circuit_decorator.py for tasks to queue
[2023-11-28T03:12:13.813+0200] {logging_mixin.py:154} INFO - [2023-11-28T03:12:13.813+0200] {dagbag.py:536} INFO - Filling up the DagBag from /mnt/f/UCU/BatchProc/lab1/venv/lib/python3.10/site-packages/airflow/example_dags/example_short_circuit_decorator.py
[2023-11-28T03:12:13.841+0200] {processor.py:839} INFO - DAG(s) dict_keys(['example_short_circuit_decorator']) retrieved from /mnt/f/UCU/BatchProc/lab1/venv/lib/python3.10/site-packages/airflow/example_dags/example_short_circuit_decorator.py
[2023-11-28T03:12:13.859+0200] {logging_mixin.py:154} INFO - [2023-11-28T03:12:13.859+0200] {dag.py:2941} INFO - Sync 1 DAGs
[2023-11-28T03:12:13.871+0200] {logging_mixin.py:154} INFO - [2023-11-28T03:12:13.871+0200] {dag.py:3722} INFO - Setting next_dagrun for example_short_circuit_decorator to 2023-11-27T01:12:13.870997+00:00, run_after=2023-11-28T01:12:13.870997+00:00
[2023-11-28T03:12:13.894+0200] {processor.py:179} INFO - Processing /mnt/f/UCU/BatchProc/lab1/venv/lib/python3.10/site-packages/airflow/example_dags/example_short_circuit_decorator.py took 0.088 seconds
