[2023-11-28T03:10:06.076+0200] {processor.py:157} INFO - Started process (PID=27881) to work on /mnt/f/UCU/BatchProc/lab1/venv/lib/python3.10/site-packages/airflow/example_dags/example_branch_operator_decorator.py
[2023-11-28T03:10:06.076+0200] {processor.py:829} INFO - Processing file /mnt/f/UCU/BatchProc/lab1/venv/lib/python3.10/site-packages/airflow/example_dags/example_branch_operator_decorator.py for tasks to queue
[2023-11-28T03:10:06.077+0200] {logging_mixin.py:154} INFO - [2023-11-28T03:10:06.077+0200] {dagbag.py:536} INFO - Filling up the DagBag from /mnt/f/UCU/BatchProc/lab1/venv/lib/python3.10/site-packages/airflow/example_dags/example_branch_operator_decorator.py
[2023-11-28T03:10:06.104+0200] {processor.py:839} INFO - DAG(s) dict_keys(['example_branch_python_operator_decorator']) retrieved from /mnt/f/UCU/BatchProc/lab1/venv/lib/python3.10/site-packages/airflow/example_dags/example_branch_operator_decorator.py
[2023-11-28T03:10:06.208+0200] {logging_mixin.py:154} INFO - [2023-11-28T03:10:06.208+0200] {dag.py:2941} INFO - Sync 1 DAGs
[2023-11-28T03:10:06.220+0200] {logging_mixin.py:154} INFO - [2023-11-28T03:10:06.220+0200] {dag.py:3722} INFO - Setting next_dagrun for example_branch_python_operator_decorator to 2023-11-27T00:00:00+00:00, run_after=2023-11-28T00:00:00+00:00
[2023-11-28T03:10:06.242+0200] {processor.py:179} INFO - Processing /mnt/f/UCU/BatchProc/lab1/venv/lib/python3.10/site-packages/airflow/example_dags/example_branch_operator_decorator.py took 0.169 seconds
[2023-11-28T03:11:03.363+0200] {processor.py:157} INFO - Started process (PID=27937) to work on /mnt/f/UCU/BatchProc/lab1/venv/lib/python3.10/site-packages/airflow/example_dags/example_branch_operator_decorator.py
[2023-11-28T03:11:03.368+0200] {processor.py:829} INFO - Processing file /mnt/f/UCU/BatchProc/lab1/venv/lib/python3.10/site-packages/airflow/example_dags/example_branch_operator_decorator.py for tasks to queue
[2023-11-28T03:11:03.368+0200] {logging_mixin.py:154} INFO - [2023-11-28T03:11:03.368+0200] {dagbag.py:536} INFO - Filling up the DagBag from /mnt/f/UCU/BatchProc/lab1/venv/lib/python3.10/site-packages/airflow/example_dags/example_branch_operator_decorator.py
[2023-11-28T03:11:03.403+0200] {processor.py:839} INFO - DAG(s) dict_keys(['example_branch_python_operator_decorator']) retrieved from /mnt/f/UCU/BatchProc/lab1/venv/lib/python3.10/site-packages/airflow/example_dags/example_branch_operator_decorator.py
[2023-11-28T03:11:03.422+0200] {logging_mixin.py:154} INFO - [2023-11-28T03:11:03.422+0200] {dag.py:2941} INFO - Sync 1 DAGs
[2023-11-28T03:11:03.439+0200] {logging_mixin.py:154} INFO - [2023-11-28T03:11:03.438+0200] {dag.py:3722} INFO - Setting next_dagrun for example_branch_python_operator_decorator to 2023-11-27T00:00:00+00:00, run_after=2023-11-28T00:00:00+00:00
[2023-11-28T03:11:03.460+0200] {processor.py:179} INFO - Processing /mnt/f/UCU/BatchProc/lab1/venv/lib/python3.10/site-packages/airflow/example_dags/example_branch_operator_decorator.py took 0.100 seconds
[2023-11-28T03:11:58.198+0200] {processor.py:157} INFO - Started process (PID=27991) to work on /mnt/f/UCU/BatchProc/lab1/venv/lib/python3.10/site-packages/airflow/example_dags/example_branch_operator_decorator.py
[2023-11-28T03:11:58.202+0200] {processor.py:829} INFO - Processing file /mnt/f/UCU/BatchProc/lab1/venv/lib/python3.10/site-packages/airflow/example_dags/example_branch_operator_decorator.py for tasks to queue
[2023-11-28T03:11:58.203+0200] {logging_mixin.py:154} INFO - [2023-11-28T03:11:58.203+0200] {dagbag.py:536} INFO - Filling up the DagBag from /mnt/f/UCU/BatchProc/lab1/venv/lib/python3.10/site-packages/airflow/example_dags/example_branch_operator_decorator.py
[2023-11-28T03:11:58.235+0200] {processor.py:839} INFO - DAG(s) dict_keys(['example_branch_python_operator_decorator']) retrieved from /mnt/f/UCU/BatchProc/lab1/venv/lib/python3.10/site-packages/airflow/example_dags/example_branch_operator_decorator.py
[2023-11-28T03:11:58.253+0200] {logging_mixin.py:154} INFO - [2023-11-28T03:11:58.253+0200] {dag.py:2941} INFO - Sync 1 DAGs
[2023-11-28T03:11:58.266+0200] {logging_mixin.py:154} INFO - [2023-11-28T03:11:58.266+0200] {dag.py:3722} INFO - Setting next_dagrun for example_branch_python_operator_decorator to 2023-11-27T00:00:00+00:00, run_after=2023-11-28T00:00:00+00:00
[2023-11-28T03:11:58.287+0200] {processor.py:179} INFO - Processing /mnt/f/UCU/BatchProc/lab1/venv/lib/python3.10/site-packages/airflow/example_dags/example_branch_operator_decorator.py took 0.091 seconds
