[2023-11-28T03:09:59.589+0200] {processor.py:157} INFO - Started process (PID=27874) to work on /mnt/f/UCU/BatchProc/lab1/venv/lib/python3.10/site-packages/airflow/example_dags/example_dynamic_task_mapping.py
[2023-11-28T03:09:59.589+0200] {processor.py:829} INFO - Processing file /mnt/f/UCU/BatchProc/lab1/venv/lib/python3.10/site-packages/airflow/example_dags/example_dynamic_task_mapping.py for tasks to queue
[2023-11-28T03:09:59.590+0200] {logging_mixin.py:154} INFO - [2023-11-28T03:09:59.590+0200] {dagbag.py:536} INFO - Filling up the DagBag from /mnt/f/UCU/BatchProc/lab1/venv/lib/python3.10/site-packages/airflow/example_dags/example_dynamic_task_mapping.py
[2023-11-28T03:09:59.613+0200] {processor.py:839} INFO - DAG(s) dict_keys(['example_dynamic_task_mapping']) retrieved from /mnt/f/UCU/BatchProc/lab1/venv/lib/python3.10/site-packages/airflow/example_dags/example_dynamic_task_mapping.py
[2023-11-28T03:09:59.628+0200] {logging_mixin.py:154} INFO - [2023-11-28T03:09:59.628+0200] {dag.py:2941} INFO - Sync 1 DAGs
[2023-11-28T03:09:59.726+0200] {logging_mixin.py:154} INFO - [2023-11-28T03:09:59.726+0200] {dag.py:3722} INFO - Setting next_dagrun for example_dynamic_task_mapping to 2022-03-04T00:00:00+00:00, run_after=2022-03-05T00:00:00+00:00
[2023-11-28T03:09:59.748+0200] {processor.py:179} INFO - Processing /mnt/f/UCU/BatchProc/lab1/venv/lib/python3.10/site-packages/airflow/example_dags/example_dynamic_task_mapping.py took 0.162 seconds
[2023-11-28T03:10:47.745+0200] {processor.py:157} INFO - Started process (PID=27923) to work on /mnt/f/UCU/BatchProc/lab1/venv/lib/python3.10/site-packages/airflow/example_dags/example_dynamic_task_mapping.py
[2023-11-28T03:10:47.747+0200] {processor.py:829} INFO - Processing file /mnt/f/UCU/BatchProc/lab1/venv/lib/python3.10/site-packages/airflow/example_dags/example_dynamic_task_mapping.py for tasks to queue
[2023-11-28T03:10:47.747+0200] {logging_mixin.py:154} INFO - [2023-11-28T03:10:47.747+0200] {dagbag.py:536} INFO - Filling up the DagBag from /mnt/f/UCU/BatchProc/lab1/venv/lib/python3.10/site-packages/airflow/example_dags/example_dynamic_task_mapping.py
[2023-11-28T03:10:47.766+0200] {processor.py:839} INFO - DAG(s) dict_keys(['example_dynamic_task_mapping']) retrieved from /mnt/f/UCU/BatchProc/lab1/venv/lib/python3.10/site-packages/airflow/example_dags/example_dynamic_task_mapping.py
[2023-11-28T03:10:47.781+0200] {logging_mixin.py:154} INFO - [2023-11-28T03:10:47.781+0200] {dag.py:2941} INFO - Sync 1 DAGs
[2023-11-28T03:10:47.793+0200] {logging_mixin.py:154} INFO - [2023-11-28T03:10:47.793+0200] {dag.py:3722} INFO - Setting next_dagrun for example_dynamic_task_mapping to 2022-03-04T00:00:00+00:00, run_after=2022-03-05T00:00:00+00:00
[2023-11-28T03:10:48.008+0200] {processor.py:179} INFO - Processing /mnt/f/UCU/BatchProc/lab1/venv/lib/python3.10/site-packages/airflow/example_dags/example_dynamic_task_mapping.py took 0.265 seconds
[2023-11-28T03:11:44.971+0200] {processor.py:157} INFO - Started process (PID=27979) to work on /mnt/f/UCU/BatchProc/lab1/venv/lib/python3.10/site-packages/airflow/example_dags/example_dynamic_task_mapping.py
[2023-11-28T03:11:44.972+0200] {processor.py:829} INFO - Processing file /mnt/f/UCU/BatchProc/lab1/venv/lib/python3.10/site-packages/airflow/example_dags/example_dynamic_task_mapping.py for tasks to queue
[2023-11-28T03:11:44.973+0200] {logging_mixin.py:154} INFO - [2023-11-28T03:11:44.973+0200] {dagbag.py:536} INFO - Filling up the DagBag from /mnt/f/UCU/BatchProc/lab1/venv/lib/python3.10/site-packages/airflow/example_dags/example_dynamic_task_mapping.py
[2023-11-28T03:11:44.995+0200] {processor.py:839} INFO - DAG(s) dict_keys(['example_dynamic_task_mapping']) retrieved from /mnt/f/UCU/BatchProc/lab1/venv/lib/python3.10/site-packages/airflow/example_dags/example_dynamic_task_mapping.py
[2023-11-28T03:11:45.011+0200] {logging_mixin.py:154} INFO - [2023-11-28T03:11:45.011+0200] {dag.py:2941} INFO - Sync 1 DAGs
[2023-11-28T03:11:45.025+0200] {logging_mixin.py:154} INFO - [2023-11-28T03:11:45.025+0200] {dag.py:3722} INFO - Setting next_dagrun for example_dynamic_task_mapping to 2022-03-04T00:00:00+00:00, run_after=2022-03-05T00:00:00+00:00
[2023-11-28T03:11:45.046+0200] {processor.py:179} INFO - Processing /mnt/f/UCU/BatchProc/lab1/venv/lib/python3.10/site-packages/airflow/example_dags/example_dynamic_task_mapping.py took 0.077 seconds
