[2023-11-28T03:09:52.887+0200] {processor.py:157} INFO - Started process (PID=27868) to work on /mnt/f/UCU/BatchProc/lab1/venv/lib/python3.10/site-packages/airflow/example_dags/example_local_kubernetes_executor.py
[2023-11-28T03:09:52.887+0200] {processor.py:829} INFO - Processing file /mnt/f/UCU/BatchProc/lab1/venv/lib/python3.10/site-packages/airflow/example_dags/example_local_kubernetes_executor.py for tasks to queue
[2023-11-28T03:09:52.888+0200] {logging_mixin.py:154} INFO - [2023-11-28T03:09:52.888+0200] {dagbag.py:536} INFO - Filling up the DagBag from /mnt/f/UCU/BatchProc/lab1/venv/lib/python3.10/site-packages/airflow/example_dags/example_local_kubernetes_executor.py
[2023-11-28T03:09:52.911+0200] {processor.py:839} INFO - DAG(s) dict_keys(['example_local_kubernetes_executor']) retrieved from /mnt/f/UCU/BatchProc/lab1/venv/lib/python3.10/site-packages/airflow/example_dags/example_local_kubernetes_executor.py
[2023-11-28T03:09:53.124+0200] {logging_mixin.py:154} INFO - [2023-11-28T03:09:53.123+0200] {dag.py:2941} INFO - Sync 1 DAGs
[2023-11-28T03:09:53.218+0200] {logging_mixin.py:154} INFO - [2023-11-28T03:09:53.218+0200] {dag.py:3722} INFO - Setting next_dagrun for example_local_kubernetes_executor to None, run_after=None
[2023-11-28T03:09:53.238+0200] {processor.py:179} INFO - Processing /mnt/f/UCU/BatchProc/lab1/venv/lib/python3.10/site-packages/airflow/example_dags/example_local_kubernetes_executor.py took 0.353 seconds
[2023-11-28T03:10:41.155+0200] {processor.py:157} INFO - Started process (PID=27917) to work on /mnt/f/UCU/BatchProc/lab1/venv/lib/python3.10/site-packages/airflow/example_dags/example_local_kubernetes_executor.py
[2023-11-28T03:10:41.159+0200] {processor.py:829} INFO - Processing file /mnt/f/UCU/BatchProc/lab1/venv/lib/python3.10/site-packages/airflow/example_dags/example_local_kubernetes_executor.py for tasks to queue
[2023-11-28T03:10:41.160+0200] {logging_mixin.py:154} INFO - [2023-11-28T03:10:41.160+0200] {dagbag.py:536} INFO - Filling up the DagBag from /mnt/f/UCU/BatchProc/lab1/venv/lib/python3.10/site-packages/airflow/example_dags/example_local_kubernetes_executor.py
[2023-11-28T03:10:41.183+0200] {processor.py:839} INFO - DAG(s) dict_keys(['example_local_kubernetes_executor']) retrieved from /mnt/f/UCU/BatchProc/lab1/venv/lib/python3.10/site-packages/airflow/example_dags/example_local_kubernetes_executor.py
[2023-11-28T03:10:41.318+0200] {logging_mixin.py:154} INFO - [2023-11-28T03:10:41.317+0200] {dag.py:2941} INFO - Sync 1 DAGs
[2023-11-28T03:10:41.328+0200] {logging_mixin.py:154} INFO - [2023-11-28T03:10:41.328+0200] {dag.py:3722} INFO - Setting next_dagrun for example_local_kubernetes_executor to None, run_after=None
[2023-11-28T03:10:41.348+0200] {processor.py:179} INFO - Processing /mnt/f/UCU/BatchProc/lab1/venv/lib/python3.10/site-packages/airflow/example_dags/example_local_kubernetes_executor.py took 0.195 seconds
[2023-11-28T03:11:38.460+0200] {processor.py:157} INFO - Started process (PID=27973) to work on /mnt/f/UCU/BatchProc/lab1/venv/lib/python3.10/site-packages/airflow/example_dags/example_local_kubernetes_executor.py
[2023-11-28T03:11:38.464+0200] {processor.py:829} INFO - Processing file /mnt/f/UCU/BatchProc/lab1/venv/lib/python3.10/site-packages/airflow/example_dags/example_local_kubernetes_executor.py for tasks to queue
[2023-11-28T03:11:38.465+0200] {logging_mixin.py:154} INFO - [2023-11-28T03:11:38.464+0200] {dagbag.py:536} INFO - Filling up the DagBag from /mnt/f/UCU/BatchProc/lab1/venv/lib/python3.10/site-packages/airflow/example_dags/example_local_kubernetes_executor.py
[2023-11-28T03:11:38.489+0200] {processor.py:839} INFO - DAG(s) dict_keys(['example_local_kubernetes_executor']) retrieved from /mnt/f/UCU/BatchProc/lab1/venv/lib/python3.10/site-packages/airflow/example_dags/example_local_kubernetes_executor.py
[2023-11-28T03:11:38.648+0200] {logging_mixin.py:154} INFO - [2023-11-28T03:11:38.648+0200] {dag.py:2941} INFO - Sync 1 DAGs
[2023-11-28T03:11:38.656+0200] {logging_mixin.py:154} INFO - [2023-11-28T03:11:38.656+0200] {dag.py:3722} INFO - Setting next_dagrun for example_local_kubernetes_executor to None, run_after=None
[2023-11-28T03:11:38.682+0200] {processor.py:179} INFO - Processing /mnt/f/UCU/BatchProc/lab1/venv/lib/python3.10/site-packages/airflow/example_dags/example_local_kubernetes_executor.py took 0.225 seconds
