[2023-11-28T03:09:55.596+0200] {processor.py:157} INFO - Started process (PID=27870) to work on /mnt/f/UCU/BatchProc/lab1/venv/lib/python3.10/site-packages/airflow/example_dags/example_latest_only.py
[2023-11-28T03:09:55.597+0200] {processor.py:829} INFO - Processing file /mnt/f/UCU/BatchProc/lab1/venv/lib/python3.10/site-packages/airflow/example_dags/example_latest_only.py for tasks to queue
[2023-11-28T03:09:55.597+0200] {logging_mixin.py:154} INFO - [2023-11-28T03:09:55.597+0200] {dagbag.py:536} INFO - Filling up the DagBag from /mnt/f/UCU/BatchProc/lab1/venv/lib/python3.10/site-packages/airflow/example_dags/example_latest_only.py
[2023-11-28T03:09:55.618+0200] {processor.py:839} INFO - DAG(s) dict_keys(['latest_only']) retrieved from /mnt/f/UCU/BatchProc/lab1/venv/lib/python3.10/site-packages/airflow/example_dags/example_latest_only.py
[2023-11-28T03:09:55.640+0200] {logging_mixin.py:154} INFO - [2023-11-28T03:09:55.640+0200] {dag.py:2941} INFO - Sync 1 DAGs
[2023-11-28T03:09:55.737+0200] {logging_mixin.py:154} INFO - [2023-11-28T03:09:55.737+0200] {dag.py:3722} INFO - Setting next_dagrun for latest_only to 2023-11-27T21:09:55.737424+00:00, run_after=2023-11-28T01:09:55.737424+00:00
[2023-11-28T03:09:55.760+0200] {processor.py:179} INFO - Processing /mnt/f/UCU/BatchProc/lab1/venv/lib/python3.10/site-packages/airflow/example_dags/example_latest_only.py took 0.166 seconds
[2023-11-28T03:10:43.555+0200] {processor.py:157} INFO - Started process (PID=27919) to work on /mnt/f/UCU/BatchProc/lab1/venv/lib/python3.10/site-packages/airflow/example_dags/example_latest_only.py
[2023-11-28T03:10:43.556+0200] {processor.py:829} INFO - Processing file /mnt/f/UCU/BatchProc/lab1/venv/lib/python3.10/site-packages/airflow/example_dags/example_latest_only.py for tasks to queue
[2023-11-28T03:10:43.557+0200] {logging_mixin.py:154} INFO - [2023-11-28T03:10:43.557+0200] {dagbag.py:536} INFO - Filling up the DagBag from /mnt/f/UCU/BatchProc/lab1/venv/lib/python3.10/site-packages/airflow/example_dags/example_latest_only.py
[2023-11-28T03:10:43.579+0200] {processor.py:839} INFO - DAG(s) dict_keys(['latest_only']) retrieved from /mnt/f/UCU/BatchProc/lab1/venv/lib/python3.10/site-packages/airflow/example_dags/example_latest_only.py
[2023-11-28T03:10:43.595+0200] {logging_mixin.py:154} INFO - [2023-11-28T03:10:43.594+0200] {dag.py:2941} INFO - Sync 1 DAGs
[2023-11-28T03:10:43.606+0200] {logging_mixin.py:154} INFO - [2023-11-28T03:10:43.606+0200] {dag.py:3722} INFO - Setting next_dagrun for latest_only to 2023-11-27T21:10:43.606357+00:00, run_after=2023-11-28T01:10:43.606357+00:00
[2023-11-28T03:10:43.751+0200] {processor.py:179} INFO - Processing /mnt/f/UCU/BatchProc/lab1/venv/lib/python3.10/site-packages/airflow/example_dags/example_latest_only.py took 0.198 seconds
[2023-11-28T03:11:40.925+0200] {processor.py:157} INFO - Started process (PID=27975) to work on /mnt/f/UCU/BatchProc/lab1/venv/lib/python3.10/site-packages/airflow/example_dags/example_latest_only.py
[2023-11-28T03:11:40.929+0200] {processor.py:829} INFO - Processing file /mnt/f/UCU/BatchProc/lab1/venv/lib/python3.10/site-packages/airflow/example_dags/example_latest_only.py for tasks to queue
[2023-11-28T03:11:40.930+0200] {logging_mixin.py:154} INFO - [2023-11-28T03:11:40.930+0200] {dagbag.py:536} INFO - Filling up the DagBag from /mnt/f/UCU/BatchProc/lab1/venv/lib/python3.10/site-packages/airflow/example_dags/example_latest_only.py
[2023-11-28T03:11:40.952+0200] {processor.py:839} INFO - DAG(s) dict_keys(['latest_only']) retrieved from /mnt/f/UCU/BatchProc/lab1/venv/lib/python3.10/site-packages/airflow/example_dags/example_latest_only.py
[2023-11-28T03:11:40.968+0200] {logging_mixin.py:154} INFO - [2023-11-28T03:11:40.968+0200] {dag.py:2941} INFO - Sync 1 DAGs
[2023-11-28T03:11:40.981+0200] {logging_mixin.py:154} INFO - [2023-11-28T03:11:40.981+0200] {dag.py:3722} INFO - Setting next_dagrun for latest_only to 2023-11-27T21:11:40.981045+00:00, run_after=2023-11-28T01:11:40.981045+00:00
[2023-11-28T03:11:41.002+0200] {processor.py:179} INFO - Processing /mnt/f/UCU/BatchProc/lab1/venv/lib/python3.10/site-packages/airflow/example_dags/example_latest_only.py took 0.079 seconds
