[2023-11-28T03:09:58.615+0200] {processor.py:157} INFO - Started process (PID=27873) to work on /mnt/f/UCU/BatchProc/lab1/venv/lib/python3.10/site-packages/airflow/example_dags/example_dynamic_task_mapping_with_no_taskflow_operators.py
[2023-11-28T03:09:58.615+0200] {processor.py:829} INFO - Processing file /mnt/f/UCU/BatchProc/lab1/venv/lib/python3.10/site-packages/airflow/example_dags/example_dynamic_task_mapping_with_no_taskflow_operators.py for tasks to queue
[2023-11-28T03:09:58.616+0200] {logging_mixin.py:154} INFO - [2023-11-28T03:09:58.616+0200] {dagbag.py:536} INFO - Filling up the DagBag from /mnt/f/UCU/BatchProc/lab1/venv/lib/python3.10/site-packages/airflow/example_dags/example_dynamic_task_mapping_with_no_taskflow_operators.py
[2023-11-28T03:09:58.636+0200] {processor.py:839} INFO - DAG(s) dict_keys(['example_dynamic_task_mapping_with_no_taskflow_operators']) retrieved from /mnt/f/UCU/BatchProc/lab1/venv/lib/python3.10/site-packages/airflow/example_dags/example_dynamic_task_mapping_with_no_taskflow_operators.py
[2023-11-28T03:09:58.651+0200] {logging_mixin.py:154} INFO - [2023-11-28T03:09:58.651+0200] {dag.py:2941} INFO - Sync 1 DAGs
[2023-11-28T03:09:58.748+0200] {logging_mixin.py:154} INFO - [2023-11-28T03:09:58.748+0200] {dag.py:3722} INFO - Setting next_dagrun for example_dynamic_task_mapping_with_no_taskflow_operators to 2023-11-27T01:09:58.748435+00:00, run_after=2023-11-28T01:09:58.748435+00:00
[2023-11-28T03:09:58.766+0200] {processor.py:179} INFO - Processing /mnt/f/UCU/BatchProc/lab1/venv/lib/python3.10/site-packages/airflow/example_dags/example_dynamic_task_mapping_with_no_taskflow_operators.py took 0.154 seconds
[2023-11-28T03:10:46.400+0200] {processor.py:157} INFO - Started process (PID=27922) to work on /mnt/f/UCU/BatchProc/lab1/venv/lib/python3.10/site-packages/airflow/example_dags/example_dynamic_task_mapping_with_no_taskflow_operators.py
[2023-11-28T03:10:46.401+0200] {processor.py:829} INFO - Processing file /mnt/f/UCU/BatchProc/lab1/venv/lib/python3.10/site-packages/airflow/example_dags/example_dynamic_task_mapping_with_no_taskflow_operators.py for tasks to queue
[2023-11-28T03:10:46.402+0200] {logging_mixin.py:154} INFO - [2023-11-28T03:10:46.402+0200] {dagbag.py:536} INFO - Filling up the DagBag from /mnt/f/UCU/BatchProc/lab1/venv/lib/python3.10/site-packages/airflow/example_dags/example_dynamic_task_mapping_with_no_taskflow_operators.py
[2023-11-28T03:10:46.423+0200] {processor.py:839} INFO - DAG(s) dict_keys(['example_dynamic_task_mapping_with_no_taskflow_operators']) retrieved from /mnt/f/UCU/BatchProc/lab1/venv/lib/python3.10/site-packages/airflow/example_dags/example_dynamic_task_mapping_with_no_taskflow_operators.py
[2023-11-28T03:10:46.440+0200] {logging_mixin.py:154} INFO - [2023-11-28T03:10:46.439+0200] {dag.py:2941} INFO - Sync 1 DAGs
[2023-11-28T03:10:46.451+0200] {logging_mixin.py:154} INFO - [2023-11-28T03:10:46.451+0200] {dag.py:3722} INFO - Setting next_dagrun for example_dynamic_task_mapping_with_no_taskflow_operators to 2023-11-27T01:10:46.451630+00:00, run_after=2023-11-28T01:10:46.451630+00:00
[2023-11-28T03:10:46.678+0200] {processor.py:179} INFO - Processing /mnt/f/UCU/BatchProc/lab1/venv/lib/python3.10/site-packages/airflow/example_dags/example_dynamic_task_mapping_with_no_taskflow_operators.py took 0.280 seconds
[2023-11-28T03:11:43.822+0200] {processor.py:157} INFO - Started process (PID=27978) to work on /mnt/f/UCU/BatchProc/lab1/venv/lib/python3.10/site-packages/airflow/example_dags/example_dynamic_task_mapping_with_no_taskflow_operators.py
[2023-11-28T03:11:43.826+0200] {processor.py:829} INFO - Processing file /mnt/f/UCU/BatchProc/lab1/venv/lib/python3.10/site-packages/airflow/example_dags/example_dynamic_task_mapping_with_no_taskflow_operators.py for tasks to queue
[2023-11-28T03:11:43.827+0200] {logging_mixin.py:154} INFO - [2023-11-28T03:11:43.827+0200] {dagbag.py:536} INFO - Filling up the DagBag from /mnt/f/UCU/BatchProc/lab1/venv/lib/python3.10/site-packages/airflow/example_dags/example_dynamic_task_mapping_with_no_taskflow_operators.py
[2023-11-28T03:11:43.851+0200] {processor.py:839} INFO - DAG(s) dict_keys(['example_dynamic_task_mapping_with_no_taskflow_operators']) retrieved from /mnt/f/UCU/BatchProc/lab1/venv/lib/python3.10/site-packages/airflow/example_dags/example_dynamic_task_mapping_with_no_taskflow_operators.py
[2023-11-28T03:11:43.867+0200] {logging_mixin.py:154} INFO - [2023-11-28T03:11:43.867+0200] {dag.py:2941} INFO - Sync 1 DAGs
[2023-11-28T03:11:43.880+0200] {logging_mixin.py:154} INFO - [2023-11-28T03:11:43.880+0200] {dag.py:3722} INFO - Setting next_dagrun for example_dynamic_task_mapping_with_no_taskflow_operators to 2023-11-27T01:11:43.879618+00:00, run_after=2023-11-28T01:11:43.879618+00:00
[2023-11-28T03:11:43.903+0200] {processor.py:179} INFO - Processing /mnt/f/UCU/BatchProc/lab1/venv/lib/python3.10/site-packages/airflow/example_dags/example_dynamic_task_mapping_with_no_taskflow_operators.py took 0.083 seconds
