[2023-11-28T03:09:33.552+0200] {processor.py:157} INFO - Started process (PID=27850) to work on /mnt/f/UCU/BatchProc/lab1/venv/lib/python3.10/site-packages/airflow/example_dags/example_trigger_controller_dag.py
[2023-11-28T03:09:33.552+0200] {processor.py:829} INFO - Processing file /mnt/f/UCU/BatchProc/lab1/venv/lib/python3.10/site-packages/airflow/example_dags/example_trigger_controller_dag.py for tasks to queue
[2023-11-28T03:09:33.553+0200] {logging_mixin.py:154} INFO - [2023-11-28T03:09:33.553+0200] {dagbag.py:536} INFO - Filling up the DagBag from /mnt/f/UCU/BatchProc/lab1/venv/lib/python3.10/site-packages/airflow/example_dags/example_trigger_controller_dag.py
[2023-11-28T03:09:33.572+0200] {processor.py:839} INFO - DAG(s) dict_keys(['example_trigger_controller_dag']) retrieved from /mnt/f/UCU/BatchProc/lab1/venv/lib/python3.10/site-packages/airflow/example_dags/example_trigger_controller_dag.py
[2023-11-28T03:09:33.601+0200] {logging_mixin.py:154} INFO - [2023-11-28T03:09:33.601+0200] {dag.py:2941} INFO - Sync 1 DAGs
[2023-11-28T03:09:33.613+0200] {logging_mixin.py:154} INFO - [2023-11-28T03:09:33.613+0200] {dag.py:3722} INFO - Setting next_dagrun for example_trigger_controller_dag to 2021-01-01T00:00:00+00:00, run_after=2021-01-01T00:00:00+00:00
[2023-11-28T03:09:33.634+0200] {processor.py:179} INFO - Processing /mnt/f/UCU/BatchProc/lab1/venv/lib/python3.10/site-packages/airflow/example_dags/example_trigger_controller_dag.py took 0.085 seconds
[2023-11-28T03:10:22.858+0200] {processor.py:157} INFO - Started process (PID=27899) to work on /mnt/f/UCU/BatchProc/lab1/venv/lib/python3.10/site-packages/airflow/example_dags/example_trigger_controller_dag.py
[2023-11-28T03:10:22.862+0200] {processor.py:829} INFO - Processing file /mnt/f/UCU/BatchProc/lab1/venv/lib/python3.10/site-packages/airflow/example_dags/example_trigger_controller_dag.py for tasks to queue
[2023-11-28T03:10:22.862+0200] {logging_mixin.py:154} INFO - [2023-11-28T03:10:22.862+0200] {dagbag.py:536} INFO - Filling up the DagBag from /mnt/f/UCU/BatchProc/lab1/venv/lib/python3.10/site-packages/airflow/example_dags/example_trigger_controller_dag.py
[2023-11-28T03:10:22.883+0200] {processor.py:839} INFO - DAG(s) dict_keys(['example_trigger_controller_dag']) retrieved from /mnt/f/UCU/BatchProc/lab1/venv/lib/python3.10/site-packages/airflow/example_dags/example_trigger_controller_dag.py
[2023-11-28T03:10:22.900+0200] {logging_mixin.py:154} INFO - [2023-11-28T03:10:22.900+0200] {dag.py:2941} INFO - Sync 1 DAGs
[2023-11-28T03:10:22.912+0200] {logging_mixin.py:154} INFO - [2023-11-28T03:10:22.912+0200] {dag.py:3722} INFO - Setting next_dagrun for example_trigger_controller_dag to 2021-01-01T00:00:00+00:00, run_after=2021-01-01T00:00:00+00:00
[2023-11-28T03:10:22.934+0200] {processor.py:179} INFO - Processing /mnt/f/UCU/BatchProc/lab1/venv/lib/python3.10/site-packages/airflow/example_dags/example_trigger_controller_dag.py took 0.079 seconds
[2023-11-28T03:11:12.613+0200] {processor.py:157} INFO - Started process (PID=27946) to work on /mnt/f/UCU/BatchProc/lab1/venv/lib/python3.10/site-packages/airflow/example_dags/example_trigger_controller_dag.py
[2023-11-28T03:11:12.617+0200] {processor.py:829} INFO - Processing file /mnt/f/UCU/BatchProc/lab1/venv/lib/python3.10/site-packages/airflow/example_dags/example_trigger_controller_dag.py for tasks to queue
[2023-11-28T03:11:12.618+0200] {logging_mixin.py:154} INFO - [2023-11-28T03:11:12.618+0200] {dagbag.py:536} INFO - Filling up the DagBag from /mnt/f/UCU/BatchProc/lab1/venv/lib/python3.10/site-packages/airflow/example_dags/example_trigger_controller_dag.py
[2023-11-28T03:11:12.643+0200] {processor.py:839} INFO - DAG(s) dict_keys(['example_trigger_controller_dag']) retrieved from /mnt/f/UCU/BatchProc/lab1/venv/lib/python3.10/site-packages/airflow/example_dags/example_trigger_controller_dag.py
[2023-11-28T03:11:12.660+0200] {logging_mixin.py:154} INFO - [2023-11-28T03:11:12.660+0200] {dag.py:2941} INFO - Sync 1 DAGs
[2023-11-28T03:11:12.675+0200] {logging_mixin.py:154} INFO - [2023-11-28T03:11:12.674+0200] {dag.py:3722} INFO - Setting next_dagrun for example_trigger_controller_dag to 2021-01-01T00:00:00+00:00, run_after=2021-01-01T00:00:00+00:00
[2023-11-28T03:11:12.696+0200] {processor.py:179} INFO - Processing /mnt/f/UCU/BatchProc/lab1/venv/lib/python3.10/site-packages/airflow/example_dags/example_trigger_controller_dag.py took 0.085 seconds
[2023-11-28T03:11:49.622+0200] {processor.py:157} INFO - Started process (PID=27984) to work on /mnt/f/UCU/BatchProc/lab1/venv/lib/python3.10/site-packages/airflow/example_dags/example_trigger_controller_dag.py
[2023-11-28T03:11:49.704+0200] {processor.py:829} INFO - Processing file /mnt/f/UCU/BatchProc/lab1/venv/lib/python3.10/site-packages/airflow/example_dags/example_trigger_controller_dag.py for tasks to queue
[2023-11-28T03:11:49.704+0200] {logging_mixin.py:154} INFO - [2023-11-28T03:11:49.704+0200] {dagbag.py:536} INFO - Filling up the DagBag from /mnt/f/UCU/BatchProc/lab1/venv/lib/python3.10/site-packages/airflow/example_dags/example_trigger_controller_dag.py
[2023-11-28T03:11:49.723+0200] {processor.py:839} INFO - DAG(s) dict_keys(['example_trigger_controller_dag']) retrieved from /mnt/f/UCU/BatchProc/lab1/venv/lib/python3.10/site-packages/airflow/example_dags/example_trigger_controller_dag.py
[2023-11-28T03:11:49.740+0200] {logging_mixin.py:154} INFO - [2023-11-28T03:11:49.740+0200] {dag.py:2941} INFO - Sync 1 DAGs
[2023-11-28T03:11:49.753+0200] {logging_mixin.py:154} INFO - [2023-11-28T03:11:49.753+0200] {dag.py:3722} INFO - Setting next_dagrun for example_trigger_controller_dag to 2021-01-01T00:00:00+00:00, run_after=2021-01-01T00:00:00+00:00
[2023-11-28T03:11:49.774+0200] {processor.py:179} INFO - Processing /mnt/f/UCU/BatchProc/lab1/venv/lib/python3.10/site-packages/airflow/example_dags/example_trigger_controller_dag.py took 0.154 seconds
