[2023-11-28T03:09:54.340+0200] {processor.py:157} INFO - Started process (PID=27869) to work on /mnt/f/UCU/BatchProc/lab1/venv/lib/python3.10/site-packages/airflow/example_dags/example_latest_only_with_trigger.py
[2023-11-28T03:09:54.341+0200] {processor.py:829} INFO - Processing file /mnt/f/UCU/BatchProc/lab1/venv/lib/python3.10/site-packages/airflow/example_dags/example_latest_only_with_trigger.py for tasks to queue
[2023-11-28T03:09:54.341+0200] {logging_mixin.py:154} INFO - [2023-11-28T03:09:54.341+0200] {dagbag.py:536} INFO - Filling up the DagBag from /mnt/f/UCU/BatchProc/lab1/venv/lib/python3.10/site-packages/airflow/example_dags/example_latest_only_with_trigger.py
[2023-11-28T03:09:54.362+0200] {processor.py:839} INFO - DAG(s) dict_keys(['latest_only_with_trigger']) retrieved from /mnt/f/UCU/BatchProc/lab1/venv/lib/python3.10/site-packages/airflow/example_dags/example_latest_only_with_trigger.py
[2023-11-28T03:09:54.385+0200] {logging_mixin.py:154} INFO - [2023-11-28T03:09:54.384+0200] {dag.py:2941} INFO - Sync 1 DAGs
[2023-11-28T03:09:54.483+0200] {logging_mixin.py:154} INFO - [2023-11-28T03:09:54.483+0200] {dag.py:3722} INFO - Setting next_dagrun for latest_only_with_trigger to 2023-11-27T21:09:54.483106+00:00, run_after=2023-11-28T01:09:54.483106+00:00
[2023-11-28T03:09:54.503+0200] {processor.py:179} INFO - Processing /mnt/f/UCU/BatchProc/lab1/venv/lib/python3.10/site-packages/airflow/example_dags/example_latest_only_with_trigger.py took 0.165 seconds
[2023-11-28T03:10:42.413+0200] {processor.py:157} INFO - Started process (PID=27918) to work on /mnt/f/UCU/BatchProc/lab1/venv/lib/python3.10/site-packages/airflow/example_dags/example_latest_only_with_trigger.py
[2023-11-28T03:10:42.414+0200] {processor.py:829} INFO - Processing file /mnt/f/UCU/BatchProc/lab1/venv/lib/python3.10/site-packages/airflow/example_dags/example_latest_only_with_trigger.py for tasks to queue
[2023-11-28T03:10:42.414+0200] {logging_mixin.py:154} INFO - [2023-11-28T03:10:42.414+0200] {dagbag.py:536} INFO - Filling up the DagBag from /mnt/f/UCU/BatchProc/lab1/venv/lib/python3.10/site-packages/airflow/example_dags/example_latest_only_with_trigger.py
[2023-11-28T03:10:42.436+0200] {processor.py:839} INFO - DAG(s) dict_keys(['latest_only_with_trigger']) retrieved from /mnt/f/UCU/BatchProc/lab1/venv/lib/python3.10/site-packages/airflow/example_dags/example_latest_only_with_trigger.py
[2023-11-28T03:10:42.452+0200] {logging_mixin.py:154} INFO - [2023-11-28T03:10:42.452+0200] {dag.py:2941} INFO - Sync 1 DAGs
[2023-11-28T03:10:42.464+0200] {logging_mixin.py:154} INFO - [2023-11-28T03:10:42.464+0200] {dag.py:3722} INFO - Setting next_dagrun for latest_only_with_trigger to 2023-11-27T21:10:42.463886+00:00, run_after=2023-11-28T01:10:42.463886+00:00
[2023-11-28T03:10:42.483+0200] {processor.py:179} INFO - Processing /mnt/f/UCU/BatchProc/lab1/venv/lib/python3.10/site-packages/airflow/example_dags/example_latest_only_with_trigger.py took 0.073 seconds
[2023-11-28T03:11:39.824+0200] {processor.py:157} INFO - Started process (PID=27974) to work on /mnt/f/UCU/BatchProc/lab1/venv/lib/python3.10/site-packages/airflow/example_dags/example_latest_only_with_trigger.py
[2023-11-28T03:11:39.827+0200] {processor.py:829} INFO - Processing file /mnt/f/UCU/BatchProc/lab1/venv/lib/python3.10/site-packages/airflow/example_dags/example_latest_only_with_trigger.py for tasks to queue
[2023-11-28T03:11:39.828+0200] {logging_mixin.py:154} INFO - [2023-11-28T03:11:39.828+0200] {dagbag.py:536} INFO - Filling up the DagBag from /mnt/f/UCU/BatchProc/lab1/venv/lib/python3.10/site-packages/airflow/example_dags/example_latest_only_with_trigger.py
[2023-11-28T03:11:39.852+0200] {processor.py:839} INFO - DAG(s) dict_keys(['latest_only_with_trigger']) retrieved from /mnt/f/UCU/BatchProc/lab1/venv/lib/python3.10/site-packages/airflow/example_dags/example_latest_only_with_trigger.py
[2023-11-28T03:11:39.870+0200] {logging_mixin.py:154} INFO - [2023-11-28T03:11:39.870+0200] {dag.py:2941} INFO - Sync 1 DAGs
[2023-11-28T03:11:39.883+0200] {logging_mixin.py:154} INFO - [2023-11-28T03:11:39.883+0200] {dag.py:3722} INFO - Setting next_dagrun for latest_only_with_trigger to 2023-11-27T21:11:39.883351+00:00, run_after=2023-11-28T01:11:39.883351+00:00
[2023-11-28T03:11:39.904+0200] {processor.py:179} INFO - Processing /mnt/f/UCU/BatchProc/lab1/venv/lib/python3.10/site-packages/airflow/example_dags/example_latest_only_with_trigger.py took 0.082 seconds
