[2023-11-28T03:09:43.275+0200] {processor.py:157} INFO - Started process (PID=27859) to work on /mnt/f/UCU/BatchProc/lab1/venv/lib/python3.10/site-packages/airflow/example_dags/example_setup_teardown_taskflow.py
[2023-11-28T03:09:43.275+0200] {processor.py:829} INFO - Processing file /mnt/f/UCU/BatchProc/lab1/venv/lib/python3.10/site-packages/airflow/example_dags/example_setup_teardown_taskflow.py for tasks to queue
[2023-11-28T03:09:43.276+0200] {logging_mixin.py:154} INFO - [2023-11-28T03:09:43.275+0200] {dagbag.py:536} INFO - Filling up the DagBag from /mnt/f/UCU/BatchProc/lab1/venv/lib/python3.10/site-packages/airflow/example_dags/example_setup_teardown_taskflow.py
[2023-11-28T03:09:43.299+0200] {processor.py:839} INFO - DAG(s) dict_keys(['example_setup_teardown_taskflow']) retrieved from /mnt/f/UCU/BatchProc/lab1/venv/lib/python3.10/site-packages/airflow/example_dags/example_setup_teardown_taskflow.py
[2023-11-28T03:09:43.325+0200] {logging_mixin.py:154} INFO - [2023-11-28T03:09:43.325+0200] {dag.py:2941} INFO - Sync 1 DAGs
[2023-11-28T03:09:43.337+0200] {logging_mixin.py:154} INFO - [2023-11-28T03:09:43.337+0200] {dag.py:3722} INFO - Setting next_dagrun for example_setup_teardown_taskflow to 2023-11-27T01:09:43.336922+00:00, run_after=2023-11-28T01:09:43.336922+00:00
[2023-11-28T03:09:43.358+0200] {processor.py:179} INFO - Processing /mnt/f/UCU/BatchProc/lab1/venv/lib/python3.10/site-packages/airflow/example_dags/example_setup_teardown_taskflow.py took 0.086 seconds
[2023-11-28T03:10:32.078+0200] {processor.py:157} INFO - Started process (PID=27908) to work on /mnt/f/UCU/BatchProc/lab1/venv/lib/python3.10/site-packages/airflow/example_dags/example_setup_teardown_taskflow.py
[2023-11-28T03:10:32.082+0200] {processor.py:829} INFO - Processing file /mnt/f/UCU/BatchProc/lab1/venv/lib/python3.10/site-packages/airflow/example_dags/example_setup_teardown_taskflow.py for tasks to queue
[2023-11-28T03:10:32.082+0200] {logging_mixin.py:154} INFO - [2023-11-28T03:10:32.082+0200] {dagbag.py:536} INFO - Filling up the DagBag from /mnt/f/UCU/BatchProc/lab1/venv/lib/python3.10/site-packages/airflow/example_dags/example_setup_teardown_taskflow.py
[2023-11-28T03:10:32.105+0200] {processor.py:839} INFO - DAG(s) dict_keys(['example_setup_teardown_taskflow']) retrieved from /mnt/f/UCU/BatchProc/lab1/venv/lib/python3.10/site-packages/airflow/example_dags/example_setup_teardown_taskflow.py
[2023-11-28T03:10:32.121+0200] {logging_mixin.py:154} INFO - [2023-11-28T03:10:32.121+0200] {dag.py:2941} INFO - Sync 1 DAGs
[2023-11-28T03:10:32.133+0200] {logging_mixin.py:154} INFO - [2023-11-28T03:10:32.133+0200] {dag.py:3722} INFO - Setting next_dagrun for example_setup_teardown_taskflow to 2023-11-27T01:10:32.133168+00:00, run_after=2023-11-28T01:10:32.133168+00:00
[2023-11-28T03:10:32.152+0200] {processor.py:179} INFO - Processing /mnt/f/UCU/BatchProc/lab1/venv/lib/python3.10/site-packages/airflow/example_dags/example_setup_teardown_taskflow.py took 0.076 seconds
[2023-11-28T03:11:20.592+0200] {processor.py:157} INFO - Started process (PID=27955) to work on /mnt/f/UCU/BatchProc/lab1/venv/lib/python3.10/site-packages/airflow/example_dags/example_setup_teardown_taskflow.py
[2023-11-28T03:11:20.596+0200] {processor.py:829} INFO - Processing file /mnt/f/UCU/BatchProc/lab1/venv/lib/python3.10/site-packages/airflow/example_dags/example_setup_teardown_taskflow.py for tasks to queue
[2023-11-28T03:11:20.597+0200] {logging_mixin.py:154} INFO - [2023-11-28T03:11:20.597+0200] {dagbag.py:536} INFO - Filling up the DagBag from /mnt/f/UCU/BatchProc/lab1/venv/lib/python3.10/site-packages/airflow/example_dags/example_setup_teardown_taskflow.py
[2023-11-28T03:11:20.624+0200] {processor.py:839} INFO - DAG(s) dict_keys(['example_setup_teardown_taskflow']) retrieved from /mnt/f/UCU/BatchProc/lab1/venv/lib/python3.10/site-packages/airflow/example_dags/example_setup_teardown_taskflow.py
[2023-11-28T03:11:20.641+0200] {logging_mixin.py:154} INFO - [2023-11-28T03:11:20.641+0200] {dag.py:2941} INFO - Sync 1 DAGs
[2023-11-28T03:11:20.654+0200] {logging_mixin.py:154} INFO - [2023-11-28T03:11:20.654+0200] {dag.py:3722} INFO - Setting next_dagrun for example_setup_teardown_taskflow to 2023-11-27T01:11:20.653862+00:00, run_after=2023-11-28T01:11:20.653862+00:00
[2023-11-28T03:11:20.677+0200] {processor.py:179} INFO - Processing /mnt/f/UCU/BatchProc/lab1/venv/lib/python3.10/site-packages/airflow/example_dags/example_setup_teardown_taskflow.py took 0.087 seconds
[2023-11-28T03:12:14.946+0200] {processor.py:157} INFO - Started process (PID=28008) to work on /mnt/f/UCU/BatchProc/lab1/venv/lib/python3.10/site-packages/airflow/example_dags/example_setup_teardown_taskflow.py
[2023-11-28T03:12:14.947+0200] {processor.py:829} INFO - Processing file /mnt/f/UCU/BatchProc/lab1/venv/lib/python3.10/site-packages/airflow/example_dags/example_setup_teardown_taskflow.py for tasks to queue
[2023-11-28T03:12:14.948+0200] {logging_mixin.py:154} INFO - [2023-11-28T03:12:14.947+0200] {dagbag.py:536} INFO - Filling up the DagBag from /mnt/f/UCU/BatchProc/lab1/venv/lib/python3.10/site-packages/airflow/example_dags/example_setup_teardown_taskflow.py
[2023-11-28T03:12:14.977+0200] {processor.py:839} INFO - DAG(s) dict_keys(['example_setup_teardown_taskflow']) retrieved from /mnt/f/UCU/BatchProc/lab1/venv/lib/python3.10/site-packages/airflow/example_dags/example_setup_teardown_taskflow.py
[2023-11-28T03:12:14.998+0200] {logging_mixin.py:154} INFO - [2023-11-28T03:12:14.998+0200] {dag.py:2941} INFO - Sync 1 DAGs
[2023-11-28T03:12:15.013+0200] {logging_mixin.py:154} INFO - [2023-11-28T03:12:15.013+0200] {dag.py:3722} INFO - Setting next_dagrun for example_setup_teardown_taskflow to 2023-11-27T01:12:15.013177+00:00, run_after=2023-11-28T01:12:15.013177+00:00
[2023-11-28T03:12:15.035+0200] {processor.py:179} INFO - Processing /mnt/f/UCU/BatchProc/lab1/venv/lib/python3.10/site-packages/airflow/example_dags/example_setup_teardown_taskflow.py took 0.091 seconds
