[2023-11-28T03:10:08.550+0200] {processor.py:157} INFO - Started process (PID=27883) to work on /mnt/f/UCU/BatchProc/lab1/venv/lib/python3.10/site-packages/airflow/example_dags/example_branch_labels.py
[2023-11-28T03:10:08.551+0200] {processor.py:829} INFO - Processing file /mnt/f/UCU/BatchProc/lab1/venv/lib/python3.10/site-packages/airflow/example_dags/example_branch_labels.py for tasks to queue
[2023-11-28T03:10:08.552+0200] {logging_mixin.py:154} INFO - [2023-11-28T03:10:08.551+0200] {dagbag.py:536} INFO - Filling up the DagBag from /mnt/f/UCU/BatchProc/lab1/venv/lib/python3.10/site-packages/airflow/example_dags/example_branch_labels.py
[2023-11-28T03:10:08.580+0200] {processor.py:839} INFO - DAG(s) dict_keys(['example_branch_labels']) retrieved from /mnt/f/UCU/BatchProc/lab1/venv/lib/python3.10/site-packages/airflow/example_dags/example_branch_labels.py
[2023-11-28T03:10:08.689+0200] {logging_mixin.py:154} INFO - [2023-11-28T03:10:08.689+0200] {dag.py:2941} INFO - Sync 1 DAGs
[2023-11-28T03:10:08.700+0200] {logging_mixin.py:154} INFO - [2023-11-28T03:10:08.700+0200] {dag.py:3722} INFO - Setting next_dagrun for example_branch_labels to 2023-11-27T00:00:00+00:00, run_after=2023-11-28T00:00:00+00:00
[2023-11-28T03:10:08.723+0200] {processor.py:179} INFO - Processing /mnt/f/UCU/BatchProc/lab1/venv/lib/python3.10/site-packages/airflow/example_dags/example_branch_labels.py took 0.176 seconds
[2023-11-28T03:11:05.489+0200] {processor.py:157} INFO - Started process (PID=27939) to work on /mnt/f/UCU/BatchProc/lab1/venv/lib/python3.10/site-packages/airflow/example_dags/example_branch_labels.py
[2023-11-28T03:11:05.491+0200] {processor.py:829} INFO - Processing file /mnt/f/UCU/BatchProc/lab1/venv/lib/python3.10/site-packages/airflow/example_dags/example_branch_labels.py for tasks to queue
[2023-11-28T03:11:05.492+0200] {logging_mixin.py:154} INFO - [2023-11-28T03:11:05.491+0200] {dagbag.py:536} INFO - Filling up the DagBag from /mnt/f/UCU/BatchProc/lab1/venv/lib/python3.10/site-packages/airflow/example_dags/example_branch_labels.py
[2023-11-28T03:11:05.528+0200] {processor.py:839} INFO - DAG(s) dict_keys(['example_branch_labels']) retrieved from /mnt/f/UCU/BatchProc/lab1/venv/lib/python3.10/site-packages/airflow/example_dags/example_branch_labels.py
[2023-11-28T03:11:05.545+0200] {logging_mixin.py:154} INFO - [2023-11-28T03:11:05.545+0200] {dag.py:2941} INFO - Sync 1 DAGs
[2023-11-28T03:11:05.560+0200] {logging_mixin.py:154} INFO - [2023-11-28T03:11:05.560+0200] {dag.py:3722} INFO - Setting next_dagrun for example_branch_labels to 2023-11-27T00:00:00+00:00, run_after=2023-11-28T00:00:00+00:00
[2023-11-28T03:11:05.584+0200] {processor.py:179} INFO - Processing /mnt/f/UCU/BatchProc/lab1/venv/lib/python3.10/site-packages/airflow/example_dags/example_branch_labels.py took 0.099 seconds
[2023-11-28T03:11:59.902+0200] {processor.py:157} INFO - Started process (PID=27993) to work on /mnt/f/UCU/BatchProc/lab1/venv/lib/python3.10/site-packages/airflow/example_dags/example_branch_labels.py
[2023-11-28T03:11:59.903+0200] {processor.py:829} INFO - Processing file /mnt/f/UCU/BatchProc/lab1/venv/lib/python3.10/site-packages/airflow/example_dags/example_branch_labels.py for tasks to queue
[2023-11-28T03:11:59.904+0200] {logging_mixin.py:154} INFO - [2023-11-28T03:11:59.904+0200] {dagbag.py:536} INFO - Filling up the DagBag from /mnt/f/UCU/BatchProc/lab1/venv/lib/python3.10/site-packages/airflow/example_dags/example_branch_labels.py
[2023-11-28T03:11:59.934+0200] {processor.py:839} INFO - DAG(s) dict_keys(['example_branch_labels']) retrieved from /mnt/f/UCU/BatchProc/lab1/venv/lib/python3.10/site-packages/airflow/example_dags/example_branch_labels.py
[2023-11-28T03:11:59.951+0200] {logging_mixin.py:154} INFO - [2023-11-28T03:11:59.951+0200] {dag.py:2941} INFO - Sync 1 DAGs
[2023-11-28T03:11:59.965+0200] {logging_mixin.py:154} INFO - [2023-11-28T03:11:59.965+0200] {dag.py:3722} INFO - Setting next_dagrun for example_branch_labels to 2023-11-27T00:00:00+00:00, run_after=2023-11-28T00:00:00+00:00
[2023-11-28T03:11:59.984+0200] {processor.py:179} INFO - Processing /mnt/f/UCU/BatchProc/lab1/venv/lib/python3.10/site-packages/airflow/example_dags/example_branch_labels.py took 0.084 seconds
