[2023-11-28T03:10:04.832+0200] {processor.py:157} INFO - Started process (PID=27880) to work on /mnt/f/UCU/BatchProc/lab1/venv/lib/python3.10/site-packages/airflow/example_dags/example_branch_python_dop_operator_3.py
[2023-11-28T03:10:04.833+0200] {processor.py:829} INFO - Processing file /mnt/f/UCU/BatchProc/lab1/venv/lib/python3.10/site-packages/airflow/example_dags/example_branch_python_dop_operator_3.py for tasks to queue
[2023-11-28T03:10:04.833+0200] {logging_mixin.py:154} INFO - [2023-11-28T03:10:04.833+0200] {dagbag.py:536} INFO - Filling up the DagBag from /mnt/f/UCU/BatchProc/lab1/venv/lib/python3.10/site-packages/airflow/example_dags/example_branch_python_dop_operator_3.py
[2023-11-28T03:10:04.858+0200] {processor.py:839} INFO - DAG(s) dict_keys(['example_branch_dop_operator_v3']) retrieved from /mnt/f/UCU/BatchProc/lab1/venv/lib/python3.10/site-packages/airflow/example_dags/example_branch_python_dop_operator_3.py
[2023-11-28T03:10:04.958+0200] {logging_mixin.py:154} INFO - [2023-11-28T03:10:04.958+0200] {dag.py:2941} INFO - Sync 1 DAGs
[2023-11-28T03:10:04.973+0200] {logging_mixin.py:154} INFO - [2023-11-28T03:10:04.972+0200] {dag.py:3722} INFO - Setting next_dagrun for example_branch_dop_operator_v3 to 2023-11-28T01:09:00+00:00, run_after=2023-11-28T01:10:00+00:00
[2023-11-28T03:10:04.998+0200] {processor.py:179} INFO - Processing /mnt/f/UCU/BatchProc/lab1/venv/lib/python3.10/site-packages/airflow/example_dags/example_branch_python_dop_operator_3.py took 0.168 seconds
[2023-11-28T03:11:02.084+0200] {processor.py:157} INFO - Started process (PID=27936) to work on /mnt/f/UCU/BatchProc/lab1/venv/lib/python3.10/site-packages/airflow/example_dags/example_branch_python_dop_operator_3.py
[2023-11-28T03:11:02.085+0200] {processor.py:829} INFO - Processing file /mnt/f/UCU/BatchProc/lab1/venv/lib/python3.10/site-packages/airflow/example_dags/example_branch_python_dop_operator_3.py for tasks to queue
[2023-11-28T03:11:02.086+0200] {logging_mixin.py:154} INFO - [2023-11-28T03:11:02.085+0200] {dagbag.py:536} INFO - Filling up the DagBag from /mnt/f/UCU/BatchProc/lab1/venv/lib/python3.10/site-packages/airflow/example_dags/example_branch_python_dop_operator_3.py
[2023-11-28T03:11:02.131+0200] {processor.py:839} INFO - DAG(s) dict_keys(['example_branch_dop_operator_v3']) retrieved from /mnt/f/UCU/BatchProc/lab1/venv/lib/python3.10/site-packages/airflow/example_dags/example_branch_python_dop_operator_3.py
[2023-11-28T03:11:02.147+0200] {logging_mixin.py:154} INFO - [2023-11-28T03:11:02.147+0200] {dag.py:2941} INFO - Sync 1 DAGs
[2023-11-28T03:11:02.179+0200] {logging_mixin.py:154} INFO - [2023-11-28T03:11:02.178+0200] {dag.py:3722} INFO - Setting next_dagrun for example_branch_dop_operator_v3 to 2023-11-28T01:10:00+00:00, run_after=2023-11-28T01:11:00+00:00
[2023-11-28T03:11:02.227+0200] {processor.py:179} INFO - Processing /mnt/f/UCU/BatchProc/lab1/venv/lib/python3.10/site-packages/airflow/example_dags/example_branch_python_dop_operator_3.py took 0.146 seconds
[2023-11-28T03:11:57.040+0200] {processor.py:157} INFO - Started process (PID=27990) to work on /mnt/f/UCU/BatchProc/lab1/venv/lib/python3.10/site-packages/airflow/example_dags/example_branch_python_dop_operator_3.py
[2023-11-28T03:11:57.044+0200] {processor.py:829} INFO - Processing file /mnt/f/UCU/BatchProc/lab1/venv/lib/python3.10/site-packages/airflow/example_dags/example_branch_python_dop_operator_3.py for tasks to queue
[2023-11-28T03:11:57.045+0200] {logging_mixin.py:154} INFO - [2023-11-28T03:11:57.045+0200] {dagbag.py:536} INFO - Filling up the DagBag from /mnt/f/UCU/BatchProc/lab1/venv/lib/python3.10/site-packages/airflow/example_dags/example_branch_python_dop_operator_3.py
[2023-11-28T03:11:57.071+0200] {processor.py:839} INFO - DAG(s) dict_keys(['example_branch_dop_operator_v3']) retrieved from /mnt/f/UCU/BatchProc/lab1/venv/lib/python3.10/site-packages/airflow/example_dags/example_branch_python_dop_operator_3.py
[2023-11-28T03:11:57.088+0200] {logging_mixin.py:154} INFO - [2023-11-28T03:11:57.087+0200] {dag.py:2941} INFO - Sync 1 DAGs
[2023-11-28T03:11:57.104+0200] {logging_mixin.py:154} INFO - [2023-11-28T03:11:57.103+0200] {dag.py:3722} INFO - Setting next_dagrun for example_branch_dop_operator_v3 to 2023-11-28T01:10:00+00:00, run_after=2023-11-28T01:11:00+00:00
[2023-11-28T03:11:57.123+0200] {processor.py:179} INFO - Processing /mnt/f/UCU/BatchProc/lab1/venv/lib/python3.10/site-packages/airflow/example_dags/example_branch_python_dop_operator_3.py took 0.086 seconds
