[2023-11-28T03:09:35.853+0200] {processor.py:157} INFO - Started process (PID=27852) to work on /mnt/f/UCU/BatchProc/lab1/venv/lib/python3.10/site-packages/airflow/example_dags/example_task_group_decorator.py
[2023-11-28T03:09:35.854+0200] {processor.py:829} INFO - Processing file /mnt/f/UCU/BatchProc/lab1/venv/lib/python3.10/site-packages/airflow/example_dags/example_task_group_decorator.py for tasks to queue
[2023-11-28T03:09:35.854+0200] {logging_mixin.py:154} INFO - [2023-11-28T03:09:35.854+0200] {dagbag.py:536} INFO - Filling up the DagBag from /mnt/f/UCU/BatchProc/lab1/venv/lib/python3.10/site-packages/airflow/example_dags/example_task_group_decorator.py
[2023-11-28T03:09:35.879+0200] {processor.py:839} INFO - DAG(s) dict_keys(['example_task_group_decorator']) retrieved from /mnt/f/UCU/BatchProc/lab1/venv/lib/python3.10/site-packages/airflow/example_dags/example_task_group_decorator.py
[2023-11-28T03:09:35.905+0200] {logging_mixin.py:154} INFO - [2023-11-28T03:09:35.905+0200] {dag.py:2941} INFO - Sync 1 DAGs
[2023-11-28T03:09:35.918+0200] {logging_mixin.py:154} INFO - [2023-11-28T03:09:35.918+0200] {dag.py:3722} INFO - Setting next_dagrun for example_task_group_decorator to 2023-11-27T01:09:35.917886+00:00, run_after=2023-11-28T01:09:35.917886+00:00
[2023-11-28T03:09:35.940+0200] {processor.py:179} INFO - Processing /mnt/f/UCU/BatchProc/lab1/venv/lib/python3.10/site-packages/airflow/example_dags/example_task_group_decorator.py took 0.088 seconds
[2023-11-28T03:10:25.151+0200] {processor.py:157} INFO - Started process (PID=27901) to work on /mnt/f/UCU/BatchProc/lab1/venv/lib/python3.10/site-packages/airflow/example_dags/example_task_group_decorator.py
[2023-11-28T03:10:25.155+0200] {processor.py:829} INFO - Processing file /mnt/f/UCU/BatchProc/lab1/venv/lib/python3.10/site-packages/airflow/example_dags/example_task_group_decorator.py for tasks to queue
[2023-11-28T03:10:25.156+0200] {logging_mixin.py:154} INFO - [2023-11-28T03:10:25.156+0200] {dagbag.py:536} INFO - Filling up the DagBag from /mnt/f/UCU/BatchProc/lab1/venv/lib/python3.10/site-packages/airflow/example_dags/example_task_group_decorator.py
[2023-11-28T03:10:25.183+0200] {processor.py:839} INFO - DAG(s) dict_keys(['example_task_group_decorator']) retrieved from /mnt/f/UCU/BatchProc/lab1/venv/lib/python3.10/site-packages/airflow/example_dags/example_task_group_decorator.py
[2023-11-28T03:10:25.202+0200] {logging_mixin.py:154} INFO - [2023-11-28T03:10:25.201+0200] {dag.py:2941} INFO - Sync 1 DAGs
[2023-11-28T03:10:25.213+0200] {logging_mixin.py:154} INFO - [2023-11-28T03:10:25.213+0200] {dag.py:3722} INFO - Setting next_dagrun for example_task_group_decorator to 2023-11-27T01:10:25.213466+00:00, run_after=2023-11-28T01:10:25.213466+00:00
[2023-11-28T03:10:25.233+0200] {processor.py:179} INFO - Processing /mnt/f/UCU/BatchProc/lab1/venv/lib/python3.10/site-packages/airflow/example_dags/example_task_group_decorator.py took 0.084 seconds
[2023-11-28T03:11:14.933+0200] {processor.py:157} INFO - Started process (PID=27948) to work on /mnt/f/UCU/BatchProc/lab1/venv/lib/python3.10/site-packages/airflow/example_dags/example_task_group_decorator.py
[2023-11-28T03:11:14.934+0200] {processor.py:829} INFO - Processing file /mnt/f/UCU/BatchProc/lab1/venv/lib/python3.10/site-packages/airflow/example_dags/example_task_group_decorator.py for tasks to queue
[2023-11-28T03:11:14.934+0200] {logging_mixin.py:154} INFO - [2023-11-28T03:11:14.934+0200] {dagbag.py:536} INFO - Filling up the DagBag from /mnt/f/UCU/BatchProc/lab1/venv/lib/python3.10/site-packages/airflow/example_dags/example_task_group_decorator.py
[2023-11-28T03:11:14.967+0200] {processor.py:839} INFO - DAG(s) dict_keys(['example_task_group_decorator']) retrieved from /mnt/f/UCU/BatchProc/lab1/venv/lib/python3.10/site-packages/airflow/example_dags/example_task_group_decorator.py
[2023-11-28T03:11:14.985+0200] {logging_mixin.py:154} INFO - [2023-11-28T03:11:14.985+0200] {dag.py:2941} INFO - Sync 1 DAGs
[2023-11-28T03:11:14.999+0200] {logging_mixin.py:154} INFO - [2023-11-28T03:11:14.999+0200] {dag.py:3722} INFO - Setting next_dagrun for example_task_group_decorator to 2023-11-27T01:11:14.999489+00:00, run_after=2023-11-28T01:11:14.999489+00:00
[2023-11-28T03:11:15.020+0200] {processor.py:179} INFO - Processing /mnt/f/UCU/BatchProc/lab1/venv/lib/python3.10/site-packages/airflow/example_dags/example_task_group_decorator.py took 0.089 seconds
[2023-11-28T03:11:51.086+0200] {processor.py:157} INFO - Started process (PID=27986) to work on /mnt/f/UCU/BatchProc/lab1/venv/lib/python3.10/site-packages/airflow/example_dags/example_task_group_decorator.py
[2023-11-28T03:11:51.088+0200] {processor.py:829} INFO - Processing file /mnt/f/UCU/BatchProc/lab1/venv/lib/python3.10/site-packages/airflow/example_dags/example_task_group_decorator.py for tasks to queue
[2023-11-28T03:11:51.089+0200] {logging_mixin.py:154} INFO - [2023-11-28T03:11:51.088+0200] {dagbag.py:536} INFO - Filling up the DagBag from /mnt/f/UCU/BatchProc/lab1/venv/lib/python3.10/site-packages/airflow/example_dags/example_task_group_decorator.py
[2023-11-28T03:11:51.116+0200] {processor.py:839} INFO - DAG(s) dict_keys(['example_task_group_decorator']) retrieved from /mnt/f/UCU/BatchProc/lab1/venv/lib/python3.10/site-packages/airflow/example_dags/example_task_group_decorator.py
[2023-11-28T03:11:51.135+0200] {logging_mixin.py:154} INFO - [2023-11-28T03:11:51.135+0200] {dag.py:2941} INFO - Sync 1 DAGs
[2023-11-28T03:11:51.148+0200] {logging_mixin.py:154} INFO - [2023-11-28T03:11:51.147+0200] {dag.py:3722} INFO - Setting next_dagrun for example_task_group_decorator to 2023-11-27T01:11:51.147806+00:00, run_after=2023-11-28T01:11:51.147806+00:00
[2023-11-28T03:11:51.166+0200] {processor.py:179} INFO - Processing /mnt/f/UCU/BatchProc/lab1/venv/lib/python3.10/site-packages/airflow/example_dags/example_task_group_decorator.py took 0.083 seconds
