[2023-11-28T03:10:08.869+0200] {processor.py:157} INFO - Started process (PID=27884) to work on /mnt/f/UCU/BatchProc/lab1/venv/lib/python3.10/site-packages/airflow/example_dags/example_branch_day_of_week_operator.py
[2023-11-28T03:10:08.869+0200] {processor.py:829} INFO - Processing file /mnt/f/UCU/BatchProc/lab1/venv/lib/python3.10/site-packages/airflow/example_dags/example_branch_day_of_week_operator.py for tasks to queue
[2023-11-28T03:10:08.870+0200] {logging_mixin.py:154} INFO - [2023-11-28T03:10:08.870+0200] {dagbag.py:536} INFO - Filling up the DagBag from /mnt/f/UCU/BatchProc/lab1/venv/lib/python3.10/site-packages/airflow/example_dags/example_branch_day_of_week_operator.py
[2023-11-28T03:10:08.900+0200] {processor.py:839} INFO - DAG(s) dict_keys(['example_weekday_branch_operator']) retrieved from /mnt/f/UCU/BatchProc/lab1/venv/lib/python3.10/site-packages/airflow/example_dags/example_branch_day_of_week_operator.py
[2023-11-28T03:10:09.002+0200] {logging_mixin.py:154} INFO - [2023-11-28T03:10:09.002+0200] {dag.py:2941} INFO - Sync 1 DAGs
[2023-11-28T03:10:09.013+0200] {logging_mixin.py:154} INFO - [2023-11-28T03:10:09.013+0200] {dag.py:3722} INFO - Setting next_dagrun for example_weekday_branch_operator to 2023-11-27T00:00:00+00:00, run_after=2023-11-28T00:00:00+00:00
[2023-11-28T03:10:09.034+0200] {processor.py:179} INFO - Processing /mnt/f/UCU/BatchProc/lab1/venv/lib/python3.10/site-packages/airflow/example_dags/example_branch_day_of_week_operator.py took 0.168 seconds
[2023-11-28T03:11:06.771+0200] {processor.py:157} INFO - Started process (PID=27940) to work on /mnt/f/UCU/BatchProc/lab1/venv/lib/python3.10/site-packages/airflow/example_dags/example_branch_day_of_week_operator.py
[2023-11-28T03:11:06.772+0200] {processor.py:829} INFO - Processing file /mnt/f/UCU/BatchProc/lab1/venv/lib/python3.10/site-packages/airflow/example_dags/example_branch_day_of_week_operator.py for tasks to queue
[2023-11-28T03:11:06.773+0200] {logging_mixin.py:154} INFO - [2023-11-28T03:11:06.773+0200] {dagbag.py:536} INFO - Filling up the DagBag from /mnt/f/UCU/BatchProc/lab1/venv/lib/python3.10/site-packages/airflow/example_dags/example_branch_day_of_week_operator.py
[2023-11-28T03:11:06.805+0200] {processor.py:839} INFO - DAG(s) dict_keys(['example_weekday_branch_operator']) retrieved from /mnt/f/UCU/BatchProc/lab1/venv/lib/python3.10/site-packages/airflow/example_dags/example_branch_day_of_week_operator.py
[2023-11-28T03:11:06.822+0200] {logging_mixin.py:154} INFO - [2023-11-28T03:11:06.822+0200] {dag.py:2941} INFO - Sync 1 DAGs
[2023-11-28T03:11:06.837+0200] {logging_mixin.py:154} INFO - [2023-11-28T03:11:06.837+0200] {dag.py:3722} INFO - Setting next_dagrun for example_weekday_branch_operator to 2023-11-27T00:00:00+00:00, run_after=2023-11-28T00:00:00+00:00
[2023-11-28T03:11:06.858+0200] {processor.py:179} INFO - Processing /mnt/f/UCU/BatchProc/lab1/venv/lib/python3.10/site-packages/airflow/example_dags/example_branch_day_of_week_operator.py took 0.093 seconds
[2023-11-28T03:12:01.057+0200] {processor.py:157} INFO - Started process (PID=27994) to work on /mnt/f/UCU/BatchProc/lab1/venv/lib/python3.10/site-packages/airflow/example_dags/example_branch_day_of_week_operator.py
[2023-11-28T03:12:01.061+0200] {processor.py:829} INFO - Processing file /mnt/f/UCU/BatchProc/lab1/venv/lib/python3.10/site-packages/airflow/example_dags/example_branch_day_of_week_operator.py for tasks to queue
[2023-11-28T03:12:01.062+0200] {logging_mixin.py:154} INFO - [2023-11-28T03:12:01.062+0200] {dagbag.py:536} INFO - Filling up the DagBag from /mnt/f/UCU/BatchProc/lab1/venv/lib/python3.10/site-packages/airflow/example_dags/example_branch_day_of_week_operator.py
[2023-11-28T03:12:01.092+0200] {processor.py:839} INFO - DAG(s) dict_keys(['example_weekday_branch_operator']) retrieved from /mnt/f/UCU/BatchProc/lab1/venv/lib/python3.10/site-packages/airflow/example_dags/example_branch_day_of_week_operator.py
[2023-11-28T03:12:01.109+0200] {logging_mixin.py:154} INFO - [2023-11-28T03:12:01.109+0200] {dag.py:2941} INFO - Sync 1 DAGs
[2023-11-28T03:12:01.123+0200] {logging_mixin.py:154} INFO - [2023-11-28T03:12:01.122+0200] {dag.py:3722} INFO - Setting next_dagrun for example_weekday_branch_operator to 2023-11-27T00:00:00+00:00, run_after=2023-11-28T00:00:00+00:00
[2023-11-28T03:12:01.145+0200] {processor.py:179} INFO - Processing /mnt/f/UCU/BatchProc/lab1/venv/lib/python3.10/site-packages/airflow/example_dags/example_branch_day_of_week_operator.py took 0.091 seconds
