[2023-11-28T03:10:00.852+0200] {processor.py:157} INFO - Started process (PID=27875) to work on /mnt/f/UCU/BatchProc/lab1/venv/lib/python3.10/site-packages/airflow/example_dags/example_datasets.py
[2023-11-28T03:10:00.852+0200] {processor.py:829} INFO - Processing file /mnt/f/UCU/BatchProc/lab1/venv/lib/python3.10/site-packages/airflow/example_dags/example_datasets.py for tasks to queue
[2023-11-28T03:10:00.853+0200] {logging_mixin.py:154} INFO - [2023-11-28T03:10:00.853+0200] {dagbag.py:536} INFO - Filling up the DagBag from /mnt/f/UCU/BatchProc/lab1/venv/lib/python3.10/site-packages/airflow/example_dags/example_datasets.py
[2023-11-28T03:10:00.885+0200] {processor.py:839} INFO - DAG(s) dict_keys(['dataset_produces_2', 'dataset_consumes_unknown_never_scheduled', 'dataset_consumes_1', 'dataset_consumes_1_and_2', 'dataset_produces_1', 'dataset_consumes_1_never_scheduled']) retrieved from /mnt/f/UCU/BatchProc/lab1/venv/lib/python3.10/site-packages/airflow/example_dags/example_datasets.py
[2023-11-28T03:10:01.014+0200] {logging_mixin.py:154} INFO - [2023-11-28T03:10:01.014+0200] {dag.py:2941} INFO - Sync 6 DAGs
[2023-11-28T03:10:01.028+0200] {logging_mixin.py:154} INFO - [2023-11-28T03:10:01.027+0200] {dag.py:3722} INFO - Setting next_dagrun for dataset_consumes_1 to None, run_after=None
[2023-11-28T03:10:01.030+0200] {logging_mixin.py:154} INFO - [2023-11-28T03:10:01.029+0200] {dag.py:3722} INFO - Setting next_dagrun for dataset_consumes_1_and_2 to None, run_after=None
[2023-11-28T03:10:01.030+0200] {logging_mixin.py:154} INFO - [2023-11-28T03:10:01.030+0200] {dag.py:3722} INFO - Setting next_dagrun for dataset_consumes_1_never_scheduled to None, run_after=None
[2023-11-28T03:10:01.031+0200] {logging_mixin.py:154} INFO - [2023-11-28T03:10:01.031+0200] {dag.py:3722} INFO - Setting next_dagrun for dataset_consumes_unknown_never_scheduled to None, run_after=None
[2023-11-28T03:10:01.033+0200] {logging_mixin.py:154} INFO - [2023-11-28T03:10:01.033+0200] {dag.py:3722} INFO - Setting next_dagrun for dataset_produces_1 to 2023-11-27T00:00:00+00:00, run_after=2023-11-28T00:00:00+00:00
[2023-11-28T03:10:01.033+0200] {logging_mixin.py:154} INFO - [2023-11-28T03:10:01.033+0200] {dag.py:3722} INFO - Setting next_dagrun for dataset_produces_2 to None, run_after=None
[2023-11-28T03:10:01.059+0200] {processor.py:179} INFO - Processing /mnt/f/UCU/BatchProc/lab1/venv/lib/python3.10/site-packages/airflow/example_dags/example_datasets.py took 0.210 seconds
[2023-11-28T03:10:49.081+0200] {processor.py:157} INFO - Started process (PID=27924) to work on /mnt/f/UCU/BatchProc/lab1/venv/lib/python3.10/site-packages/airflow/example_dags/example_datasets.py
[2023-11-28T03:10:49.145+0200] {processor.py:829} INFO - Processing file /mnt/f/UCU/BatchProc/lab1/venv/lib/python3.10/site-packages/airflow/example_dags/example_datasets.py for tasks to queue
[2023-11-28T03:10:49.145+0200] {logging_mixin.py:154} INFO - [2023-11-28T03:10:49.145+0200] {dagbag.py:536} INFO - Filling up the DagBag from /mnt/f/UCU/BatchProc/lab1/venv/lib/python3.10/site-packages/airflow/example_dags/example_datasets.py
[2023-11-28T03:10:49.172+0200] {processor.py:839} INFO - DAG(s) dict_keys(['dataset_consumes_1_and_2', 'dataset_consumes_unknown_never_scheduled', 'dataset_produces_1', 'dataset_produces_2', 'dataset_consumes_1', 'dataset_consumes_1_never_scheduled']) retrieved from /mnt/f/UCU/BatchProc/lab1/venv/lib/python3.10/site-packages/airflow/example_dags/example_datasets.py
[2023-11-28T03:10:49.195+0200] {logging_mixin.py:154} INFO - [2023-11-28T03:10:49.195+0200] {dag.py:2941} INFO - Sync 6 DAGs
[2023-11-28T03:10:49.207+0200] {logging_mixin.py:154} INFO - [2023-11-28T03:10:49.207+0200] {dag.py:3722} INFO - Setting next_dagrun for dataset_consumes_1 to None, run_after=None
[2023-11-28T03:10:49.210+0200] {logging_mixin.py:154} INFO - [2023-11-28T03:10:49.210+0200] {dag.py:3722} INFO - Setting next_dagrun for dataset_consumes_1_and_2 to None, run_after=None
[2023-11-28T03:10:49.211+0200] {logging_mixin.py:154} INFO - [2023-11-28T03:10:49.210+0200] {dag.py:3722} INFO - Setting next_dagrun for dataset_consumes_1_never_scheduled to None, run_after=None
[2023-11-28T03:10:49.211+0200] {logging_mixin.py:154} INFO - [2023-11-28T03:10:49.211+0200] {dag.py:3722} INFO - Setting next_dagrun for dataset_consumes_unknown_never_scheduled to None, run_after=None
[2023-11-28T03:10:49.214+0200] {logging_mixin.py:154} INFO - [2023-11-28T03:10:49.213+0200] {dag.py:3722} INFO - Setting next_dagrun for dataset_produces_1 to 2023-11-27T00:00:00+00:00, run_after=2023-11-28T00:00:00+00:00
[2023-11-28T03:10:49.214+0200] {logging_mixin.py:154} INFO - [2023-11-28T03:10:49.214+0200] {dag.py:3722} INFO - Setting next_dagrun for dataset_produces_2 to None, run_after=None
[2023-11-28T03:10:49.239+0200] {processor.py:179} INFO - Processing /mnt/f/UCU/BatchProc/lab1/venv/lib/python3.10/site-packages/airflow/example_dags/example_datasets.py took 0.161 seconds
[2023-11-28T03:11:46.108+0200] {processor.py:157} INFO - Started process (PID=27980) to work on /mnt/f/UCU/BatchProc/lab1/venv/lib/python3.10/site-packages/airflow/example_dags/example_datasets.py
[2023-11-28T03:11:46.112+0200] {processor.py:829} INFO - Processing file /mnt/f/UCU/BatchProc/lab1/venv/lib/python3.10/site-packages/airflow/example_dags/example_datasets.py for tasks to queue
[2023-11-28T03:11:46.112+0200] {logging_mixin.py:154} INFO - [2023-11-28T03:11:46.112+0200] {dagbag.py:536} INFO - Filling up the DagBag from /mnt/f/UCU/BatchProc/lab1/venv/lib/python3.10/site-packages/airflow/example_dags/example_datasets.py
[2023-11-28T03:11:46.144+0200] {processor.py:839} INFO - DAG(s) dict_keys(['dataset_produces_2', 'dataset_consumes_unknown_never_scheduled', 'dataset_consumes_1_and_2', 'dataset_consumes_1', 'dataset_consumes_1_never_scheduled', 'dataset_produces_1']) retrieved from /mnt/f/UCU/BatchProc/lab1/venv/lib/python3.10/site-packages/airflow/example_dags/example_datasets.py
[2023-11-28T03:11:46.170+0200] {logging_mixin.py:154} INFO - [2023-11-28T03:11:46.170+0200] {dag.py:2941} INFO - Sync 6 DAGs
[2023-11-28T03:11:46.183+0200] {logging_mixin.py:154} INFO - [2023-11-28T03:11:46.183+0200] {dag.py:3722} INFO - Setting next_dagrun for dataset_consumes_1 to None, run_after=None
[2023-11-28T03:11:46.185+0200] {logging_mixin.py:154} INFO - [2023-11-28T03:11:46.185+0200] {dag.py:3722} INFO - Setting next_dagrun for dataset_consumes_1_and_2 to None, run_after=None
[2023-11-28T03:11:46.186+0200] {logging_mixin.py:154} INFO - [2023-11-28T03:11:46.186+0200] {dag.py:3722} INFO - Setting next_dagrun for dataset_consumes_1_never_scheduled to None, run_after=None
[2023-11-28T03:11:46.187+0200] {logging_mixin.py:154} INFO - [2023-11-28T03:11:46.187+0200] {dag.py:3722} INFO - Setting next_dagrun for dataset_consumes_unknown_never_scheduled to None, run_after=None
[2023-11-28T03:11:46.189+0200] {logging_mixin.py:154} INFO - [2023-11-28T03:11:46.188+0200] {dag.py:3722} INFO - Setting next_dagrun for dataset_produces_1 to 2023-11-27T00:00:00+00:00, run_after=2023-11-28T00:00:00+00:00
[2023-11-28T03:11:46.189+0200] {logging_mixin.py:154} INFO - [2023-11-28T03:11:46.189+0200] {dag.py:3722} INFO - Setting next_dagrun for dataset_produces_2 to None, run_after=None
[2023-11-28T03:11:46.217+0200] {processor.py:179} INFO - Processing /mnt/f/UCU/BatchProc/lab1/venv/lib/python3.10/site-packages/airflow/example_dags/example_datasets.py took 0.111 seconds
