[2023-11-29T23:37:07.362+0200] {taskinstance.py:1159} INFO - Dependencies all met for dep_context=non-requeueable deps ti=<TaskInstance: lviv_weather.inject_data manual__2023-11-29T21:35:40.335414+00:00 [queued]>
[2023-11-29T23:37:07.369+0200] {taskinstance.py:1159} INFO - Dependencies all met for dep_context=requeueable deps ti=<TaskInstance: lviv_weather.inject_data manual__2023-11-29T21:35:40.335414+00:00 [queued]>
[2023-11-29T23:37:07.370+0200] {taskinstance.py:1361} INFO - Starting attempt 1 of 1
[2023-11-29T23:37:07.385+0200] {taskinstance.py:1382} INFO - Executing <Task(SqliteOperator): inject_data> on 2023-11-29 21:35:40.335414+00:00
[2023-11-29T23:37:07.388+0200] {standard_task_runner.py:57} INFO - Started process 117864 to run task
[2023-11-29T23:37:07.390+0200] {standard_task_runner.py:84} INFO - Running: ['airflow', 'tasks', 'run', 'lviv_weather', 'inject_data', 'manual__2023-11-29T21:35:40.335414+00:00', '--job-id', '92', '--raw', '--subdir', 'DAGS_FOLDER/lviv_weather.py', '--cfg-path', '/tmp/tmp3d2gi03u']
[2023-11-29T23:37:07.392+0200] {standard_task_runner.py:85} INFO - Job 92: Subtask inject_data
[2023-11-29T23:37:07.420+0200] {task_command.py:416} INFO - Running <TaskInstance: lviv_weather.inject_data manual__2023-11-29T21:35:40.335414+00:00 [running]> on host yurabd.
[2023-11-29T23:37:07.495+0200] {taskinstance.py:1662} INFO - Exporting env vars: AIRFLOW_CTX_DAG_OWNER='airflow' AIRFLOW_CTX_DAG_ID='lviv_weather' AIRFLOW_CTX_TASK_ID='inject_data' AIRFLOW_CTX_EXECUTION_DATE='2023-11-29T21:35:40.335414+00:00' AIRFLOW_CTX_TRY_NUMBER='1' AIRFLOW_CTX_DAG_RUN_ID='manual__2023-11-29T21:35:40.335414+00:00'
[2023-11-29T23:37:07.496+0200] {sql.py:274} INFO - Executing: 
        INSERT INTO measures (timestamp, date, temp) VALUES
        (1701293794,
        "2023-11-29 21:36:34",
        -7.77);
        
[2023-11-29T23:37:07.500+0200] {base.py:73} INFO - Using connection ID 'airflow_conn' for task execution.
[2023-11-29T23:37:10.074+0200] {base.py:73} INFO - Using connection ID 'airflow_conn' for task execution.
[2023-11-29T23:37:10.076+0200] {sql.py:418} INFO - Running statement: 
        INSERT INTO measures (timestamp, date, temp) VALUES
        (1701293794,
        "2023-11-29 21:36:34",
        -7.77);
        , parameters: None
[2023-11-29T23:37:10.789+0200] {sql.py:427} INFO - Rows affected: 1
[2023-11-29T23:37:11.063+0200] {taskinstance.py:1400} INFO - Marking task as SUCCESS. dag_id=lviv_weather, task_id=inject_data, execution_date=20231129T213540, start_date=20231129T213707, end_date=20231129T213711
[2023-11-29T23:37:11.096+0200] {local_task_job_runner.py:228} INFO - Task exited with return code 0
[2023-11-29T23:37:11.105+0200] {taskinstance.py:2778} INFO - 0 downstream tasks scheduled from follow-on schedule check
