[2023-11-30T02:07:14.486+0200] {taskinstance.py:1159} INFO - Dependencies all met for dep_context=non-requeueable deps ti=<TaskInstance: lviv_weather.inject_data manual__2023-11-30T00:07:02.130787+00:00 [queued]>
[2023-11-30T02:07:14.493+0200] {taskinstance.py:1159} INFO - Dependencies all met for dep_context=requeueable deps ti=<TaskInstance: lviv_weather.inject_data manual__2023-11-30T00:07:02.130787+00:00 [queued]>
[2023-11-30T02:07:14.493+0200] {taskinstance.py:1361} INFO - Starting attempt 1 of 1
[2023-11-30T02:07:14.506+0200] {taskinstance.py:1382} INFO - Executing <Task(PostgresOperator): inject_data> on 2023-11-30 00:07:02.130787+00:00
[2023-11-30T02:07:14.508+0200] {standard_task_runner.py:57} INFO - Started process 153994 to run task
[2023-11-30T02:07:14.510+0200] {standard_task_runner.py:84} INFO - Running: ['airflow', 'tasks', 'run', 'lviv_weather', 'inject_data', 'manual__2023-11-30T00:07:02.130787+00:00', '--job-id', '68', '--raw', '--subdir', 'DAGS_FOLDER/lviv_weather.py', '--cfg-path', '/tmp/tmpaeh7b68b']
[2023-11-30T02:07:14.512+0200] {standard_task_runner.py:85} INFO - Job 68: Subtask inject_data
[2023-11-30T02:07:14.567+0200] {task_command.py:416} INFO - Running <TaskInstance: lviv_weather.inject_data manual__2023-11-30T00:07:02.130787+00:00 [running]> on host yurabd.
[2023-11-30T02:07:14.839+0200] {taskinstance.py:1662} INFO - Exporting env vars: AIRFLOW_CTX_DAG_OWNER='airflow' AIRFLOW_CTX_DAG_ID='lviv_weather' AIRFLOW_CTX_TASK_ID='inject_data' AIRFLOW_CTX_EXECUTION_DATE='2023-11-30T00:07:02.130787+00:00' AIRFLOW_CTX_TRY_NUMBER='1' AIRFLOW_CTX_DAG_RUN_ID='manual__2023-11-30T00:07:02.130787+00:00'
[2023-11-30T02:07:14.839+0200] {sql.py:274} INFO - Executing: 
        INSERT INTO measures (timestamp, date, temp, humidity, clouds, wind_speed) VALUES
        (to_timestamp(1701302822),
        '2023-11-30 00:07:02',
        -7.35,
        86,
        7,
        3.87);
        
[2023-11-30T02:07:14.851+0200] {base.py:73} INFO - Using connection ID 'postgres_conn' for task execution.
[2023-11-30T02:07:14.903+0200] {base.py:73} INFO - Using connection ID 'postgres_conn' for task execution.
[2023-11-30T02:07:14.911+0200] {sql.py:418} INFO - Running statement: 
        INSERT INTO measures (timestamp, date, temp, humidity, clouds, wind_speed) VALUES
        (to_timestamp(1701302822),
        '2023-11-30 00:07:02',
        -7.35,
        86,
        7,
        3.87);
        , parameters: None
[2023-11-30T02:07:14.913+0200] {sql.py:427} INFO - Rows affected: 1
[2023-11-30T02:07:14.927+0200] {taskinstance.py:1400} INFO - Marking task as SUCCESS. dag_id=lviv_weather, task_id=inject_data, execution_date=20231130T000702, start_date=20231130T000714, end_date=20231130T000714
[2023-11-30T02:07:14.964+0200] {local_task_job_runner.py:228} INFO - Task exited with return code 0
[2023-11-30T02:07:14.983+0200] {taskinstance.py:2778} INFO - 0 downstream tasks scheduled from follow-on schedule check
