[2023-11-29T23:51:02.524+0200] {taskinstance.py:1159} INFO - Dependencies all met for dep_context=non-requeueable deps ti=<TaskInstance: lviv_weather.inject_data manual__2023-11-29T21:49:30.944511+00:00 [queued]>
[2023-11-29T23:51:02.529+0200] {taskinstance.py:1159} INFO - Dependencies all met for dep_context=requeueable deps ti=<TaskInstance: lviv_weather.inject_data manual__2023-11-29T21:49:30.944511+00:00 [queued]>
[2023-11-29T23:51:02.529+0200] {taskinstance.py:1361} INFO - Starting attempt 1 of 1
[2023-11-29T23:51:02.543+0200] {taskinstance.py:1382} INFO - Executing <Task(SqliteOperator): inject_data> on 2023-11-29 21:49:30.944511+00:00
[2023-11-29T23:51:02.545+0200] {standard_task_runner.py:57} INFO - Started process 120393 to run task
[2023-11-29T23:51:02.547+0200] {standard_task_runner.py:84} INFO - Running: ['airflow', 'tasks', 'run', 'lviv_weather', 'inject_data', 'manual__2023-11-29T21:49:30.944511+00:00', '--job-id', '97', '--raw', '--subdir', 'DAGS_FOLDER/lviv_weather.py', '--cfg-path', '/tmp/tmpw_0lkera']
[2023-11-29T23:51:02.548+0200] {standard_task_runner.py:85} INFO - Job 97: Subtask inject_data
[2023-11-29T23:51:02.578+0200] {task_command.py:416} INFO - Running <TaskInstance: lviv_weather.inject_data manual__2023-11-29T21:49:30.944511+00:00 [running]> on host yurabd.
[2023-11-29T23:51:02.649+0200] {taskinstance.py:1662} INFO - Exporting env vars: AIRFLOW_CTX_DAG_OWNER='airflow' AIRFLOW_CTX_DAG_ID='lviv_weather' AIRFLOW_CTX_TASK_ID='inject_data' AIRFLOW_CTX_EXECUTION_DATE='2023-11-29T21:49:30.944511+00:00' AIRFLOW_CTX_TRY_NUMBER='1' AIRFLOW_CTX_DAG_RUN_ID='manual__2023-11-29T21:49:30.944511+00:00'
[2023-11-29T23:51:02.650+0200] {sql.py:274} INFO - Executing: 
        INSERT INTO measures (timestamp, date, temp) VALUES
        (1701294628,
        "2023-11-29 21:50:28",
        -7.77);
        
[2023-11-29T23:51:02.653+0200] {base.py:73} INFO - Using connection ID 'airflow_conn' for task execution.
[2023-11-29T23:51:05.089+0200] {base.py:73} INFO - Using connection ID 'airflow_conn' for task execution.
[2023-11-29T23:51:05.094+0200] {sql.py:418} INFO - Running statement: 
        INSERT INTO measures (timestamp, date, temp) VALUES
        (1701294628,
        "2023-11-29 21:50:28",
        -7.77);
        , parameters: None
[2023-11-29T23:51:05.102+0200] {sql.py:427} INFO - Rows affected: 1
[2023-11-29T23:51:05.281+0200] {taskinstance.py:1400} INFO - Marking task as SUCCESS. dag_id=lviv_weather, task_id=inject_data, execution_date=20231129T214930, start_date=20231129T215102, end_date=20231129T215105
[2023-11-29T23:51:05.330+0200] {local_task_job_runner.py:228} INFO - Task exited with return code 0
[2023-11-29T23:51:05.338+0200] {taskinstance.py:2778} INFO - 0 downstream tasks scheduled from follow-on schedule check
