[2023-12-01T20:30:23.599+0200] {taskinstance.py:1159} INFO - Dependencies all met for dep_context=non-requeueable deps ti=<TaskInstance: lviv_weather.inject_data_Odesa scheduled__2023-11-11T00:00:00+00:00 [queued]>
[2023-12-01T20:30:23.621+0200] {taskinstance.py:1159} INFO - Dependencies all met for dep_context=requeueable deps ti=<TaskInstance: lviv_weather.inject_data_Odesa scheduled__2023-11-11T00:00:00+00:00 [queued]>
[2023-12-01T20:30:23.622+0200] {taskinstance.py:1361} INFO - Starting attempt 1 of 1
[2023-12-01T20:30:23.655+0200] {taskinstance.py:1382} INFO - Executing <Task(PostgresOperator): inject_data_Odesa> on 2023-11-11 00:00:00+00:00
[2023-12-01T20:30:23.663+0200] {standard_task_runner.py:57} INFO - Started process 2474 to run task
[2023-12-01T20:30:23.669+0200] {standard_task_runner.py:84} INFO - Running: ['airflow', 'tasks', 'run', 'lviv_weather', 'inject_data_Odesa', 'scheduled__2023-11-11T00:00:00+00:00', '--job-id', '285', '--raw', '--subdir', 'DAGS_FOLDER/lviv_weather.py', '--cfg-path', '/tmp/tmp7cn98_zz']
[2023-12-01T20:30:23.673+0200] {standard_task_runner.py:85} INFO - Job 285: Subtask inject_data_Odesa
[2023-12-01T20:30:23.792+0200] {task_command.py:416} INFO - Running <TaskInstance: lviv_weather.inject_data_Odesa scheduled__2023-11-11T00:00:00+00:00 [running]> on host yurabd.
[2023-12-01T20:30:24.486+0200] {taskinstance.py:1662} INFO - Exporting env vars: AIRFLOW_CTX_DAG_OWNER='airflow' AIRFLOW_CTX_DAG_ID='lviv_weather' AIRFLOW_CTX_TASK_ID='inject_data_Odesa' AIRFLOW_CTX_EXECUTION_DATE='2023-11-11T00:00:00+00:00' AIRFLOW_CTX_TRY_NUMBER='1' AIRFLOW_CTX_DAG_RUN_ID='scheduled__2023-11-11T00:00:00+00:00'
[2023-12-01T20:30:24.487+0200] {sql.py:274} INFO - Executing: 
            INSERT INTO measures (city, timestamp, date, temp, humidity, clouds, wind_speed) VALUES
            ('Odesa',
            to_timestamp(1699660800),
            '2023-11-11 00:00:00',
            14.55,
            81,
            100,
            14.23);
            
[2023-12-01T20:30:24.547+0200] {base.py:73} INFO - Using connection ID 'postgres_conn' for task execution.
[2023-12-01T20:30:24.619+0200] {base.py:73} INFO - Using connection ID 'postgres_conn' for task execution.
[2023-12-01T20:30:24.633+0200] {sql.py:418} INFO - Running statement: 
            INSERT INTO measures (city, timestamp, date, temp, humidity, clouds, wind_speed) VALUES
            ('Odesa',
            to_timestamp(1699660800),
            '2023-11-11 00:00:00',
            14.55,
            81,
            100,
            14.23);
            , parameters: None
[2023-12-01T20:30:24.635+0200] {sql.py:427} INFO - Rows affected: 1
[2023-12-01T20:30:24.663+0200] {taskinstance.py:1400} INFO - Marking task as SUCCESS. dag_id=lviv_weather, task_id=inject_data_Odesa, execution_date=20231111T000000, start_date=20231201T183023, end_date=20231201T183024
[2023-12-01T20:30:24.732+0200] {local_task_job_runner.py:228} INFO - Task exited with return code 0
[2023-12-01T20:30:24.778+0200] {taskinstance.py:2778} INFO - 0 downstream tasks scheduled from follow-on schedule check
