[2023-11-28T03:09:25.405+0200] {processor.py:157} INFO - Started process (PID=27842) to work on /mnt/f/UCU/BatchProc/lab1/venv/lib/python3.10/site-packages/airflow/example_dags/plugins/event_listener.py
[2023-11-28T03:09:25.406+0200] {processor.py:829} INFO - Processing file /mnt/f/UCU/BatchProc/lab1/venv/lib/python3.10/site-packages/airflow/example_dags/plugins/event_listener.py for tasks to queue
[2023-11-28T03:09:25.406+0200] {logging_mixin.py:154} INFO - [2023-11-28T03:09:25.406+0200] {dagbag.py:536} INFO - Filling up the DagBag from /mnt/f/UCU/BatchProc/lab1/venv/lib/python3.10/site-packages/airflow/example_dags/plugins/event_listener.py
[2023-11-28T03:09:25.426+0200] {processor.py:841} WARNING - No viable dags retrieved from /mnt/f/UCU/BatchProc/lab1/venv/lib/python3.10/site-packages/airflow/example_dags/plugins/event_listener.py
[2023-11-28T03:09:25.435+0200] {processor.py:179} INFO - Processing /mnt/f/UCU/BatchProc/lab1/venv/lib/python3.10/site-packages/airflow/example_dags/plugins/event_listener.py took 0.033 seconds
[2023-11-28T03:10:16.562+0200] {processor.py:157} INFO - Started process (PID=27891) to work on /mnt/f/UCU/BatchProc/lab1/venv/lib/python3.10/site-packages/airflow/example_dags/plugins/event_listener.py
[2023-11-28T03:10:16.566+0200] {processor.py:829} INFO - Processing file /mnt/f/UCU/BatchProc/lab1/venv/lib/python3.10/site-packages/airflow/example_dags/plugins/event_listener.py for tasks to queue
[2023-11-28T03:10:16.566+0200] {logging_mixin.py:154} INFO - [2023-11-28T03:10:16.566+0200] {dagbag.py:536} INFO - Filling up the DagBag from /mnt/f/UCU/BatchProc/lab1/venv/lib/python3.10/site-packages/airflow/example_dags/plugins/event_listener.py
[2023-11-28T03:10:16.586+0200] {processor.py:841} WARNING - No viable dags retrieved from /mnt/f/UCU/BatchProc/lab1/venv/lib/python3.10/site-packages/airflow/example_dags/plugins/event_listener.py
[2023-11-28T03:10:16.593+0200] {processor.py:179} INFO - Processing /mnt/f/UCU/BatchProc/lab1/venv/lib/python3.10/site-packages/airflow/example_dags/plugins/event_listener.py took 0.033 seconds
[2023-11-28T03:10:54.074+0200] {processor.py:157} INFO - Started process (PID=27929) to work on /mnt/f/UCU/BatchProc/lab1/venv/lib/python3.10/site-packages/airflow/example_dags/plugins/event_listener.py
[2023-11-28T03:10:54.078+0200] {processor.py:829} INFO - Processing file /mnt/f/UCU/BatchProc/lab1/venv/lib/python3.10/site-packages/airflow/example_dags/plugins/event_listener.py for tasks to queue
[2023-11-28T03:10:54.079+0200] {logging_mixin.py:154} INFO - [2023-11-28T03:10:54.078+0200] {dagbag.py:536} INFO - Filling up the DagBag from /mnt/f/UCU/BatchProc/lab1/venv/lib/python3.10/site-packages/airflow/example_dags/plugins/event_listener.py
[2023-11-28T03:10:54.098+0200] {processor.py:841} WARNING - No viable dags retrieved from /mnt/f/UCU/BatchProc/lab1/venv/lib/python3.10/site-packages/airflow/example_dags/plugins/event_listener.py
[2023-11-28T03:10:54.106+0200] {processor.py:179} INFO - Processing /mnt/f/UCU/BatchProc/lab1/venv/lib/python3.10/site-packages/airflow/example_dags/plugins/event_listener.py took 0.034 seconds
[2023-11-28T03:11:33.066+0200] {processor.py:157} INFO - Started process (PID=27967) to work on /mnt/f/UCU/BatchProc/lab1/venv/lib/python3.10/site-packages/airflow/example_dags/plugins/event_listener.py
[2023-11-28T03:11:33.070+0200] {processor.py:829} INFO - Processing file /mnt/f/UCU/BatchProc/lab1/venv/lib/python3.10/site-packages/airflow/example_dags/plugins/event_listener.py for tasks to queue
[2023-11-28T03:11:33.072+0200] {logging_mixin.py:154} INFO - [2023-11-28T03:11:33.072+0200] {dagbag.py:536} INFO - Filling up the DagBag from /mnt/f/UCU/BatchProc/lab1/venv/lib/python3.10/site-packages/airflow/example_dags/plugins/event_listener.py
[2023-11-28T03:11:33.100+0200] {processor.py:841} WARNING - No viable dags retrieved from /mnt/f/UCU/BatchProc/lab1/venv/lib/python3.10/site-packages/airflow/example_dags/plugins/event_listener.py
[2023-11-28T03:11:33.108+0200] {processor.py:179} INFO - Processing /mnt/f/UCU/BatchProc/lab1/venv/lib/python3.10/site-packages/airflow/example_dags/plugins/event_listener.py took 0.046 seconds
[2023-11-28T03:12:07.365+0200] {processor.py:157} INFO - Started process (PID=28001) to work on /mnt/f/UCU/BatchProc/lab1/venv/lib/python3.10/site-packages/airflow/example_dags/plugins/event_listener.py
[2023-11-28T03:12:07.370+0200] {processor.py:829} INFO - Processing file /mnt/f/UCU/BatchProc/lab1/venv/lib/python3.10/site-packages/airflow/example_dags/plugins/event_listener.py for tasks to queue
[2023-11-28T03:12:07.371+0200] {logging_mixin.py:154} INFO - [2023-11-28T03:12:07.371+0200] {dagbag.py:536} INFO - Filling up the DagBag from /mnt/f/UCU/BatchProc/lab1/venv/lib/python3.10/site-packages/airflow/example_dags/plugins/event_listener.py
[2023-11-28T03:12:07.402+0200] {processor.py:841} WARNING - No viable dags retrieved from /mnt/f/UCU/BatchProc/lab1/venv/lib/python3.10/site-packages/airflow/example_dags/plugins/event_listener.py
[2023-11-28T03:12:07.410+0200] {processor.py:179} INFO - Processing /mnt/f/UCU/BatchProc/lab1/venv/lib/python3.10/site-packages/airflow/example_dags/plugins/event_listener.py took 0.047 seconds
