[2023-11-28T03:09:24.266+0200] {processor.py:157} INFO - Started process (PID=27841) to work on /mnt/f/UCU/BatchProc/lab1/venv/lib/python3.10/site-packages/airflow/example_dags/plugins/listener_plugin.py
[2023-11-28T03:09:24.267+0200] {processor.py:829} INFO - Processing file /mnt/f/UCU/BatchProc/lab1/venv/lib/python3.10/site-packages/airflow/example_dags/plugins/listener_plugin.py for tasks to queue
[2023-11-28T03:09:24.268+0200] {logging_mixin.py:154} INFO - [2023-11-28T03:09:24.267+0200] {dagbag.py:536} INFO - Filling up the DagBag from /mnt/f/UCU/BatchProc/lab1/venv/lib/python3.10/site-packages/airflow/example_dags/plugins/listener_plugin.py
[2023-11-28T03:09:24.303+0200] {processor.py:841} WARNING - No viable dags retrieved from /mnt/f/UCU/BatchProc/lab1/venv/lib/python3.10/site-packages/airflow/example_dags/plugins/listener_plugin.py
[2023-11-28T03:09:24.310+0200] {processor.py:179} INFO - Processing /mnt/f/UCU/BatchProc/lab1/venv/lib/python3.10/site-packages/airflow/example_dags/plugins/listener_plugin.py took 0.046 seconds
[2023-11-28T03:10:15.414+0200] {processor.py:157} INFO - Started process (PID=27890) to work on /mnt/f/UCU/BatchProc/lab1/venv/lib/python3.10/site-packages/airflow/example_dags/plugins/listener_plugin.py
[2023-11-28T03:10:15.418+0200] {processor.py:829} INFO - Processing file /mnt/f/UCU/BatchProc/lab1/venv/lib/python3.10/site-packages/airflow/example_dags/plugins/listener_plugin.py for tasks to queue
[2023-11-28T03:10:15.418+0200] {logging_mixin.py:154} INFO - [2023-11-28T03:10:15.418+0200] {dagbag.py:536} INFO - Filling up the DagBag from /mnt/f/UCU/BatchProc/lab1/venv/lib/python3.10/site-packages/airflow/example_dags/plugins/listener_plugin.py
[2023-11-28T03:10:15.451+0200] {processor.py:841} WARNING - No viable dags retrieved from /mnt/f/UCU/BatchProc/lab1/venv/lib/python3.10/site-packages/airflow/example_dags/plugins/listener_plugin.py
[2023-11-28T03:10:15.458+0200] {processor.py:179} INFO - Processing /mnt/f/UCU/BatchProc/lab1/venv/lib/python3.10/site-packages/airflow/example_dags/plugins/listener_plugin.py took 0.047 seconds
[2023-11-28T03:10:52.928+0200] {processor.py:157} INFO - Started process (PID=27928) to work on /mnt/f/UCU/BatchProc/lab1/venv/lib/python3.10/site-packages/airflow/example_dags/plugins/listener_plugin.py
[2023-11-28T03:10:52.932+0200] {processor.py:829} INFO - Processing file /mnt/f/UCU/BatchProc/lab1/venv/lib/python3.10/site-packages/airflow/example_dags/plugins/listener_plugin.py for tasks to queue
[2023-11-28T03:10:52.932+0200] {logging_mixin.py:154} INFO - [2023-11-28T03:10:52.932+0200] {dagbag.py:536} INFO - Filling up the DagBag from /mnt/f/UCU/BatchProc/lab1/venv/lib/python3.10/site-packages/airflow/example_dags/plugins/listener_plugin.py
[2023-11-28T03:10:52.967+0200] {processor.py:841} WARNING - No viable dags retrieved from /mnt/f/UCU/BatchProc/lab1/venv/lib/python3.10/site-packages/airflow/example_dags/plugins/listener_plugin.py
[2023-11-28T03:10:52.975+0200] {processor.py:179} INFO - Processing /mnt/f/UCU/BatchProc/lab1/venv/lib/python3.10/site-packages/airflow/example_dags/plugins/listener_plugin.py took 0.049 seconds
[2023-11-28T03:11:31.892+0200] {processor.py:157} INFO - Started process (PID=27966) to work on /mnt/f/UCU/BatchProc/lab1/venv/lib/python3.10/site-packages/airflow/example_dags/plugins/listener_plugin.py
[2023-11-28T03:11:31.896+0200] {processor.py:829} INFO - Processing file /mnt/f/UCU/BatchProc/lab1/venv/lib/python3.10/site-packages/airflow/example_dags/plugins/listener_plugin.py for tasks to queue
[2023-11-28T03:11:31.897+0200] {logging_mixin.py:154} INFO - [2023-11-28T03:11:31.897+0200] {dagbag.py:536} INFO - Filling up the DagBag from /mnt/f/UCU/BatchProc/lab1/venv/lib/python3.10/site-packages/airflow/example_dags/plugins/listener_plugin.py
[2023-11-28T03:11:31.939+0200] {processor.py:841} WARNING - No viable dags retrieved from /mnt/f/UCU/BatchProc/lab1/venv/lib/python3.10/site-packages/airflow/example_dags/plugins/listener_plugin.py
[2023-11-28T03:11:31.946+0200] {processor.py:179} INFO - Processing /mnt/f/UCU/BatchProc/lab1/venv/lib/python3.10/site-packages/airflow/example_dags/plugins/listener_plugin.py took 0.056 seconds
[2023-11-28T03:12:06.223+0200] {processor.py:157} INFO - Started process (PID=28000) to work on /mnt/f/UCU/BatchProc/lab1/venv/lib/python3.10/site-packages/airflow/example_dags/plugins/listener_plugin.py
[2023-11-28T03:12:06.226+0200] {processor.py:829} INFO - Processing file /mnt/f/UCU/BatchProc/lab1/venv/lib/python3.10/site-packages/airflow/example_dags/plugins/listener_plugin.py for tasks to queue
[2023-11-28T03:12:06.227+0200] {logging_mixin.py:154} INFO - [2023-11-28T03:12:06.227+0200] {dagbag.py:536} INFO - Filling up the DagBag from /mnt/f/UCU/BatchProc/lab1/venv/lib/python3.10/site-packages/airflow/example_dags/plugins/listener_plugin.py
[2023-11-28T03:12:06.278+0200] {processor.py:841} WARNING - No viable dags retrieved from /mnt/f/UCU/BatchProc/lab1/venv/lib/python3.10/site-packages/airflow/example_dags/plugins/listener_plugin.py
[2023-11-28T03:12:06.286+0200] {processor.py:179} INFO - Processing /mnt/f/UCU/BatchProc/lab1/venv/lib/python3.10/site-packages/airflow/example_dags/plugins/listener_plugin.py took 0.065 seconds
