[2023-11-30T03:15:16.527+0200] {taskinstance.py:1159} INFO - Dependencies all met for dep_context=non-requeueable deps ti=<TaskInstance: lviv_weather.inject_data_Kharkiv manual__2023-11-30T01:15:03.402311+00:00 [queued]>
[2023-11-30T03:15:16.541+0200] {taskinstance.py:1159} INFO - Dependencies all met for dep_context=requeueable deps ti=<TaskInstance: lviv_weather.inject_data_Kharkiv manual__2023-11-30T01:15:03.402311+00:00 [queued]>
[2023-11-30T03:15:16.541+0200] {taskinstance.py:1361} INFO - Starting attempt 1 of 1
[2023-11-30T03:15:16.556+0200] {taskinstance.py:1382} INFO - Executing <Task(PostgresOperator): inject_data_Kharkiv> on 2023-11-30 01:15:03.402311+00:00
[2023-11-30T03:15:16.561+0200] {standard_task_runner.py:57} INFO - Started process 171594 to run task
[2023-11-30T03:15:16.567+0200] {standard_task_runner.py:84} INFO - Running: ['airflow', 'tasks', 'run', 'lviv_weather', 'inject_data_Kharkiv', 'manual__2023-11-30T01:15:03.402311+00:00', '--job-id', '235', '--raw', '--subdir', 'DAGS_FOLDER/lviv_weather.py', '--cfg-path', '/tmp/tmphezcde81']
[2023-11-30T03:15:16.569+0200] {standard_task_runner.py:85} INFO - Job 235: Subtask inject_data_Kharkiv
[2023-11-30T03:15:16.678+0200] {task_command.py:416} INFO - Running <TaskInstance: lviv_weather.inject_data_Kharkiv manual__2023-11-30T01:15:03.402311+00:00 [running]> on host yurabd.
[2023-11-30T03:15:17.163+0200] {taskinstance.py:1662} INFO - Exporting env vars: AIRFLOW_CTX_DAG_OWNER='airflow' AIRFLOW_CTX_DAG_ID='lviv_weather' AIRFLOW_CTX_TASK_ID='inject_data_Kharkiv' AIRFLOW_CTX_EXECUTION_DATE='2023-11-30T01:15:03.402311+00:00' AIRFLOW_CTX_TRY_NUMBER='1' AIRFLOW_CTX_DAG_RUN_ID='manual__2023-11-30T01:15:03.402311+00:00'
[2023-11-30T03:15:17.164+0200] {sql.py:274} INFO - Executing: 
            INSERT INTO measures (city, timestamp, date, temp, humidity, clouds, wind_speed) VALUES
            ('Kharkiv',
            to_timestamp(1701306903),
            '2023-11-30 01:15:03',
            -0.5,
            78,
            100,
            5.2);
            
[2023-11-30T03:15:17.189+0200] {base.py:73} INFO - Using connection ID 'postgres_conn' for task execution.
[2023-11-30T03:15:17.222+0200] {base.py:73} INFO - Using connection ID 'postgres_conn' for task execution.
[2023-11-30T03:15:17.233+0200] {sql.py:418} INFO - Running statement: 
            INSERT INTO measures (city, timestamp, date, temp, humidity, clouds, wind_speed) VALUES
            ('Kharkiv',
            to_timestamp(1701306903),
            '2023-11-30 01:15:03',
            -0.5,
            78,
            100,
            5.2);
            , parameters: None
[2023-11-30T03:15:17.234+0200] {sql.py:427} INFO - Rows affected: 1
[2023-11-30T03:15:17.352+0200] {taskinstance.py:1400} INFO - Marking task as SUCCESS. dag_id=lviv_weather, task_id=inject_data_Kharkiv, execution_date=20231130T011503, start_date=20231130T011516, end_date=20231130T011517
[2023-11-30T03:15:17.384+0200] {local_task_job_runner.py:228} INFO - Task exited with return code 0
[2023-11-30T03:15:17.403+0200] {taskinstance.py:2778} INFO - 0 downstream tasks scheduled from follow-on schedule check
