[2023-11-26T20:30:31.877+0200] {taskinstance.py:1159} INFO - Dependencies all met for dep_context=non-requeueable deps ti=<TaskInstance: tutorial.templated scheduled__2023-11-25T18:28:25.472365+00:00 [queued]>
[2023-11-26T20:30:31.883+0200] {taskinstance.py:1159} INFO - Dependencies all met for dep_context=requeueable deps ti=<TaskInstance: tutorial.templated scheduled__2023-11-25T18:28:25.472365+00:00 [queued]>
[2023-11-26T20:30:31.884+0200] {taskinstance.py:1361} INFO - Starting attempt 1 of 2
[2023-11-26T20:30:31.905+0200] {taskinstance.py:1382} INFO - Executing <Task(BashOperator): templated> on 2023-11-25 18:28:25.472365+00:00
[2023-11-26T20:30:31.908+0200] {standard_task_runner.py:57} INFO - Started process 12373 to run task
[2023-11-26T20:30:31.912+0200] {standard_task_runner.py:84} INFO - Running: ['airflow', 'tasks', 'run', 'tutorial', 'templated', 'scheduled__2023-11-25T18:28:25.472365+00:00', '--job-id', '4', '--raw', '--subdir', '/mnt/f/UCU/BatchProc/lab1/venv/lib/python3.10/site-packages/airflow/example_dags/tutorial.py', '--cfg-path', '/tmp/tmpxpg0ge23']
[2023-11-26T20:30:31.912+0200] {standard_task_runner.py:85} INFO - Job 4: Subtask templated
[2023-11-26T20:30:31.952+0200] {task_command.py:416} INFO - Running <TaskInstance: tutorial.templated scheduled__2023-11-25T18:28:25.472365+00:00 [running]> on host yurabd.
[2023-11-26T20:30:32.012+0200] {taskinstance.py:1662} INFO - Exporting env vars: AIRFLOW_CTX_DAG_EMAIL='airflow@example.com' AIRFLOW_CTX_DAG_OWNER='airflow' AIRFLOW_CTX_DAG_ID='tutorial' AIRFLOW_CTX_TASK_ID='templated' AIRFLOW_CTX_EXECUTION_DATE='2023-11-25T18:28:25.472365+00:00' AIRFLOW_CTX_TRY_NUMBER='1' AIRFLOW_CTX_DAG_RUN_ID='scheduled__2023-11-25T18:28:25.472365+00:00'
[2023-11-26T20:30:32.015+0200] {subprocess.py:63} INFO - Tmp dir root location: /tmp
[2023-11-26T20:30:32.015+0200] {subprocess.py:75} INFO - Running command: ['/usr/bin/bash', '-c', '\n\n    echo "2023-11-25"\n    echo "2023-12-02"\n\n    echo "2023-11-25"\n    echo "2023-12-02"\n\n    echo "2023-11-25"\n    echo "2023-12-02"\n\n    echo "2023-11-25"\n    echo "2023-12-02"\n\n    echo "2023-11-25"\n    echo "2023-12-02"\n']
[2023-11-26T20:30:32.021+0200] {subprocess.py:86} INFO - Output:
[2023-11-26T20:30:32.023+0200] {subprocess.py:93} INFO - 2023-11-25
[2023-11-26T20:30:32.023+0200] {subprocess.py:93} INFO - 2023-12-02
[2023-11-26T20:30:32.023+0200] {subprocess.py:93} INFO - 2023-11-25
[2023-11-26T20:30:32.023+0200] {subprocess.py:93} INFO - 2023-12-02
[2023-11-26T20:30:32.023+0200] {subprocess.py:93} INFO - 2023-11-25
[2023-11-26T20:30:32.023+0200] {subprocess.py:93} INFO - 2023-12-02
[2023-11-26T20:30:32.023+0200] {subprocess.py:93} INFO - 2023-11-25
[2023-11-26T20:30:32.023+0200] {subprocess.py:93} INFO - 2023-12-02
[2023-11-26T20:30:32.023+0200] {subprocess.py:93} INFO - 2023-11-25
[2023-11-26T20:30:32.023+0200] {subprocess.py:93} INFO - 2023-12-02
[2023-11-26T20:30:32.024+0200] {subprocess.py:97} INFO - Command exited with return code 0
[2023-11-26T20:30:32.039+0200] {taskinstance.py:1400} INFO - Marking task as SUCCESS. dag_id=tutorial, task_id=templated, execution_date=20231125T182825, start_date=20231126T183031, end_date=20231126T183032
[2023-11-26T20:30:32.084+0200] {local_task_job_runner.py:228} INFO - Task exited with return code 0
[2023-11-26T20:30:32.093+0200] {taskinstance.py:2778} INFO - 0 downstream tasks scheduled from follow-on schedule check
