[2023-11-30T02:04:48.538+0200] {taskinstance.py:1159} INFO - Dependencies all met for dep_context=non-requeueable deps ti=<TaskInstance: lviv_weather.create_table_postgres manual__2023-11-30T00:04:46.400371+00:00 [queued]>
[2023-11-30T02:04:48.547+0200] {taskinstance.py:1159} INFO - Dependencies all met for dep_context=requeueable deps ti=<TaskInstance: lviv_weather.create_table_postgres manual__2023-11-30T00:04:46.400371+00:00 [queued]>
[2023-11-30T02:04:48.547+0200] {taskinstance.py:1361} INFO - Starting attempt 1 of 1
[2023-11-30T02:04:48.558+0200] {taskinstance.py:1382} INFO - Executing <Task(PostgresOperator): create_table_postgres> on 2023-11-30 00:04:46.400371+00:00
[2023-11-30T02:04:48.561+0200] {standard_task_runner.py:57} INFO - Started process 153304 to run task
[2023-11-30T02:04:48.564+0200] {standard_task_runner.py:84} INFO - Running: ['airflow', 'tasks', 'run', 'lviv_weather', 'create_table_postgres', 'manual__2023-11-30T00:04:46.400371+00:00', '--job-id', '59', '--raw', '--subdir', 'DAGS_FOLDER/lviv_weather.py', '--cfg-path', '/tmp/tmpdz91o7tb']
[2023-11-30T02:04:48.566+0200] {standard_task_runner.py:85} INFO - Job 59: Subtask create_table_postgres
[2023-11-30T02:04:48.624+0200] {task_command.py:416} INFO - Running <TaskInstance: lviv_weather.create_table_postgres manual__2023-11-30T00:04:46.400371+00:00 [running]> on host yurabd.
[2023-11-30T02:04:48.867+0200] {taskinstance.py:1662} INFO - Exporting env vars: AIRFLOW_CTX_DAG_OWNER='airflow' AIRFLOW_CTX_DAG_ID='lviv_weather' AIRFLOW_CTX_TASK_ID='create_table_postgres' AIRFLOW_CTX_EXECUTION_DATE='2023-11-30T00:04:46.400371+00:00' AIRFLOW_CTX_TRY_NUMBER='1' AIRFLOW_CTX_DAG_RUN_ID='manual__2023-11-30T00:04:46.400371+00:00'
[2023-11-30T02:04:48.868+0200] {sql.py:274} INFO - Executing: 
        CREATE TABLE IF NOT EXISTS measures
        (
        timestamp TIMESTAMP,
        date TEXT,
        temp FLOAT,
        humidity FLOAT,
        clouds FLOAT,
        wind_speed FLOAT
        );
[2023-11-30T02:04:48.882+0200] {base.py:73} INFO - Using connection ID 'postgres_conn' for task execution.
[2023-11-30T02:04:48.965+0200] {base.py:73} INFO - Using connection ID 'postgres_conn' for task execution.
[2023-11-30T02:04:48.975+0200] {sql.py:418} INFO - Running statement: 
        CREATE TABLE IF NOT EXISTS measures
        (
        timestamp TIMESTAMP,
        date TEXT,
        temp FLOAT,
        humidity FLOAT,
        clouds FLOAT,
        wind_speed FLOAT
        );, parameters: None
[2023-11-30T02:04:48.993+0200] {taskinstance.py:1400} INFO - Marking task as SUCCESS. dag_id=lviv_weather, task_id=create_table_postgres, execution_date=20231130T000446, start_date=20231130T000448, end_date=20231130T000448
[2023-11-30T02:04:49.018+0200] {local_task_job_runner.py:228} INFO - Task exited with return code 0
[2023-11-30T02:04:49.052+0200] {taskinstance.py:2778} INFO - 1 downstream tasks scheduled from follow-on schedule check
