[2023-11-30T02:37:51.075+0200] {taskinstance.py:1159} INFO - Dependencies all met for dep_context=non-requeueable deps ti=<TaskInstance: lviv_weather.create_table_postgres manual__2023-11-30T00:37:49.330012+00:00 [queued]>
[2023-11-30T02:37:51.086+0200] {taskinstance.py:1159} INFO - Dependencies all met for dep_context=requeueable deps ti=<TaskInstance: lviv_weather.create_table_postgres manual__2023-11-30T00:37:49.330012+00:00 [queued]>
[2023-11-30T02:37:51.086+0200] {taskinstance.py:1361} INFO - Starting attempt 1 of 1
[2023-11-30T02:37:51.098+0200] {taskinstance.py:1382} INFO - Executing <Task(PostgresOperator): create_table_postgres> on 2023-11-30 00:37:49.330012+00:00
[2023-11-30T02:37:51.100+0200] {standard_task_runner.py:57} INFO - Started process 161467 to run task
[2023-11-30T02:37:51.103+0200] {standard_task_runner.py:84} INFO - Running: ['airflow', 'tasks', 'run', 'lviv_weather', 'create_table_postgres', 'manual__2023-11-30T00:37:49.330012+00:00', '--job-id', '115', '--raw', '--subdir', 'DAGS_FOLDER/lviv_weather.py', '--cfg-path', '/tmp/tmp6hqm6a3s']
[2023-11-30T02:37:51.106+0200] {standard_task_runner.py:85} INFO - Job 115: Subtask create_table_postgres
[2023-11-30T02:37:51.197+0200] {task_command.py:416} INFO - Running <TaskInstance: lviv_weather.create_table_postgres manual__2023-11-30T00:37:49.330012+00:00 [running]> on host yurabd.
[2023-11-30T02:37:51.416+0200] {taskinstance.py:1662} INFO - Exporting env vars: AIRFLOW_CTX_DAG_OWNER='airflow' AIRFLOW_CTX_DAG_ID='lviv_weather' AIRFLOW_CTX_TASK_ID='create_table_postgres' AIRFLOW_CTX_EXECUTION_DATE='2023-11-30T00:37:49.330012+00:00' AIRFLOW_CTX_TRY_NUMBER='1' AIRFLOW_CTX_DAG_RUN_ID='manual__2023-11-30T00:37:49.330012+00:00'
[2023-11-30T02:37:51.417+0200] {sql.py:274} INFO - Executing: 
        CREATE TABLE IF NOT EXISTS measures
        (
        city TEXT,
        timestamp TIMESTAMP,
        date TEXT,
        temp FLOAT,
        humidity FLOAT,
        clouds FLOAT,
        wind_speed FLOAT
        );
[2023-11-30T02:37:51.429+0200] {base.py:73} INFO - Using connection ID 'postgres_conn' for task execution.
[2023-11-30T02:37:51.500+0200] {base.py:73} INFO - Using connection ID 'postgres_conn' for task execution.
[2023-11-30T02:37:51.509+0200] {sql.py:418} INFO - Running statement: 
        CREATE TABLE IF NOT EXISTS measures
        (
        city TEXT,
        timestamp TIMESTAMP,
        date TEXT,
        temp FLOAT,
        humidity FLOAT,
        clouds FLOAT,
        wind_speed FLOAT
        );, parameters: None
[2023-11-30T02:37:51.529+0200] {taskinstance.py:1400} INFO - Marking task as SUCCESS. dag_id=lviv_weather, task_id=create_table_postgres, execution_date=20231130T003749, start_date=20231130T003751, end_date=20231130T003751
[2023-11-30T02:37:51.557+0200] {local_task_job_runner.py:228} INFO - Task exited with return code 0
[2023-11-30T02:37:51.595+0200] {taskinstance.py:2778} INFO - 1 downstream tasks scheduled from follow-on schedule check
