[2023-11-30T01:43:29.168+0200] {taskinstance.py:1159} INFO - Dependencies all met for dep_context=non-requeueable deps ti=<TaskInstance: lviv_weather.create_table_sqlite manual__2023-11-29T23:43:27.582078+00:00 [queued]>
[2023-11-30T01:43:29.178+0200] {taskinstance.py:1159} INFO - Dependencies all met for dep_context=requeueable deps ti=<TaskInstance: lviv_weather.create_table_sqlite manual__2023-11-29T23:43:27.582078+00:00 [queued]>
[2023-11-30T01:43:29.178+0200] {taskinstance.py:1361} INFO - Starting attempt 1 of 1
[2023-11-30T01:43:29.192+0200] {taskinstance.py:1382} INFO - Executing <Task(SqliteOperator): create_table_sqlite> on 2023-11-29 23:43:27.582078+00:00
[2023-11-30T01:43:29.195+0200] {standard_task_runner.py:57} INFO - Started process 148540 to run task
[2023-11-30T01:43:29.201+0200] {standard_task_runner.py:84} INFO - Running: ['airflow', 'tasks', 'run', 'lviv_weather', 'create_table_sqlite', 'manual__2023-11-29T23:43:27.582078+00:00', '--job-id', '43', '--raw', '--subdir', 'DAGS_FOLDER/lviv_weather.py', '--cfg-path', '/tmp/tmpmgjilfei']
[2023-11-30T01:43:29.204+0200] {standard_task_runner.py:85} INFO - Job 43: Subtask create_table_sqlite
[2023-11-30T01:43:29.273+0200] {task_command.py:416} INFO - Running <TaskInstance: lviv_weather.create_table_sqlite manual__2023-11-29T23:43:27.582078+00:00 [running]> on host yurabd.
[2023-11-30T01:43:29.538+0200] {taskinstance.py:1662} INFO - Exporting env vars: AIRFLOW_CTX_DAG_OWNER='airflow' AIRFLOW_CTX_DAG_ID='lviv_weather' AIRFLOW_CTX_TASK_ID='create_table_sqlite' AIRFLOW_CTX_EXECUTION_DATE='2023-11-29T23:43:27.582078+00:00' AIRFLOW_CTX_TRY_NUMBER='1' AIRFLOW_CTX_DAG_RUN_ID='manual__2023-11-29T23:43:27.582078+00:00'
[2023-11-30T01:43:29.538+0200] {sql.py:274} INFO - Executing: 
        CREATE TABLE IF NOT EXISTS measures
        (
        timestamp TIMESTAMP,
        date TEXT,
        temp FLOAT,
        humidity FLOAT,
        clouds FLOAT,
        wind_speed FLOAT
        );
[2023-11-30T01:43:29.554+0200] {base.py:73} INFO - Using connection ID 'airflow_conn' for task execution.
[2023-11-30T01:43:29.612+0200] {base.py:73} INFO - Using connection ID 'airflow_conn' for task execution.
[2023-11-30T01:43:29.616+0200] {sql.py:418} INFO - Running statement: 
        CREATE TABLE IF NOT EXISTS measures
        (
        timestamp TIMESTAMP,
        date TEXT,
        temp FLOAT,
        humidity FLOAT,
        clouds FLOAT,
        wind_speed FLOAT
        );, parameters: None
[2023-11-30T01:43:31.504+0200] {taskinstance.py:1400} INFO - Marking task as SUCCESS. dag_id=lviv_weather, task_id=create_table_sqlite, execution_date=20231129T234327, start_date=20231129T234329, end_date=20231129T234331
[2023-11-30T01:43:31.539+0200] {local_task_job_runner.py:228} INFO - Task exited with return code 0
[2023-11-30T01:43:31.565+0200] {taskinstance.py:2778} INFO - 1 downstream tasks scheduled from follow-on schedule check
