[2023-11-30T01:37:40.964+0200] {taskinstance.py:1159} INFO - Dependencies all met for dep_context=non-requeueable deps ti=<TaskInstance: lviv_weather.inject_data scheduled__2023-11-10T00:00:00+00:00 [queued]>
[2023-11-30T01:37:40.971+0200] {taskinstance.py:1159} INFO - Dependencies all met for dep_context=requeueable deps ti=<TaskInstance: lviv_weather.inject_data scheduled__2023-11-10T00:00:00+00:00 [queued]>
[2023-11-30T01:37:40.972+0200] {taskinstance.py:1361} INFO - Starting attempt 1 of 1
[2023-11-30T01:37:40.983+0200] {taskinstance.py:1382} INFO - Executing <Task(SqliteOperator): inject_data> on 2023-11-10 00:00:00+00:00
[2023-11-30T01:37:40.985+0200] {standard_task_runner.py:57} INFO - Started process 147172 to run task
[2023-11-30T01:37:40.987+0200] {standard_task_runner.py:84} INFO - Running: ['airflow', 'tasks', 'run', 'lviv_weather', 'inject_data', 'scheduled__2023-11-10T00:00:00+00:00', '--job-id', '42', '--raw', '--subdir', 'DAGS_FOLDER/lviv_weather.py', '--cfg-path', '/tmp/tmpauthztp5']
[2023-11-30T01:37:40.989+0200] {standard_task_runner.py:85} INFO - Job 42: Subtask inject_data
[2023-11-30T01:37:41.042+0200] {task_command.py:416} INFO - Running <TaskInstance: lviv_weather.inject_data scheduled__2023-11-10T00:00:00+00:00 [running]> on host yurabd.
[2023-11-30T01:37:41.264+0200] {taskinstance.py:1662} INFO - Exporting env vars: AIRFLOW_CTX_DAG_OWNER='airflow' AIRFLOW_CTX_DAG_ID='lviv_weather' AIRFLOW_CTX_TASK_ID='inject_data' AIRFLOW_CTX_EXECUTION_DATE='2023-11-10T00:00:00+00:00' AIRFLOW_CTX_TRY_NUMBER='1' AIRFLOW_CTX_DAG_RUN_ID='scheduled__2023-11-10T00:00:00+00:00'
[2023-11-30T01:37:41.264+0200] {sql.py:274} INFO - Executing: 
        INSERT INTO measures (timestamp, date, temp) VALUES
        (1699574400,
        "2023-11-10 00:00:00",
        4.74);
        
[2023-11-30T01:37:41.276+0200] {base.py:73} INFO - Using connection ID 'airflow_conn' for task execution.
[2023-11-30T01:37:41.331+0200] {base.py:73} INFO - Using connection ID 'airflow_conn' for task execution.
[2023-11-30T01:37:41.334+0200] {sql.py:418} INFO - Running statement: 
        INSERT INTO measures (timestamp, date, temp) VALUES
        (1699574400,
        "2023-11-10 00:00:00",
        4.74);
        , parameters: None
[2023-11-30T01:37:41.342+0200] {sql.py:427} INFO - Rows affected: 1
[2023-11-30T01:37:41.608+0200] {taskinstance.py:1400} INFO - Marking task as SUCCESS. dag_id=lviv_weather, task_id=inject_data, execution_date=20231110T000000, start_date=20231129T233740, end_date=20231129T233741
[2023-11-30T01:37:41.641+0200] {local_task_job_runner.py:228} INFO - Task exited with return code 0
[2023-11-30T01:37:41.659+0200] {taskinstance.py:2778} INFO - 0 downstream tasks scheduled from follow-on schedule check
