[2023-11-30T01:25:36.541+0200] {taskinstance.py:1159} INFO - Dependencies all met for dep_context=non-requeueable deps ti=<TaskInstance: lviv_weather.create_table_sqlite scheduled__2023-11-15T00:00:00+00:00 [queued]>
[2023-11-30T01:25:36.551+0200] {taskinstance.py:1159} INFO - Dependencies all met for dep_context=requeueable deps ti=<TaskInstance: lviv_weather.create_table_sqlite scheduled__2023-11-15T00:00:00+00:00 [queued]>
[2023-11-30T01:25:36.551+0200] {taskinstance.py:1361} INFO - Starting attempt 4 of 4
[2023-11-30T01:25:36.563+0200] {taskinstance.py:1382} INFO - Executing <Task(SqliteOperator): create_table_sqlite> on 2023-11-15 00:00:00+00:00
[2023-11-30T01:25:36.565+0200] {standard_task_runner.py:57} INFO - Started process 143894 to run task
[2023-11-30T01:25:36.567+0200] {standard_task_runner.py:84} INFO - Running: ['airflow', 'tasks', 'run', 'lviv_weather', 'create_table_sqlite', 'scheduled__2023-11-15T00:00:00+00:00', '--job-id', '28', '--raw', '--subdir', 'DAGS_FOLDER/lviv_weather.py', '--cfg-path', '/tmp/tmpl8bygfb0']
[2023-11-30T01:25:36.569+0200] {standard_task_runner.py:85} INFO - Job 28: Subtask create_table_sqlite
[2023-11-30T01:25:36.628+0200] {task_command.py:416} INFO - Running <TaskInstance: lviv_weather.create_table_sqlite scheduled__2023-11-15T00:00:00+00:00 [running]> on host yurabd.
[2023-11-30T01:25:36.890+0200] {taskinstance.py:1662} INFO - Exporting env vars: AIRFLOW_CTX_DAG_OWNER='airflow' AIRFLOW_CTX_DAG_ID='lviv_weather' AIRFLOW_CTX_TASK_ID='create_table_sqlite' AIRFLOW_CTX_EXECUTION_DATE='2023-11-15T00:00:00+00:00' AIRFLOW_CTX_TRY_NUMBER='4' AIRFLOW_CTX_DAG_RUN_ID='scheduled__2023-11-15T00:00:00+00:00'
[2023-11-30T01:25:36.892+0200] {sql.py:274} INFO - Executing: 
        CREATE TABLE IF NOT EXISTS measures
        (
        timestamp TIMESTAMP,
        date TEXT,
        temp FLOAT
        );
[2023-11-30T01:25:36.912+0200] {base.py:73} INFO - Using connection ID 'airflow_conn' for task execution.
[2023-11-30T01:25:36.977+0200] {base.py:73} INFO - Using connection ID 'airflow_conn' for task execution.
[2023-11-30T01:25:36.980+0200] {sql.py:418} INFO - Running statement: 
        CREATE TABLE IF NOT EXISTS measures
        (
        timestamp TIMESTAMP,
        date TEXT,
        temp FLOAT
        );, parameters: None
[2023-11-30T01:25:37.006+0200] {taskinstance.py:1400} INFO - Marking task as SUCCESS. dag_id=lviv_weather, task_id=create_table_sqlite, execution_date=20231115T000000, start_date=20231129T232536, end_date=20231129T232537
[2023-11-30T01:25:37.062+0200] {local_task_job_runner.py:228} INFO - Task exited with return code 0
[2023-11-30T01:25:37.089+0200] {taskinstance.py:2778} INFO - 1 downstream tasks scheduled from follow-on schedule check
