[2023-11-29T21:59:12.614+0200] {taskinstance.py:1159} INFO - Dependencies all met for dep_context=non-requeueable deps ti=<TaskInstance: lviv_weather.create_table_sqlite manual__2023-11-29T19:58:52.282171+00:00 [queued]>
[2023-11-29T21:59:12.618+0200] {taskinstance.py:1159} INFO - Dependencies all met for dep_context=requeueable deps ti=<TaskInstance: lviv_weather.create_table_sqlite manual__2023-11-29T19:58:52.282171+00:00 [queued]>
[2023-11-29T21:59:12.619+0200] {taskinstance.py:1361} INFO - Starting attempt 1 of 1
[2023-11-29T21:59:12.633+0200] {taskinstance.py:1382} INFO - Executing <Task(SqliteOperator): create_table_sqlite> on 2023-11-29 19:58:52.282171+00:00
[2023-11-29T21:59:12.634+0200] {standard_task_runner.py:57} INFO - Started process 99845 to run task
[2023-11-29T21:59:12.637+0200] {standard_task_runner.py:84} INFO - Running: ['airflow', 'tasks', 'run', 'lviv_weather', 'create_table_sqlite', 'manual__2023-11-29T19:58:52.282171+00:00', '--job-id', '30', '--raw', '--subdir', 'DAGS_FOLDER/lviv_weather.py', '--cfg-path', '/tmp/tmphjkv4mx3']
[2023-11-29T21:59:12.638+0200] {standard_task_runner.py:85} INFO - Job 30: Subtask create_table_sqlite
[2023-11-29T21:59:12.674+0200] {task_command.py:416} INFO - Running <TaskInstance: lviv_weather.create_table_sqlite manual__2023-11-29T19:58:52.282171+00:00 [running]> on host yurabd.
[2023-11-29T21:59:12.735+0200] {taskinstance.py:1662} INFO - Exporting env vars: AIRFLOW_CTX_DAG_OWNER='airflow' AIRFLOW_CTX_DAG_ID='lviv_weather' AIRFLOW_CTX_TASK_ID='create_table_sqlite' AIRFLOW_CTX_EXECUTION_DATE='2023-11-29T19:58:52.282171+00:00' AIRFLOW_CTX_TRY_NUMBER='1' AIRFLOW_CTX_DAG_RUN_ID='manual__2023-11-29T19:58:52.282171+00:00'
[2023-11-29T21:59:12.735+0200] {sql.py:274} INFO - Executing: 
            CREATE TABLE IF NOT EXISTS measures
            (
            timestamp TIMESTAMP,
            date TEXT,
            temp FLOAT
            );
[2023-11-29T21:59:12.738+0200] {base.py:73} INFO - Using connection ID 'airflow_conn' for task execution.
[2023-11-29T21:59:15.418+0200] {base.py:73} INFO - Using connection ID 'airflow_conn' for task execution.
[2023-11-29T21:59:15.422+0200] {sql.py:418} INFO - Running statement: 
            CREATE TABLE IF NOT EXISTS measures
            (
            timestamp TIMESTAMP,
            date TEXT,
            temp FLOAT
            );, parameters: None
[2023-11-29T21:59:15.434+0200] {taskinstance.py:1400} INFO - Marking task as SUCCESS. dag_id=lviv_weather, task_id=create_table_sqlite, execution_date=20231129T195852, start_date=20231129T195912, end_date=20231129T195915
[2023-11-29T21:59:15.460+0200] {local_task_job_runner.py:228} INFO - Task exited with return code 0
[2023-11-29T21:59:15.469+0200] {taskinstance.py:2778} INFO - 0 downstream tasks scheduled from follow-on schedule check
