[2023-12-01T20:29:22.990+0200] {taskinstance.py:1159} INFO - Dependencies all met for dep_context=non-requeueable deps ti=<TaskInstance: lviv_weather.inject_data_Kharkiv manual__2023-12-01T18:29:09.879024+00:00 [queued]>
[2023-12-01T20:29:23.016+0200] {taskinstance.py:1159} INFO - Dependencies all met for dep_context=requeueable deps ti=<TaskInstance: lviv_weather.inject_data_Kharkiv manual__2023-12-01T18:29:09.879024+00:00 [queued]>
[2023-12-01T20:29:23.017+0200] {taskinstance.py:1361} INFO - Starting attempt 1 of 1
[2023-12-01T20:29:23.044+0200] {taskinstance.py:1382} INFO - Executing <Task(PostgresOperator): inject_data_Kharkiv> on 2023-12-01 18:29:09.879024+00:00
[2023-12-01T20:29:23.051+0200] {standard_task_runner.py:57} INFO - Started process 2073 to run task
[2023-12-01T20:29:23.057+0200] {standard_task_runner.py:84} INFO - Running: ['airflow', 'tasks', 'run', 'lviv_weather', 'inject_data_Kharkiv', 'manual__2023-12-01T18:29:09.879024+00:00', '--job-id', '266', '--raw', '--subdir', 'DAGS_FOLDER/lviv_weather.py', '--cfg-path', '/tmp/tmp_q2xospq']
[2023-12-01T20:29:23.060+0200] {standard_task_runner.py:85} INFO - Job 266: Subtask inject_data_Kharkiv
[2023-12-01T20:29:23.151+0200] {task_command.py:416} INFO - Running <TaskInstance: lviv_weather.inject_data_Kharkiv manual__2023-12-01T18:29:09.879024+00:00 [running]> on host yurabd.
[2023-12-01T20:29:23.599+0200] {taskinstance.py:1662} INFO - Exporting env vars: AIRFLOW_CTX_DAG_OWNER='airflow' AIRFLOW_CTX_DAG_ID='lviv_weather' AIRFLOW_CTX_TASK_ID='inject_data_Kharkiv' AIRFLOW_CTX_EXECUTION_DATE='2023-12-01T18:29:09.879024+00:00' AIRFLOW_CTX_TRY_NUMBER='1' AIRFLOW_CTX_DAG_RUN_ID='manual__2023-12-01T18:29:09.879024+00:00'
[2023-12-01T20:29:23.600+0200] {sql.py:274} INFO - Executing: 
            INSERT INTO measures (city, timestamp, date, temp, humidity, clouds, wind_speed) VALUES
            ('Kharkiv',
            to_timestamp(1701455349),
            '2023-12-01 18:29:09',
            1.85,
            98,
            100,
            3.4);
            
[2023-12-01T20:29:23.614+0200] {base.py:73} INFO - Using connection ID 'postgres_conn' for task execution.
[2023-12-01T20:29:23.669+0200] {base.py:73} INFO - Using connection ID 'postgres_conn' for task execution.
[2023-12-01T20:29:23.682+0200] {sql.py:418} INFO - Running statement: 
            INSERT INTO measures (city, timestamp, date, temp, humidity, clouds, wind_speed) VALUES
            ('Kharkiv',
            to_timestamp(1701455349),
            '2023-12-01 18:29:09',
            1.85,
            98,
            100,
            3.4);
            , parameters: None
[2023-12-01T20:29:23.683+0200] {sql.py:427} INFO - Rows affected: 1
[2023-12-01T20:29:23.703+0200] {taskinstance.py:1400} INFO - Marking task as SUCCESS. dag_id=lviv_weather, task_id=inject_data_Kharkiv, execution_date=20231201T182909, start_date=20231201T182922, end_date=20231201T182923
[2023-12-01T20:29:23.750+0200] {local_task_job_runner.py:228} INFO - Task exited with return code 0
[2023-12-01T20:29:23.785+0200] {taskinstance.py:2778} INFO - 0 downstream tasks scheduled from follow-on schedule check
