[2023-11-29T23:35:58.146+0200] {taskinstance.py:1159} INFO - Dependencies all met for dep_context=non-requeueable deps ti=<TaskInstance: lviv_weather.create_table_sqlite manual__2023-11-29T21:35:40.335414+00:00 [queued]>
[2023-11-29T23:35:58.150+0200] {taskinstance.py:1159} INFO - Dependencies all met for dep_context=requeueable deps ti=<TaskInstance: lviv_weather.create_table_sqlite manual__2023-11-29T21:35:40.335414+00:00 [queued]>
[2023-11-29T23:35:58.150+0200] {taskinstance.py:1361} INFO - Starting attempt 1 of 1
[2023-11-29T23:35:58.163+0200] {taskinstance.py:1382} INFO - Executing <Task(SqliteOperator): create_table_sqlite> on 2023-11-29 21:35:40.335414+00:00
[2023-11-29T23:35:58.164+0200] {standard_task_runner.py:57} INFO - Started process 117647 to run task
[2023-11-29T23:35:58.167+0200] {standard_task_runner.py:84} INFO - Running: ['airflow', 'tasks', 'run', 'lviv_weather', 'create_table_sqlite', 'manual__2023-11-29T21:35:40.335414+00:00', '--job-id', '88', '--raw', '--subdir', 'DAGS_FOLDER/lviv_weather.py', '--cfg-path', '/tmp/tmp2ukv68b7']
[2023-11-29T23:35:58.168+0200] {standard_task_runner.py:85} INFO - Job 88: Subtask create_table_sqlite
[2023-11-29T23:35:58.193+0200] {task_command.py:416} INFO - Running <TaskInstance: lviv_weather.create_table_sqlite manual__2023-11-29T21:35:40.335414+00:00 [running]> on host yurabd.
[2023-11-29T23:35:58.250+0200] {taskinstance.py:1662} INFO - Exporting env vars: AIRFLOW_CTX_DAG_OWNER='airflow' AIRFLOW_CTX_DAG_ID='lviv_weather' AIRFLOW_CTX_TASK_ID='create_table_sqlite' AIRFLOW_CTX_EXECUTION_DATE='2023-11-29T21:35:40.335414+00:00' AIRFLOW_CTX_TRY_NUMBER='1' AIRFLOW_CTX_DAG_RUN_ID='manual__2023-11-29T21:35:40.335414+00:00'
[2023-11-29T23:35:58.251+0200] {sql.py:274} INFO - Executing: 
        CREATE TABLE IF NOT EXISTS measures
        (
        timestamp TIMESTAMP,
        date TEXT,
        temp FLOAT
        );
[2023-11-29T23:35:58.253+0200] {base.py:73} INFO - Using connection ID 'airflow_conn' for task execution.
[2023-11-29T23:36:00.394+0200] {base.py:73} INFO - Using connection ID 'airflow_conn' for task execution.
[2023-11-29T23:36:00.396+0200] {sql.py:418} INFO - Running statement: 
        CREATE TABLE IF NOT EXISTS measures
        (
        timestamp TIMESTAMP,
        date TEXT,
        temp FLOAT
        );, parameters: None
[2023-11-29T23:36:00.404+0200] {taskinstance.py:1400} INFO - Marking task as SUCCESS. dag_id=lviv_weather, task_id=create_table_sqlite, execution_date=20231129T213540, start_date=20231129T213558, end_date=20231129T213600
[2023-11-29T23:36:00.426+0200] {local_task_job_runner.py:228} INFO - Task exited with return code 0
[2023-11-29T23:36:00.439+0200] {taskinstance.py:2778} INFO - 1 downstream tasks scheduled from follow-on schedule check
