[2023-12-01T20:23:05.843+0200] {taskinstance.py:1159} INFO - Dependencies all met for dep_context=non-requeueable deps ti=<TaskInstance: lviv_weather.inject_data_Lviv scheduled__2023-11-30T00:00:00+00:00 [queued]>
[2023-12-01T20:23:05.854+0200] {taskinstance.py:1159} INFO - Dependencies all met for dep_context=requeueable deps ti=<TaskInstance: lviv_weather.inject_data_Lviv scheduled__2023-11-30T00:00:00+00:00 [queued]>
[2023-12-01T20:23:05.854+0200] {taskinstance.py:1361} INFO - Starting attempt 1 of 1
[2023-12-01T20:23:05.866+0200] {taskinstance.py:1382} INFO - Executing <Task(PostgresOperator): inject_data_Lviv> on 2023-11-30 00:00:00+00:00
[2023-12-01T20:23:05.869+0200] {standard_task_runner.py:57} INFO - Started process 1530 to run task
[2023-12-01T20:23:05.871+0200] {standard_task_runner.py:84} INFO - Running: ['airflow', 'tasks', 'run', 'lviv_weather', 'inject_data_Lviv', 'scheduled__2023-11-30T00:00:00+00:00', '--job-id', '252', '--raw', '--subdir', 'DAGS_FOLDER/lviv_weather.py', '--cfg-path', '/tmp/tmpyba8fpi2']
[2023-12-01T20:23:05.873+0200] {standard_task_runner.py:85} INFO - Job 252: Subtask inject_data_Lviv
[2023-12-01T20:23:05.929+0200] {task_command.py:416} INFO - Running <TaskInstance: lviv_weather.inject_data_Lviv scheduled__2023-11-30T00:00:00+00:00 [running]> on host yurabd.
[2023-12-01T20:23:06.298+0200] {taskinstance.py:1662} INFO - Exporting env vars: AIRFLOW_CTX_DAG_OWNER='airflow' AIRFLOW_CTX_DAG_ID='lviv_weather' AIRFLOW_CTX_TASK_ID='inject_data_Lviv' AIRFLOW_CTX_EXECUTION_DATE='2023-11-30T00:00:00+00:00' AIRFLOW_CTX_TRY_NUMBER='1' AIRFLOW_CTX_DAG_RUN_ID='scheduled__2023-11-30T00:00:00+00:00'
[2023-12-01T20:23:06.299+0200] {sql.py:274} INFO - Executing: 
            INSERT INTO measures (city, timestamp, date, temp, humidity, clouds, wind_speed) VALUES
            ('Lviv',
            to_timestamp(1701302400),
            '2023-11-30 00:00:00',
            -7.74,
            86,
            6,
            3.78);
            
[2023-12-01T20:23:06.312+0200] {base.py:73} INFO - Using connection ID 'postgres_conn' for task execution.
[2023-12-01T20:23:06.370+0200] {base.py:73} INFO - Using connection ID 'postgres_conn' for task execution.
[2023-12-01T20:23:06.379+0200] {sql.py:418} INFO - Running statement: 
            INSERT INTO measures (city, timestamp, date, temp, humidity, clouds, wind_speed) VALUES
            ('Lviv',
            to_timestamp(1701302400),
            '2023-11-30 00:00:00',
            -7.74,
            86,
            6,
            3.78);
            , parameters: None
[2023-12-01T20:23:06.381+0200] {sql.py:427} INFO - Rows affected: 1
[2023-12-01T20:23:06.408+0200] {taskinstance.py:1400} INFO - Marking task as SUCCESS. dag_id=lviv_weather, task_id=inject_data_Lviv, execution_date=20231130T000000, start_date=20231201T182305, end_date=20231201T182306
[2023-12-01T20:23:06.445+0200] {local_task_job_runner.py:228} INFO - Task exited with return code 0
[2023-12-01T20:23:06.479+0200] {taskinstance.py:2778} INFO - 0 downstream tasks scheduled from follow-on schedule check
