[2023-11-30T01:37:30.309+0200] {taskinstance.py:1159} INFO - Dependencies all met for dep_context=non-requeueable deps ti=<TaskInstance: lviv_weather.create_table_sqlite scheduled__2023-11-10T00:00:00+00:00 [queued]>
[2023-11-30T01:37:30.318+0200] {taskinstance.py:1159} INFO - Dependencies all met for dep_context=requeueable deps ti=<TaskInstance: lviv_weather.create_table_sqlite scheduled__2023-11-10T00:00:00+00:00 [queued]>
[2023-11-30T01:37:30.319+0200] {taskinstance.py:1361} INFO - Starting attempt 2 of 2
[2023-11-30T01:37:30.331+0200] {taskinstance.py:1382} INFO - Executing <Task(SqliteOperator): create_table_sqlite> on 2023-11-10 00:00:00+00:00
[2023-11-30T01:37:30.333+0200] {standard_task_runner.py:57} INFO - Started process 147065 to run task
[2023-11-30T01:37:30.336+0200] {standard_task_runner.py:84} INFO - Running: ['airflow', 'tasks', 'run', 'lviv_weather', 'create_table_sqlite', 'scheduled__2023-11-10T00:00:00+00:00', '--job-id', '38', '--raw', '--subdir', 'DAGS_FOLDER/lviv_weather.py', '--cfg-path', '/tmp/tmp4opzzea5']
[2023-11-30T01:37:30.338+0200] {standard_task_runner.py:85} INFO - Job 38: Subtask create_table_sqlite
[2023-11-30T01:37:30.392+0200] {task_command.py:416} INFO - Running <TaskInstance: lviv_weather.create_table_sqlite scheduled__2023-11-10T00:00:00+00:00 [running]> on host yurabd.
[2023-11-30T01:37:30.585+0200] {taskinstance.py:1662} INFO - Exporting env vars: AIRFLOW_CTX_DAG_OWNER='airflow' AIRFLOW_CTX_DAG_ID='lviv_weather' AIRFLOW_CTX_TASK_ID='create_table_sqlite' AIRFLOW_CTX_EXECUTION_DATE='2023-11-10T00:00:00+00:00' AIRFLOW_CTX_TRY_NUMBER='2' AIRFLOW_CTX_DAG_RUN_ID='scheduled__2023-11-10T00:00:00+00:00'
[2023-11-30T01:37:30.586+0200] {sql.py:274} INFO - Executing: 
        CREATE TABLE IF NOT EXISTS measures
        (
        timestamp TIMESTAMP,
        date TEXT,
        temp FLOAT
        );
[2023-11-30T01:37:30.598+0200] {base.py:73} INFO - Using connection ID 'airflow_conn' for task execution.
[2023-11-30T01:37:30.655+0200] {base.py:73} INFO - Using connection ID 'airflow_conn' for task execution.
[2023-11-30T01:37:30.658+0200] {sql.py:418} INFO - Running statement: 
        CREATE TABLE IF NOT EXISTS measures
        (
        timestamp TIMESTAMP,
        date TEXT,
        temp FLOAT
        );, parameters: None
[2023-11-30T01:37:30.674+0200] {taskinstance.py:1400} INFO - Marking task as SUCCESS. dag_id=lviv_weather, task_id=create_table_sqlite, execution_date=20231110T000000, start_date=20231129T233730, end_date=20231129T233730
[2023-11-30T01:37:30.710+0200] {local_task_job_runner.py:228} INFO - Task exited with return code 0
[2023-11-30T01:37:30.739+0200] {taskinstance.py:2778} INFO - 1 downstream tasks scheduled from follow-on schedule check
