[2023-11-29T22:35:45.886+0200] {taskinstance.py:1159} INFO - Dependencies all met for dep_context=non-requeueable deps ti=<TaskInstance: lviv_weather.create_table_sqlite manual__2023-11-29T20:35:28.594655+00:00 [queued]>
[2023-11-29T22:35:45.890+0200] {taskinstance.py:1159} INFO - Dependencies all met for dep_context=requeueable deps ti=<TaskInstance: lviv_weather.create_table_sqlite manual__2023-11-29T20:35:28.594655+00:00 [queued]>
[2023-11-29T22:35:45.891+0200] {taskinstance.py:1361} INFO - Starting attempt 1 of 1
[2023-11-29T22:35:45.906+0200] {taskinstance.py:1382} INFO - Executing <Task(SqliteOperator): create_table_sqlite> on 2023-11-29 20:35:28.594655+00:00
[2023-11-29T22:35:45.908+0200] {standard_task_runner.py:57} INFO - Started process 106528 to run task
[2023-11-29T22:35:45.911+0200] {standard_task_runner.py:84} INFO - Running: ['airflow', 'tasks', 'run', 'lviv_weather', 'create_table_sqlite', 'manual__2023-11-29T20:35:28.594655+00:00', '--job-id', '48', '--raw', '--subdir', 'DAGS_FOLDER/lviv_weather.py', '--cfg-path', '/tmp/tmp0t3lzvxi']
[2023-11-29T22:35:45.913+0200] {standard_task_runner.py:85} INFO - Job 48: Subtask create_table_sqlite
[2023-11-29T22:35:45.954+0200] {task_command.py:416} INFO - Running <TaskInstance: lviv_weather.create_table_sqlite manual__2023-11-29T20:35:28.594655+00:00 [running]> on host yurabd.
[2023-11-29T22:35:46.018+0200] {taskinstance.py:1662} INFO - Exporting env vars: AIRFLOW_CTX_DAG_OWNER='airflow' AIRFLOW_CTX_DAG_ID='lviv_weather' AIRFLOW_CTX_TASK_ID='create_table_sqlite' AIRFLOW_CTX_EXECUTION_DATE='2023-11-29T20:35:28.594655+00:00' AIRFLOW_CTX_TRY_NUMBER='1' AIRFLOW_CTX_DAG_RUN_ID='manual__2023-11-29T20:35:28.594655+00:00'
[2023-11-29T22:35:46.018+0200] {sql.py:274} INFO - Executing: 
        CREATE TABLE IF NOT EXISTS measures
        (
        timestamp TIMESTAMP,
        date TEXT,
        temp FLOAT
        );
[2023-11-29T22:35:46.021+0200] {base.py:73} INFO - Using connection ID 'airflow_conn' for task execution.
[2023-11-29T22:35:48.265+0200] {base.py:73} INFO - Using connection ID 'airflow_conn' for task execution.
[2023-11-29T22:35:48.269+0200] {sql.py:418} INFO - Running statement: 
        CREATE TABLE IF NOT EXISTS measures
        (
        timestamp TIMESTAMP,
        date TEXT,
        temp FLOAT
        );, parameters: None
[2023-11-29T22:35:48.277+0200] {taskinstance.py:1400} INFO - Marking task as SUCCESS. dag_id=lviv_weather, task_id=create_table_sqlite, execution_date=20231129T203528, start_date=20231129T203545, end_date=20231129T203548
[2023-11-29T22:35:48.332+0200] {local_task_job_runner.py:228} INFO - Task exited with return code 0
[2023-11-29T22:35:48.345+0200] {taskinstance.py:2778} INFO - 1 downstream tasks scheduled from follow-on schedule check
