[2023-11-29T23:49:50.618+0200] {taskinstance.py:1159} INFO - Dependencies all met for dep_context=non-requeueable deps ti=<TaskInstance: lviv_weather.create_table_sqlite manual__2023-11-29T21:49:30.944511+00:00 [queued]>
[2023-11-29T23:49:50.624+0200] {taskinstance.py:1159} INFO - Dependencies all met for dep_context=requeueable deps ti=<TaskInstance: lviv_weather.create_table_sqlite manual__2023-11-29T21:49:30.944511+00:00 [queued]>
[2023-11-29T23:49:50.625+0200] {taskinstance.py:1361} INFO - Starting attempt 1 of 1
[2023-11-29T23:49:50.642+0200] {taskinstance.py:1382} INFO - Executing <Task(SqliteOperator): create_table_sqlite> on 2023-11-29 21:49:30.944511+00:00
[2023-11-29T23:49:50.645+0200] {standard_task_runner.py:57} INFO - Started process 120169 to run task
[2023-11-29T23:49:50.660+0200] {standard_task_runner.py:84} INFO - Running: ['airflow', 'tasks', 'run', 'lviv_weather', 'create_table_sqlite', 'manual__2023-11-29T21:49:30.944511+00:00', '--job-id', '93', '--raw', '--subdir', 'DAGS_FOLDER/lviv_weather.py', '--cfg-path', '/tmp/tmppx68mg87']
[2023-11-29T23:49:50.664+0200] {standard_task_runner.py:85} INFO - Job 93: Subtask create_table_sqlite
[2023-11-29T23:49:50.695+0200] {task_command.py:416} INFO - Running <TaskInstance: lviv_weather.create_table_sqlite manual__2023-11-29T21:49:30.944511+00:00 [running]> on host yurabd.
[2023-11-29T23:49:50.755+0200] {taskinstance.py:1662} INFO - Exporting env vars: AIRFLOW_CTX_DAG_OWNER='airflow' AIRFLOW_CTX_DAG_ID='lviv_weather' AIRFLOW_CTX_TASK_ID='create_table_sqlite' AIRFLOW_CTX_EXECUTION_DATE='2023-11-29T21:49:30.944511+00:00' AIRFLOW_CTX_TRY_NUMBER='1' AIRFLOW_CTX_DAG_RUN_ID='manual__2023-11-29T21:49:30.944511+00:00'
[2023-11-29T23:49:50.755+0200] {sql.py:274} INFO - Executing: 
        CREATE TABLE IF NOT EXISTS measures
        (
        timestamp TIMESTAMP,
        date TEXT,
        temp FLOAT
        );
[2023-11-29T23:49:50.758+0200] {base.py:73} INFO - Using connection ID 'airflow_conn' for task execution.
[2023-11-29T23:49:53.189+0200] {base.py:73} INFO - Using connection ID 'airflow_conn' for task execution.
[2023-11-29T23:49:53.191+0200] {sql.py:418} INFO - Running statement: 
        CREATE TABLE IF NOT EXISTS measures
        (
        timestamp TIMESTAMP,
        date TEXT,
        temp FLOAT
        );, parameters: None
[2023-11-29T23:49:53.197+0200] {taskinstance.py:1400} INFO - Marking task as SUCCESS. dag_id=lviv_weather, task_id=create_table_sqlite, execution_date=20231129T214930, start_date=20231129T214950, end_date=20231129T214953
[2023-11-29T23:49:53.244+0200] {local_task_job_runner.py:228} INFO - Task exited with return code 0
[2023-11-29T23:49:53.257+0200] {taskinstance.py:2778} INFO - 1 downstream tasks scheduled from follow-on schedule check
