[2023-12-01T20:30:25.399+0200] {taskinstance.py:1159} INFO - Dependencies all met for dep_context=non-requeueable deps ti=<TaskInstance: lviv_weather.inject_data_Lviv scheduled__2023-11-11T00:00:00+00:00 [queued]>
[2023-12-01T20:30:25.408+0200] {taskinstance.py:1159} INFO - Dependencies all met for dep_context=requeueable deps ti=<TaskInstance: lviv_weather.inject_data_Lviv scheduled__2023-11-11T00:00:00+00:00 [queued]>
[2023-12-01T20:30:25.408+0200] {taskinstance.py:1361} INFO - Starting attempt 1 of 1
[2023-12-01T20:30:25.420+0200] {taskinstance.py:1382} INFO - Executing <Task(PostgresOperator): inject_data_Lviv> on 2023-11-11 00:00:00+00:00
[2023-12-01T20:30:25.422+0200] {standard_task_runner.py:57} INFO - Started process 2562 to run task
[2023-12-01T20:30:25.425+0200] {standard_task_runner.py:84} INFO - Running: ['airflow', 'tasks', 'run', 'lviv_weather', 'inject_data_Lviv', 'scheduled__2023-11-11T00:00:00+00:00', '--job-id', '287', '--raw', '--subdir', 'DAGS_FOLDER/lviv_weather.py', '--cfg-path', '/tmp/tmpufospiv4']
[2023-12-01T20:30:25.427+0200] {standard_task_runner.py:85} INFO - Job 287: Subtask inject_data_Lviv
[2023-12-01T20:30:25.497+0200] {task_command.py:416} INFO - Running <TaskInstance: lviv_weather.inject_data_Lviv scheduled__2023-11-11T00:00:00+00:00 [running]> on host yurabd.
[2023-12-01T20:30:25.818+0200] {taskinstance.py:1662} INFO - Exporting env vars: AIRFLOW_CTX_DAG_OWNER='airflow' AIRFLOW_CTX_DAG_ID='lviv_weather' AIRFLOW_CTX_TASK_ID='inject_data_Lviv' AIRFLOW_CTX_EXECUTION_DATE='2023-11-11T00:00:00+00:00' AIRFLOW_CTX_TRY_NUMBER='1' AIRFLOW_CTX_DAG_RUN_ID='scheduled__2023-11-11T00:00:00+00:00'
[2023-12-01T20:30:25.818+0200] {sql.py:274} INFO - Executing: 
            INSERT INTO measures (city, timestamp, date, temp, humidity, clouds, wind_speed) VALUES
            ('Lviv',
            to_timestamp(1699660800),
            '2023-11-11 00:00:00',
            5.71,
            77,
            100,
            2.69);
            
[2023-12-01T20:30:25.831+0200] {base.py:73} INFO - Using connection ID 'postgres_conn' for task execution.
[2023-12-01T20:30:25.890+0200] {base.py:73} INFO - Using connection ID 'postgres_conn' for task execution.
[2023-12-01T20:30:25.899+0200] {sql.py:418} INFO - Running statement: 
            INSERT INTO measures (city, timestamp, date, temp, humidity, clouds, wind_speed) VALUES
            ('Lviv',
            to_timestamp(1699660800),
            '2023-11-11 00:00:00',
            5.71,
            77,
            100,
            2.69);
            , parameters: None
[2023-12-01T20:30:25.900+0200] {sql.py:427} INFO - Rows affected: 1
[2023-12-01T20:30:25.916+0200] {taskinstance.py:1400} INFO - Marking task as SUCCESS. dag_id=lviv_weather, task_id=inject_data_Lviv, execution_date=20231111T000000, start_date=20231201T183025, end_date=20231201T183025
[2023-12-01T20:30:25.959+0200] {local_task_job_runner.py:228} INFO - Task exited with return code 0
[2023-12-01T20:30:25.980+0200] {taskinstance.py:2778} INFO - 0 downstream tasks scheduled from follow-on schedule check
