[2023-12-01T20:23:05.305+0200] {taskinstance.py:1159} INFO - Dependencies all met for dep_context=non-requeueable deps ti=<TaskInstance: lviv_weather.inject_data_Zhmerynka scheduled__2023-11-30T00:00:00+00:00 [queued]>
[2023-12-01T20:23:05.322+0200] {taskinstance.py:1159} INFO - Dependencies all met for dep_context=requeueable deps ti=<TaskInstance: lviv_weather.inject_data_Zhmerynka scheduled__2023-11-30T00:00:00+00:00 [queued]>
[2023-12-01T20:23:05.322+0200] {taskinstance.py:1361} INFO - Starting attempt 1 of 1
[2023-12-01T20:23:05.348+0200] {taskinstance.py:1382} INFO - Executing <Task(PostgresOperator): inject_data_Zhmerynka> on 2023-11-30 00:00:00+00:00
[2023-12-01T20:23:05.353+0200] {standard_task_runner.py:57} INFO - Started process 1504 to run task
[2023-12-01T20:23:05.359+0200] {standard_task_runner.py:84} INFO - Running: ['airflow', 'tasks', 'run', 'lviv_weather', 'inject_data_Zhmerynka', 'scheduled__2023-11-30T00:00:00+00:00', '--job-id', '251', '--raw', '--subdir', 'DAGS_FOLDER/lviv_weather.py', '--cfg-path', '/tmp/tmp75ylk1l6']
[2023-12-01T20:23:05.361+0200] {standard_task_runner.py:85} INFO - Job 251: Subtask inject_data_Zhmerynka
[2023-12-01T20:23:05.466+0200] {task_command.py:416} INFO - Running <TaskInstance: lviv_weather.inject_data_Zhmerynka scheduled__2023-11-30T00:00:00+00:00 [running]> on host yurabd.
[2023-12-01T20:23:05.930+0200] {taskinstance.py:1662} INFO - Exporting env vars: AIRFLOW_CTX_DAG_OWNER='airflow' AIRFLOW_CTX_DAG_ID='lviv_weather' AIRFLOW_CTX_TASK_ID='inject_data_Zhmerynka' AIRFLOW_CTX_EXECUTION_DATE='2023-11-30T00:00:00+00:00' AIRFLOW_CTX_TRY_NUMBER='1' AIRFLOW_CTX_DAG_RUN_ID='scheduled__2023-11-30T00:00:00+00:00'
[2023-12-01T20:23:05.931+0200] {sql.py:274} INFO - Executing: 
            INSERT INTO measures (city, timestamp, date, temp, humidity, clouds, wind_speed) VALUES
            ('Zhmerynka',
            to_timestamp(1701302400),
            '2023-11-30 00:00:00',
            -5.8,
            90,
            9,
            4.18);
            
[2023-12-01T20:23:05.946+0200] {base.py:73} INFO - Using connection ID 'postgres_conn' for task execution.
[2023-12-01T20:23:05.994+0200] {base.py:73} INFO - Using connection ID 'postgres_conn' for task execution.
[2023-12-01T20:23:06.005+0200] {sql.py:418} INFO - Running statement: 
            INSERT INTO measures (city, timestamp, date, temp, humidity, clouds, wind_speed) VALUES
            ('Zhmerynka',
            to_timestamp(1701302400),
            '2023-11-30 00:00:00',
            -5.8,
            90,
            9,
            4.18);
            , parameters: None
[2023-12-01T20:23:06.006+0200] {sql.py:427} INFO - Rows affected: 1
[2023-12-01T20:23:06.021+0200] {taskinstance.py:1400} INFO - Marking task as SUCCESS. dag_id=lviv_weather, task_id=inject_data_Zhmerynka, execution_date=20231130T000000, start_date=20231201T182305, end_date=20231201T182306
[2023-12-01T20:23:06.052+0200] {local_task_job_runner.py:228} INFO - Task exited with return code 0
[2023-12-01T20:23:06.085+0200] {taskinstance.py:2778} INFO - 0 downstream tasks scheduled from follow-on schedule check
